###############################################################
#  Generated by:      Cadence Innovus 15.23-s045_1
#  OS:                Linux x86_64(Host ID ieng6-ece-01.ucsd.edu)
#  Generated on:      Sat Mar 22 09:31:29 2025
#  Design:            core
#  Command:           verifyConnectivity
###############################################################
Verify Connectivity Report is created on Sat Mar 22 09:31:29 2025



Net VDD: has special routes with opens at (10.000, 393.205) (1110.000, 1069.205)
Net VDD: has special routes with opens at (10.000, 1085.630) (1110.000, 1087.160)
Net VDD: has special routes with opens at (10.000, 1089.240) (1110.000, 1090.760)
Net VDD: has special routes with opens at (10.000, 1092.840) (1110.000, 1094.360)
Net VDD: has special routes with opens at (10.000, 1096.440) (1110.000, 1097.960)
Net VDD: has special routes with opens at (10.000, 1100.040) (1110.000, 1101.560)
Net VDD: has special routes with opens at (10.000, 1103.640) (1110.000, 1105.160)
Net VDD: has special routes with opens at (10.000, 1107.240) (1110.000, 1108.760)
Net VDD: has special routes with opens at (10.000, 1071.240) (1110.000, 1072.780)
Net VDD: has special routes with opens at (10.000, 1074.820) (1110.000, 1076.360)
Net VDD: has special routes with opens at (10.000, 1078.440) (1110.000, 1079.960)
Net VDD: has special routes with opens at (10.000, 1082.040) (1110.000, 1083.560)
Net VDD: has special routes with opens at (10.000, 387.220) (1110.000, 388.780)
Net VDD: has special routes with opens at (10.000, 390.820) (1110.000, 392.380)
Net VDD: has special routes with opens at (10.000, 351.200) (1110.000, 352.780)
Net VDD: has special routes with opens at (10.000, 354.820) (1110.000, 356.380)
Net VDD: has special routes with opens at (10.000, 358.420) (1110.000, 359.980)
Net VDD: has special routes with opens at (10.000, 362.020) (1110.000, 363.580)
Net VDD: has special routes with opens at (10.000, 365.620) (1110.000, 367.180)
Net VDD: has special routes with opens at (10.000, 369.220) (1110.000, 370.780)
Net VDD: has special routes with opens at (10.000, 372.800) (1110.000, 374.380)
Net VDD: has special routes with opens at (10.000, 376.400) (1110.000, 377.980)
Net VDD: has special routes with opens at (10.000, 380.020) (1110.000, 381.580)
Net VDD: has special routes with opens at (10.000, 383.600) (1110.000, 385.180)
Net VDD: has special routes with opens at (10.000, 333.220) (1110.000, 334.780)
Net VDD: has special routes with opens at (10.000, 336.820) (1110.000, 338.380)
Net VDD: has special routes with opens at (10.000, 340.420) (1110.000, 341.980)
Net VDD: has special routes with opens at (10.000, 344.020) (1110.000, 345.580)
Net VDD: has special routes with opens at (10.000, 347.620) (1110.000, 349.180)
Net VDD: has special routes with opens at (10.000, 329.620) (1110.000, 331.200)
Net VDD: has special routes with opens at (10.000, 326.020) (1110.000, 327.580)
Net VDD: has special routes with opens at (10.000, 322.400) (1110.000, 323.980)
Net VDD: has special routes with opens at (10.000, 318.820) (1110.000, 320.380)
Net VDD: has special routes with opens at (10.000, 315.220) (1110.000, 316.780)
Net VDD: has special routes with opens at (10.000, 311.620) (1110.000, 313.180)
Net VDD: has special routes with opens at (10.000, 308.020) (1110.000, 309.580)
Net VDD: has special routes with opens at (10.000, 304.420) (1110.000, 305.980)
Net VDD: has special routes with opens at (10.000, 300.820) (1110.000, 302.380)
Net VDD: has special routes with opens at (10.000, 297.220) (1110.000, 298.780)
Net VDD: has special routes with opens at (10.000, 293.620) (1110.000, 295.200)
Net VDD: has special routes with opens at (10.000, 290.020) (1110.000, 291.580)
Net VDD: has special routes with opens at (10.000, 286.420) (1110.000, 287.980)
Net VDD: has special routes with opens at (10.000, 282.820) (1110.000, 284.380)
Net VDD: has special routes with opens at (10.000, 246.820) (1110.000, 248.380)
Net VDD: has special routes with opens at (10.000, 275.620) (1110.000, 277.200)
Net VDD: has special routes with opens at (10.000, 272.020) (1110.000, 273.580)
Net VDD: has special routes with opens at (10.000, 268.420) (1110.000, 269.980)
Net VDD: has special routes with opens at (10.000, 264.820) (1110.000, 266.380)
Net VDD: has special routes with opens at (10.000, 261.220) (1110.000, 262.780)
Net VDD: has special routes with opens at (10.000, 257.620) (1110.000, 259.180)
Net VDD: has special routes with opens at (10.000, 254.020) (1110.000, 255.580)
Net VDD: has special routes with opens at (10.000, 250.420) (1110.000, 251.980)
Net VDD: has special routes with opens at (10.000, 210.820) (1110.000, 212.380)
Net VDD: has special routes with opens at (10.000, 214.420) (1110.000, 215.980)
Net VDD: has special routes with opens at (10.000, 218.020) (1110.000, 219.580)
Net VDD: has special routes with opens at (10.000, 221.620) (1110.000, 223.180)
Net VDD: has special routes with opens at (10.000, 225.220) (1110.000, 226.780)
Net VDD: has special routes with opens at (10.000, 228.820) (1110.000, 230.380)
Net VDD: has special routes with opens at (10.000, 232.420) (1110.000, 233.980)
Net VDD: has special routes with opens at (10.000, 236.020) (1110.000, 237.580)
Net VDD: has special routes with opens at (10.000, 239.620) (1110.000, 241.180)
Net VDD: has special routes with opens at (10.000, 243.220) (1110.000, 244.780)
Net VDD: has special routes with opens at (10.000, 207.220) (1110.000, 208.780)
Net VDD: has special routes with opens at (10.000, 203.620) (1110.000, 205.180)
Net VDD: has special routes with opens at (10.000, 200.020) (1110.000, 201.580)
Net VDD: has special routes with opens at (10.000, 196.420) (1110.000, 197.980)
Net VDD: has special routes with opens at (10.000, 192.820) (1110.000, 194.380)
Net VDD: has special routes with opens at (10.000, 189.220) (1110.000, 190.780)
Net VDD: has special routes with opens at (10.000, 185.620) (1110.000, 187.180)
Net VDD: has special routes with opens at (10.000, 182.020) (1110.000, 183.580)
Net VDD: has special routes with opens at (10.000, 178.400) (1110.000, 179.980)
Net VDD: has special routes with opens at (10.000, 174.820) (1110.000, 176.380)
Net VDD: has special routes with opens at (10.000, 171.220) (1110.000, 172.780)
Net VDD: has special routes with opens at (10.000, 167.620) (1110.000, 169.180)
Net VDD: has special routes with opens at (10.000, 164.020) (1110.000, 165.580)
Net VDD: has special routes with opens at (10.000, 160.420) (1110.000, 161.980)
Net VDD: has special routes with opens at (10.000, 156.820) (1110.000, 158.380)
Net VDD: has special routes with opens at (10.000, 153.200) (1110.000, 154.800)
Net VDD: has special routes with opens at (10.000, 149.620) (1110.000, 151.180)
Net VDD: has special routes with opens at (10.000, 146.020) (1110.000, 147.580)
Net VDD: has special routes with opens at (10.000, 142.420) (1110.000, 143.980)
Net VDD: has special routes with opens at (10.000, 106.420) (1110.000, 107.980)
Net VDD: has special routes with opens at (10.000, 110.020) (1110.000, 111.580)
Net VDD: has special routes with opens at (10.000, 113.620) (1110.000, 115.180)
Net VDD: has special routes with opens at (10.000, 117.220) (1110.000, 118.780)
Net VDD: has special routes with opens at (10.000, 120.820) (1110.000, 122.380)
Net VDD: has special routes with opens at (10.000, 124.420) (1110.000, 125.980)
Net VDD: has special routes with opens at (10.000, 128.020) (1110.000, 129.580)
Net VDD: has special routes with opens at (10.000, 131.620) (1110.000, 133.180)
Net VDD: has special routes with opens at (10.000, 135.220) (1110.000, 136.780)
Net VDD: has special routes with opens at (10.000, 138.820) (1110.000, 140.380)
Net VDD: has special routes with opens at (10.000, 74.020) (1110.000, 75.580)
Net VDD: has special routes with opens at (10.000, 77.620) (1110.000, 79.180)
Net VDD: has special routes with opens at (10.000, 81.220) (1110.000, 82.780)
Net VDD: has special routes with opens at (10.000, 84.820) (1110.000, 86.380)
Net VDD: has special routes with opens at (10.000, 88.420) (1110.000, 89.980)
Net VDD: has special routes with opens at (10.000, 92.020) (1110.000, 93.580)
Net VDD: has special routes with opens at (10.000, 95.620) (1110.000, 97.180)
Net VDD: has special routes with opens at (10.000, 99.220) (1110.000, 100.780)
Net VDD: has special routes with opens at (10.000, 102.820) (1110.000, 104.380)
Net VDD: has special routes with opens at (10.000, 70.420) (1110.000, 71.980)
Net VDD: has special routes with opens at (10.000, 66.820) (1110.000, 68.400)
Net VDD: has special routes with opens at (10.000, 63.220) (1110.000, 64.780)
Net VDD: has special routes with opens at (10.000, 59.620) (1110.000, 61.180)
Net VDD: has special routes with opens at (10.000, 56.020) (1110.000, 57.580)
Net VDD: has special routes with opens at (10.000, 52.420) (1110.000, 53.980)
Net VDD: has special routes with opens at (10.000, 48.820) (1110.000, 50.380)
Net VDD: has special routes with opens at (10.000, 45.220) (1110.000, 46.780)
Net VDD: has special routes with opens at (10.000, 41.600) (1110.000, 43.180)
Net VDD: has special routes with opens at (10.000, 38.020) (1110.000, 39.580)
Net VDD: has special routes with opens at (10.000, 34.420) (1110.000, 35.980)
Net VDD: has special routes with opens at (10.000, 30.820) (1110.000, 32.380)
Net VDD: has special routes with opens at (10.000, 27.220) (1110.000, 28.780)
Net VDD: has special routes with opens at (10.000, 23.620) (1110.000, 25.180)
Net VDD: has special routes with opens at (10.000, 20.020) (1110.000, 21.580)
Net VDD: has special routes with opens at (10.000, 16.420) (1110.000, 17.980)
Net VDD: has special routes with opens at (10.000, 12.820) (1110.000, 14.380)
Net VDD: has special routes with opens at (10.000, 9.835) (1110.000, 10.780)
Net VDD: has special routes with opens at (10.000, 279.200) (1110.000, 280.780)
Net VDD: has special routes with opens at (10.000, 1102.920) (1110.000, 1104.920)
Net VDD: has special routes with opens at (10.000, 1090.640) (1110.000, 1092.640)
Net VDD: has special routes with opens at (10.000, 1078.360) (1110.000, 1080.360)
Net VDD: has special routes with opens at (10.000, 390.680) (1110.000, 392.680)
Net VDD: has special routes with opens at (10.000, 353.840) (1110.000, 355.840)
Net VDD: has special routes with opens at (10.000, 366.120) (1110.000, 368.120)
Net VDD: has special routes with opens at (10.000, 378.400) (1110.000, 380.400)
Net VDD: has special routes with opens at (10.000, 317.000) (1110.000, 319.000)
Net VDD: has special routes with opens at (10.000, 341.560) (1110.000, 343.560)
Net VDD: has special routes with opens at (10.000, 329.280) (1110.000, 331.280)
Net VDD: has special routes with opens at (10.000, 280.160) (1110.000, 282.160)
Net VDD: has special routes with opens at (10.000, 292.440) (1110.000, 294.440)
Net VDD: has special routes with opens at (10.000, 304.720) (1110.000, 306.720)
Net VDD: has special routes with opens at (10.000, 267.880) (1110.000, 269.880)
Net VDD: has special routes with opens at (10.000, 255.600) (1110.000, 257.600)
Net VDD: has special routes with opens at (10.000, 231.040) (1110.000, 233.040)
Net VDD: has special routes with opens at (10.000, 218.760) (1110.000, 220.760)
Net VDD: has special routes with opens at (10.000, 243.320) (1110.000, 245.320)
Net VDD: has special routes with opens at (10.000, 206.480) (1110.000, 208.480)
Net VDD: has special routes with opens at (10.000, 194.200) (1110.000, 196.200)
Net VDD: has special routes with opens at (10.000, 181.920) (1110.000, 183.920)
Net VDD: has special routes with opens at (10.000, 169.640) (1110.000, 171.640)
Net VDD: has special routes with opens at (10.000, 157.360) (1110.000, 159.360)
Net VDD: has special routes with opens at (10.000, 145.080) (1110.000, 147.080)
Net VDD: has special routes with opens at (10.000, 132.800) (1110.000, 134.800)
Net VDD: has special routes with opens at (10.000, 120.520) (1110.000, 122.520)
Net VDD: has special routes with opens at (10.000, 108.240) (1110.000, 110.240)
Net VDD: has special routes with opens at (10.000, 95.960) (1110.000, 97.960)
Net VDD: has special routes with opens at (10.000, 83.680) (1110.000, 85.680)
Net VDD: has special routes with opens at (10.000, 71.400) (1110.000, 73.400)
Net VDD: has special routes with opens at (10.000, 59.120) (1110.000, 61.120)
Net VDD: has special routes with opens at (10.000, 46.840) (1110.000, 48.840)
Net VDD: has special routes with opens at (10.000, 22.280) (1110.000, 24.280)
Net VDD: has special routes with opens at (10.000, 10.000) (1110.000, 12.000)
Net VDD: has special routes with opens at (10.000, 34.560) (1110.000, 36.560)
Net VDD: dangling Wire at (1110.000, 1050.400) (1110.000, 1050.400) on layer: M1
Net VDD: dangling Wire at (1110.000, 1054.000) (1110.000, 1054.000) on layer: M1
Net VDD: dangling Wire at (1110.000, 1057.600) (1110.000, 1057.600) on layer: M1
Net VDD: dangling Wire at (1110.000, 1061.200) (1110.000, 1061.200) on layer: M1
Net VDD: dangling Wire at (1110.000, 1064.800) (1110.000, 1064.800) on layer: M1
Net VDD: dangling Wire at (1110.000, 1068.400) (1110.000, 1068.400) on layer: M1
Net VDD: dangling Wire at (1110.000, 1018.000) (1110.000, 1018.000) on layer: M1
Net VDD: dangling Wire at (1110.000, 1021.600) (1110.000, 1021.600) on layer: M1
Net VDD: dangling Wire at (1110.000, 1025.200) (1110.000, 1025.200) on layer: M1
Net VDD: dangling Wire at (1110.000, 1028.800) (1110.000, 1028.800) on layer: M1
Net VDD: dangling Wire at (1110.000, 1032.400) (1110.000, 1032.400) on layer: M1
Net VDD: dangling Wire at (1110.000, 1036.000) (1110.000, 1036.000) on layer: M1
Net VDD: dangling Wire at (1110.000, 1039.600) (1110.000, 1039.600) on layer: M1
Net VDD: dangling Wire at (1110.000, 1043.200) (1110.000, 1043.200) on layer: M1
Net VDD: dangling Wire at (1110.000, 1046.800) (1110.000, 1046.800) on layer: M1
Net VDD: dangling Wire at (1110.000, 982.000) (1110.000, 982.000) on layer: M1
Net VDD: dangling Wire at (1110.000, 985.600) (1110.000, 985.600) on layer: M1
Net VDD: dangling Wire at (1110.000, 989.200) (1110.000, 989.200) on layer: M1
Net VDD: dangling Wire at (1110.000, 992.800) (1110.000, 992.800) on layer: M1
Net VDD: dangling Wire at (1110.000, 996.400) (1110.000, 996.400) on layer: M1
Net VDD: dangling Wire at (1110.000, 1000.000) (1110.000, 1000.000) on layer: M1
Net VDD: dangling Wire at (1110.000, 1003.600) (1110.000, 1003.600) on layer: M1
Net VDD: dangling Wire at (1110.000, 1007.200) (1110.000, 1007.200) on layer: M1
Net VDD: dangling Wire at (1110.000, 1010.800) (1110.000, 1010.800) on layer: M1
Net VDD: dangling Wire at (1110.000, 1014.400) (1110.000, 1014.400) on layer: M1
Net VDD: dangling Wire at (1110.000, 946.000) (1110.000, 946.000) on layer: M1
Net VDD: dangling Wire at (1110.000, 949.600) (1110.000, 949.600) on layer: M1
Net VDD: dangling Wire at (1110.000, 953.200) (1110.000, 953.200) on layer: M1
Net VDD: dangling Wire at (1110.000, 956.800) (1110.000, 956.800) on layer: M1
Net VDD: dangling Wire at (1110.000, 960.400) (1110.000, 960.400) on layer: M1
Net VDD: dangling Wire at (1110.000, 964.000) (1110.000, 964.000) on layer: M1
Net VDD: dangling Wire at (1110.000, 967.600) (1110.000, 967.600) on layer: M1
Net VDD: dangling Wire at (1110.000, 971.200) (1110.000, 971.200) on layer: M1
Net VDD: dangling Wire at (1110.000, 974.800) (1110.000, 974.800) on layer: M1
Net VDD: dangling Wire at (1110.000, 978.400) (1110.000, 978.400) on layer: M1
Net VDD: dangling Wire at (1110.000, 913.600) (1110.000, 913.600) on layer: M1
Net VDD: dangling Wire at (1110.000, 917.200) (1110.000, 917.200) on layer: M1
Net VDD: dangling Wire at (1110.000, 920.800) (1110.000, 920.800) on layer: M1
Net VDD: dangling Wire at (1110.000, 924.400) (1110.000, 924.400) on layer: M1
Net VDD: dangling Wire at (1110.000, 928.000) (1110.000, 928.000) on layer: M1
Net VDD: dangling Wire at (1110.000, 931.600) (1110.000, 931.600) on layer: M1
Net VDD: dangling Wire at (1110.000, 935.200) (1110.000, 935.200) on layer: M1
Net VDD: dangling Wire at (1110.000, 938.800) (1110.000, 938.800) on layer: M1
Net VDD: dangling Wire at (1110.000, 942.400) (1110.000, 942.400) on layer: M1
Net VDD: dangling Wire at (1110.000, 877.600) (1110.000, 877.600) on layer: M1
Net VDD: dangling Wire at (1110.000, 881.200) (1110.000, 881.200) on layer: M1
Net VDD: dangling Wire at (1110.000, 884.800) (1110.000, 884.800) on layer: M1
Net VDD: dangling Wire at (1110.000, 888.400) (1110.000, 888.400) on layer: M1
Net VDD: dangling Wire at (1110.000, 892.000) (1110.000, 892.000) on layer: M1
Net VDD: dangling Wire at (1110.000, 895.600) (1110.000, 895.600) on layer: M1
Net VDD: dangling Wire at (1110.000, 899.200) (1110.000, 899.200) on layer: M1
Net VDD: dangling Wire at (1110.000, 902.800) (1110.000, 902.800) on layer: M1
Net VDD: dangling Wire at (1110.000, 906.400) (1110.000, 906.400) on layer: M1
Net VDD: dangling Wire at (1110.000, 841.600) (1110.000, 841.600) on layer: M1
Net VDD: dangling Wire at (1110.000, 845.200) (1110.000, 845.200) on layer: M1
Net VDD: dangling Wire at (1110.000, 848.800) (1110.000, 848.800) on layer: M1
Net VDD: dangling Wire at (1110.000, 852.400) (1110.000, 852.400) on layer: M1
Net VDD: dangling Wire at (1110.000, 856.000) (1110.000, 856.000) on layer: M1
Net VDD: dangling Wire at (1110.000, 859.600) (1110.000, 859.600) on layer: M1
Net VDD: dangling Wire at (1110.000, 863.200) (1110.000, 863.200) on layer: M1
Net VDD: dangling Wire at (1110.000, 866.800) (1110.000, 866.800) on layer: M1
Net VDD: dangling Wire at (1110.000, 870.400) (1110.000, 870.400) on layer: M1
Net VDD: dangling Wire at (1110.000, 874.000) (1110.000, 874.000) on layer: M1
Net VDD: dangling Wire at (1110.000, 910.000) (1110.000, 910.000) on layer: M1
Net VDD: dangling Wire at (1110.000, 805.600) (1110.000, 805.600) on layer: M1
Net VDD: dangling Wire at (1110.000, 809.200) (1110.000, 809.200) on layer: M1
Net VDD: dangling Wire at (1110.000, 812.800) (1110.000, 812.800) on layer: M1
Net VDD: dangling Wire at (1110.000, 816.400) (1110.000, 816.400) on layer: M1
Net VDD: dangling Wire at (1110.000, 820.000) (1110.000, 820.000) on layer: M1
Net VDD: dangling Wire at (1110.000, 823.600) (1110.000, 823.600) on layer: M1
Net VDD: dangling Wire at (1110.000, 827.200) (1110.000, 827.200) on layer: M1
Net VDD: dangling Wire at (1110.000, 830.800) (1110.000, 830.800) on layer: M1
Net VDD: dangling Wire at (1110.000, 834.400) (1110.000, 834.400) on layer: M1
Net VDD: dangling Wire at (1110.000, 838.000) (1110.000, 838.000) on layer: M1
Net VDD: dangling Wire at (1110.000, 773.200) (1110.000, 773.200) on layer: M1
Net VDD: dangling Wire at (1110.000, 776.800) (1110.000, 776.800) on layer: M1
Net VDD: dangling Wire at (1110.000, 780.400) (1110.000, 780.400) on layer: M1
Net VDD: dangling Wire at (1110.000, 784.000) (1110.000, 784.000) on layer: M1
Net VDD: dangling Wire at (1110.000, 787.600) (1110.000, 787.600) on layer: M1
Net VDD: dangling Wire at (1110.000, 791.200) (1110.000, 791.200) on layer: M1
Net VDD: dangling Wire at (1110.000, 794.800) (1110.000, 794.800) on layer: M1
Net VDD: dangling Wire at (1110.000, 798.400) (1110.000, 798.400) on layer: M1
Net VDD: dangling Wire at (1110.000, 802.000) (1110.000, 802.000) on layer: M1
Net VDD: dangling Wire at (1110.000, 737.200) (1110.000, 737.200) on layer: M1
Net VDD: dangling Wire at (1110.000, 740.800) (1110.000, 740.800) on layer: M1
Net VDD: dangling Wire at (1110.000, 744.400) (1110.000, 744.400) on layer: M1
Net VDD: dangling Wire at (1110.000, 748.000) (1110.000, 748.000) on layer: M1
Net VDD: dangling Wire at (1110.000, 751.600) (1110.000, 751.600) on layer: M1
Net VDD: dangling Wire at (1110.000, 755.200) (1110.000, 755.200) on layer: M1
Net VDD: dangling Wire at (1110.000, 758.800) (1110.000, 758.800) on layer: M1
Net VDD: dangling Wire at (1110.000, 762.400) (1110.000, 762.400) on layer: M1
Net VDD: dangling Wire at (1110.000, 766.000) (1110.000, 766.000) on layer: M1
Net VDD: dangling Wire at (1110.000, 769.600) (1110.000, 769.600) on layer: M1
Net VDD: dangling Wire at (1110.000, 701.200) (1110.000, 701.200) on layer: M1
Net VDD: dangling Wire at (1110.000, 704.800) (1110.000, 704.800) on layer: M1
Net VDD: dangling Wire at (1110.000, 708.400) (1110.000, 708.400) on layer: M1
Net VDD: dangling Wire at (1110.000, 712.000) (1110.000, 712.000) on layer: M1
Net VDD: dangling Wire at (1110.000, 715.600) (1110.000, 715.600) on layer: M1
Net VDD: dangling Wire at (1110.000, 719.200) (1110.000, 719.200) on layer: M1
Net VDD: dangling Wire at (1110.000, 722.800) (1110.000, 722.800) on layer: M1
Net VDD: dangling Wire at (1110.000, 726.400) (1110.000, 726.400) on layer: M1
Net VDD: dangling Wire at (1110.000, 730.000) (1110.000, 730.000) on layer: M1
Net VDD: dangling Wire at (1110.000, 733.600) (1110.000, 733.600) on layer: M1
Net VDD: dangling Wire at (1110.000, 665.200) (1110.000, 665.200) on layer: M1
Net VDD: dangling Wire at (1110.000, 668.800) (1110.000, 668.800) on layer: M1
Net VDD: dangling Wire at (1110.000, 672.400) (1110.000, 672.400) on layer: M1
Net VDD: dangling Wire at (1110.000, 676.000) (1110.000, 676.000) on layer: M1
Net VDD: dangling Wire at (1110.000, 679.600) (1110.000, 679.600) on layer: M1
Net VDD: dangling Wire at (1110.000, 683.200) (1110.000, 683.200) on layer: M1
Net VDD: dangling Wire at (1110.000, 686.800) (1110.000, 686.800) on layer: M1
Net VDD: dangling Wire at (1110.000, 690.400) (1110.000, 690.400) on layer: M1
Net VDD: dangling Wire at (1110.000, 694.000) (1110.000, 694.000) on layer: M1
Net VDD: dangling Wire at (1110.000, 697.600) (1110.000, 697.600) on layer: M1
Net VDD: dangling Wire at (1110.000, 632.800) (1110.000, 632.800) on layer: M1
Net VDD: dangling Wire at (1110.000, 636.400) (1110.000, 636.400) on layer: M1
Net VDD: dangling Wire at (1110.000, 640.000) (1110.000, 640.000) on layer: M1
Net VDD: dangling Wire at (1110.000, 643.600) (1110.000, 643.600) on layer: M1
Net VDD: dangling Wire at (1110.000, 647.200) (1110.000, 647.200) on layer: M1
Net VDD: dangling Wire at (1110.000, 650.800) (1110.000, 650.800) on layer: M1
Net VDD: dangling Wire at (1110.000, 654.400) (1110.000, 654.400) on layer: M1
Net VDD: dangling Wire at (1110.000, 658.000) (1110.000, 658.000) on layer: M1
Net VDD: dangling Wire at (1110.000, 661.600) (1110.000, 661.600) on layer: M1
Net VDD: dangling Wire at (1110.000, 596.800) (1110.000, 596.800) on layer: M1
Net VDD: dangling Wire at (1110.000, 600.400) (1110.000, 600.400) on layer: M1
Net VDD: dangling Wire at (1110.000, 604.000) (1110.000, 604.000) on layer: M1
Net VDD: dangling Wire at (1110.000, 607.600) (1110.000, 607.600) on layer: M1
Net VDD: dangling Wire at (1110.000, 611.200) (1110.000, 611.200) on layer: M1
Net VDD: dangling Wire at (1110.000, 614.800) (1110.000, 614.800) on layer: M1
Net VDD: dangling Wire at (1110.000, 618.400) (1110.000, 618.400) on layer: M1
Net VDD: dangling Wire at (1110.000, 622.000) (1110.000, 622.000) on layer: M1
Net VDD: dangling Wire at (1110.000, 625.600) (1110.000, 625.600) on layer: M1
Net VDD: dangling Wire at (1110.000, 629.200) (1110.000, 629.200) on layer: M1
Net VDD: dangling Wire at (1110.000, 560.800) (1110.000, 560.800) on layer: M1
Net VDD: dangling Wire at (1110.000, 564.400) (1110.000, 564.400) on layer: M1
Net VDD: dangling Wire at (1110.000, 568.000) (1110.000, 568.000) on layer: M1
Net VDD: dangling Wire at (1110.000, 571.600) (1110.000, 571.600) on layer: M1
Net VDD: dangling Wire at (1110.000, 575.200) (1110.000, 575.200) on layer: M1
Net VDD: dangling Wire at (1110.000, 578.800) (1110.000, 578.800) on layer: M1
Net VDD: dangling Wire at (1110.000, 582.400) (1110.000, 582.400) on layer: M1
Net VDD: dangling Wire at (1110.000, 586.000) (1110.000, 586.000) on layer: M1
Net VDD: dangling Wire at (1110.000, 589.600) (1110.000, 589.600) on layer: M1
Net VDD: dangling Wire at (1110.000, 593.200) (1110.000, 593.200) on layer: M1
Net VDD: dangling Wire at (10.000, 1018.000) (10.000, 1018.000) on layer: M1
Net VDD: dangling Wire at (10.000, 1021.600) (10.000, 1021.600) on layer: M1
Net VDD: dangling Wire at (10.000, 1025.200) (10.000, 1025.200) on layer: M1
Net VDD: dangling Wire at (10.000, 1028.800) (10.000, 1028.800) on layer: M1
Net VDD: dangling Wire at (10.000, 1032.400) (10.000, 1032.400) on layer: M1
Net VDD: dangling Wire at (10.000, 1036.000) (10.000, 1036.000) on layer: M1
Net VDD: dangling Wire at (10.000, 1039.600) (10.000, 1039.600) on layer: M1
Net VDD: dangling Wire at (10.000, 1043.200) (10.000, 1043.200) on layer: M1
Net VDD: dangling Wire at (10.000, 982.000) (10.000, 982.000) on layer: M1
Net VDD: dangling Wire at (10.000, 985.600) (10.000, 985.600) on layer: M1
Net VDD: dangling Wire at (10.000, 989.200) (10.000, 989.200) on layer: M1
Net VDD: dangling Wire at (10.000, 992.800) (10.000, 992.800) on layer: M1
Net VDD: dangling Wire at (10.000, 996.400) (10.000, 996.400) on layer: M1
Net VDD: dangling Wire at (10.000, 1000.000) (10.000, 1000.000) on layer: M1
Net VDD: dangling Wire at (10.000, 1003.600) (10.000, 1003.600) on layer: M1
Net VDD: dangling Wire at (10.000, 1007.200) (10.000, 1007.200) on layer: M1
Net VDD: dangling Wire at (10.000, 1010.800) (10.000, 1010.800) on layer: M1
Net VDD: dangling Wire at (10.000, 1014.400) (10.000, 1014.400) on layer: M1
Net VDD: dangling Wire at (10.000, 946.000) (10.000, 946.000) on layer: M1
Net VDD: dangling Wire at (10.000, 949.600) (10.000, 949.600) on layer: M1
Net VDD: dangling Wire at (10.000, 953.200) (10.000, 953.200) on layer: M1
Net VDD: dangling Wire at (10.000, 956.800) (10.000, 956.800) on layer: M1
Net VDD: dangling Wire at (10.000, 960.400) (10.000, 960.400) on layer: M1
Net VDD: dangling Wire at (10.000, 964.000) (10.000, 964.000) on layer: M1
Net VDD: dangling Wire at (10.000, 967.600) (10.000, 967.600) on layer: M1
Net VDD: dangling Wire at (10.000, 971.200) (10.000, 971.200) on layer: M1
Net VDD: dangling Wire at (10.000, 974.800) (10.000, 974.800) on layer: M1
Net VDD: dangling Wire at (10.000, 978.400) (10.000, 978.400) on layer: M1
Net VDD: dangling Wire at (10.000, 913.600) (10.000, 913.600) on layer: M1
Net VDD: dangling Wire at (10.000, 917.200) (10.000, 917.200) on layer: M1
Net VDD: dangling Wire at (10.000, 920.800) (10.000, 920.800) on layer: M1
Net VDD: dangling Wire at (10.000, 924.400) (10.000, 924.400) on layer: M1
Net VDD: dangling Wire at (10.000, 928.000) (10.000, 928.000) on layer: M1
Net VDD: dangling Wire at (10.000, 931.600) (10.000, 931.600) on layer: M1
Net VDD: dangling Wire at (10.000, 935.200) (10.000, 935.200) on layer: M1
Net VDD: dangling Wire at (10.000, 938.800) (10.000, 938.800) on layer: M1
Net VDD: dangling Wire at (10.000, 942.400) (10.000, 942.400) on layer: M1
Net VDD: dangling Wire at (10.000, 877.600) (10.000, 877.600) on layer: M1
Net VDD: dangling Wire at (10.000, 881.200) (10.000, 881.200) on layer: M1
Net VDD: dangling Wire at (10.000, 884.800) (10.000, 884.800) on layer: M1
Net VDD: dangling Wire at (10.000, 888.400) (10.000, 888.400) on layer: M1
Net VDD: dangling Wire at (10.000, 892.000) (10.000, 892.000) on layer: M1
Net VDD: dangling Wire at (10.000, 895.600) (10.000, 895.600) on layer: M1
Net VDD: dangling Wire at (10.000, 899.200) (10.000, 899.200) on layer: M1
Net VDD: dangling Wire at (10.000, 902.800) (10.000, 902.800) on layer: M1
Net VDD: dangling Wire at (10.000, 906.400) (10.000, 906.400) on layer: M1
Net VDD: dangling Wire at (10.000, 841.600) (10.000, 841.600) on layer: M1
Net VDD: dangling Wire at (10.000, 845.200) (10.000, 845.200) on layer: M1
Net VDD: dangling Wire at (10.000, 848.800) (10.000, 848.800) on layer: M1
Net VDD: dangling Wire at (10.000, 852.400) (10.000, 852.400) on layer: M1
Net VDD: dangling Wire at (10.000, 856.000) (10.000, 856.000) on layer: M1
Net VDD: dangling Wire at (10.000, 859.600) (10.000, 859.600) on layer: M1
Net VDD: dangling Wire at (10.000, 863.200) (10.000, 863.200) on layer: M1
Net VDD: dangling Wire at (10.000, 866.800) (10.000, 866.800) on layer: M1
Net VDD: dangling Wire at (10.000, 870.400) (10.000, 870.400) on layer: M1
Net VDD: dangling Wire at (10.000, 874.000) (10.000, 874.000) on layer: M1
Net VDD: dangling Wire at (10.000, 910.000) (10.000, 910.000) on layer: M1
Net VDD: dangling Wire at (10.000, 1046.800) (10.000, 1046.800) on layer: M1
Net VDD: dangling Wire at (10.000, 1050.400) (10.000, 1050.400) on layer: M1
Net VDD: dangling Wire at (10.000, 1054.000) (10.000, 1054.000) on layer: M1
Net VDD: dangling Wire at (10.000, 1057.600) (10.000, 1057.600) on layer: M1
Net VDD: dangling Wire at (10.000, 1061.200) (10.000, 1061.200) on layer: M1
Net VDD: dangling Wire at (10.000, 1064.800) (10.000, 1064.800) on layer: M1
Net VDD: dangling Wire at (10.000, 1068.400) (10.000, 1068.400) on layer: M1
Net VDD: dangling Wire at (10.000, 805.600) (10.000, 805.600) on layer: M1
Net VDD: dangling Wire at (10.000, 809.200) (10.000, 809.200) on layer: M1
Net VDD: dangling Wire at (10.000, 812.800) (10.000, 812.800) on layer: M1
Net VDD: dangling Wire at (10.000, 816.400) (10.000, 816.400) on layer: M1
Net VDD: dangling Wire at (10.000, 820.000) (10.000, 820.000) on layer: M1
Net VDD: dangling Wire at (10.000, 823.600) (10.000, 823.600) on layer: M1
Net VDD: dangling Wire at (10.000, 827.200) (10.000, 827.200) on layer: M1
Net VDD: dangling Wire at (10.000, 830.800) (10.000, 830.800) on layer: M1
Net VDD: dangling Wire at (10.000, 834.400) (10.000, 834.400) on layer: M1
Net VDD: dangling Wire at (10.000, 838.000) (10.000, 838.000) on layer: M1
Net VDD: dangling Wire at (10.000, 773.200) (10.000, 773.200) on layer: M1
Net VDD: dangling Wire at (10.000, 776.800) (10.000, 776.800) on layer: M1
Net VDD: dangling Wire at (10.000, 780.400) (10.000, 780.400) on layer: M1
Net VDD: dangling Wire at (10.000, 784.000) (10.000, 784.000) on layer: M1
Net VDD: dangling Wire at (10.000, 787.600) (10.000, 787.600) on layer: M1
Net VDD: dangling Wire at (10.000, 791.200) (10.000, 791.200) on layer: M1
Net VDD: dangling Wire at (10.000, 794.800) (10.000, 794.800) on layer: M1
Net VDD: dangling Wire at (10.000, 798.400) (10.000, 798.400) on layer: M1
Net VDD: dangling Wire at (10.000, 802.000) (10.000, 802.000) on layer: M1
Net VDD: dangling Wire at (10.000, 751.600) (10.000, 751.600) on layer: M1
Net VDD: dangling Wire at (10.000, 755.200) (10.000, 755.200) on layer: M1
Net VDD: dangling Wire at (10.000, 758.800) (10.000, 758.800) on layer: M1
Net VDD: dangling Wire at (10.000, 762.400) (10.000, 762.400) on layer: M1
Net VDD: dangling Wire at (10.000, 766.000) (10.000, 766.000) on layer: M1
Net VDD: dangling Wire at (10.000, 769.600) (10.000, 769.600) on layer: M1
Net VDD: dangling Wire at (10.000, 665.200) (10.000, 665.200) on layer: M1
Net VDD: dangling Wire at (10.000, 668.800) (10.000, 668.800) on layer: M1
Net VDD: dangling Wire at (10.000, 672.400) (10.000, 672.400) on layer: M1
Net VDD: dangling Wire at (10.000, 676.000) (10.000, 676.000) on layer: M1
Net VDD: dangling Wire at (10.000, 679.600) (10.000, 679.600) on layer: M1
Net VDD: dangling Wire at (10.000, 683.200) (10.000, 683.200) on layer: M1
Net VDD: dangling Wire at (10.000, 686.800) (10.000, 686.800) on layer: M1
Net VDD: dangling Wire at (10.000, 690.400) (10.000, 690.400) on layer: M1
Net VDD: dangling Wire at (10.000, 632.800) (10.000, 632.800) on layer: M1
Net VDD: dangling Wire at (10.000, 636.400) (10.000, 636.400) on layer: M1
Net VDD: dangling Wire at (10.000, 640.000) (10.000, 640.000) on layer: M1
Net VDD: dangling Wire at (10.000, 643.600) (10.000, 643.600) on layer: M1
Net VDD: dangling Wire at (10.000, 647.200) (10.000, 647.200) on layer: M1
Net VDD: dangling Wire at (10.000, 650.800) (10.000, 650.800) on layer: M1
Net VDD: dangling Wire at (10.000, 654.400) (10.000, 654.400) on layer: M1
Net VDD: dangling Wire at (10.000, 658.000) (10.000, 658.000) on layer: M1
Net VDD: dangling Wire at (10.000, 661.600) (10.000, 661.600) on layer: M1
Net VDD: dangling Wire at (10.000, 596.800) (10.000, 596.800) on layer: M1
Net VDD: dangling Wire at (10.000, 600.400) (10.000, 600.400) on layer: M1
Net VDD: dangling Wire at (10.000, 604.000) (10.000, 604.000) on layer: M1
Net VDD: dangling Wire at (10.000, 607.600) (10.000, 607.600) on layer: M1
Net VDD: dangling Wire at (10.000, 611.200) (10.000, 611.200) on layer: M1
Net VDD: dangling Wire at (10.000, 614.800) (10.000, 614.800) on layer: M1
Net VDD: dangling Wire at (10.000, 618.400) (10.000, 618.400) on layer: M1
Net VDD: dangling Wire at (10.000, 622.000) (10.000, 622.000) on layer: M1
Net VDD: dangling Wire at (10.000, 625.600) (10.000, 625.600) on layer: M1
Net VDD: dangling Wire at (10.000, 629.200) (10.000, 629.200) on layer: M1
Net VDD: dangling Wire at (10.000, 560.800) (10.000, 560.800) on layer: M1
Net VDD: dangling Wire at (10.000, 564.400) (10.000, 564.400) on layer: M1
Net VDD: dangling Wire at (10.000, 568.000) (10.000, 568.000) on layer: M1
Net VDD: dangling Wire at (10.000, 571.600) (10.000, 571.600) on layer: M1
Net VDD: dangling Wire at (10.000, 575.200) (10.000, 575.200) on layer: M1
Net VDD: dangling Wire at (10.000, 578.800) (10.000, 578.800) on layer: M1
Net VDD: dangling Wire at (10.000, 582.400) (10.000, 582.400) on layer: M1
Net VDD: dangling Wire at (10.000, 586.000) (10.000, 586.000) on layer: M1
Net VDD: dangling Wire at (10.000, 589.600) (10.000, 589.600) on layer: M1
Net VDD: dangling Wire at (10.000, 593.200) (10.000, 593.200) on layer: M1
Net VDD: dangling Wire at (10.000, 748.000) (10.000, 748.000) on layer: M1
Net VDD: dangling Wire at (10.000, 744.400) (10.000, 744.400) on layer: M1
Net VDD: dangling Wire at (10.000, 740.800) (10.000, 740.800) on layer: M1
Net VDD: dangling Wire at (10.000, 737.200) (10.000, 737.200) on layer: M1
Net VDD: dangling Wire at (10.000, 733.600) (10.000, 733.600) on layer: M1
Net VDD: dangling Wire at (10.000, 730.000) (10.000, 730.000) on layer: M1
Net VDD: dangling Wire at (10.000, 726.400) (10.000, 726.400) on layer: M1
Net VDD: dangling Wire at (10.000, 722.800) (10.000, 722.800) on layer: M1
Net VDD: dangling Wire at (10.000, 719.200) (10.000, 719.200) on layer: M1
Net VDD: dangling Wire at (10.000, 715.600) (10.000, 715.600) on layer: M1
Net VDD: dangling Wire at (10.000, 712.000) (10.000, 712.000) on layer: M1
Net VDD: dangling Wire at (10.000, 708.400) (10.000, 708.400) on layer: M1
Net VDD: dangling Wire at (10.000, 704.800) (10.000, 704.800) on layer: M1
Net VDD: dangling Wire at (10.000, 701.200) (10.000, 701.200) on layer: M1
Net VDD: dangling Wire at (10.000, 697.600) (10.000, 697.600) on layer: M1
Net VDD: dangling Wire at (10.000, 694.000) (10.000, 694.000) on layer: M1
Net VDD: dangling Wire at (10.000, 1086.400) (10.000, 1086.400) on layer: M1
Net VDD: dangling Wire at (1110.000, 1086.400) (1110.000, 1086.400) on layer: M1
Net VDD: dangling Wire at (10.000, 1090.000) (10.000, 1090.000) on layer: M1
Net VDD: dangling Wire at (1110.000, 1090.000) (1110.000, 1090.000) on layer: M1
Net VDD: dangling Wire at (10.000, 1093.600) (10.000, 1093.600) on layer: M1
Net VDD: dangling Wire at (1110.000, 1093.600) (1110.000, 1093.600) on layer: M1
Net VDD: dangling Wire at (10.000, 1097.200) (10.000, 1097.200) on layer: M1
Net VDD: dangling Wire at (1110.000, 1097.200) (1110.000, 1097.200) on layer: M1
Net VDD: dangling Wire at (10.000, 1100.800) (10.000, 1100.800) on layer: M1
Net VDD: dangling Wire at (1110.000, 1100.800) (1110.000, 1100.800) on layer: M1
Net VDD: dangling Wire at (10.000, 1104.400) (10.000, 1104.400) on layer: M1
Net VDD: dangling Wire at (1110.000, 1104.400) (1110.000, 1104.400) on layer: M1
Net VDD: dangling Wire at (10.000, 1108.000) (10.000, 1108.000) on layer: M1
Net VDD: dangling Wire at (1110.000, 1108.000) (1110.000, 1108.000) on layer: M1
Net VDD: dangling Wire at (10.000, 1072.000) (10.000, 1072.000) on layer: M1
Net VDD: dangling Wire at (1110.000, 1072.000) (1110.000, 1072.000) on layer: M1
Net VDD: dangling Wire at (10.000, 1075.600) (10.000, 1075.600) on layer: M1
Net VDD: dangling Wire at (1110.000, 1075.600) (1110.000, 1075.600) on layer: M1
Net VDD: dangling Wire at (10.000, 1079.200) (10.000, 1079.200) on layer: M1
Net VDD: dangling Wire at (1110.000, 1079.200) (1110.000, 1079.200) on layer: M1
Net VDD: dangling Wire at (10.000, 1082.800) (10.000, 1082.800) on layer: M1
Net VDD: dangling Wire at (1110.000, 1082.800) (1110.000, 1082.800) on layer: M1
Net VDD: dangling Wire at (1110.000, 528.400) (1110.000, 528.400) on layer: M1
Net VDD: dangling Wire at (1110.000, 532.000) (1110.000, 532.000) on layer: M1
Net VDD: dangling Wire at (1110.000, 535.600) (1110.000, 535.600) on layer: M1
Net VDD: dangling Wire at (1110.000, 539.200) (1110.000, 539.200) on layer: M1
Net VDD: dangling Wire at (1110.000, 542.800) (1110.000, 542.800) on layer: M1
Net VDD: dangling Wire at (1110.000, 546.400) (1110.000, 546.400) on layer: M1
Net VDD: dangling Wire at (1110.000, 550.000) (1110.000, 550.000) on layer: M1
Net VDD: dangling Wire at (1110.000, 553.600) (1110.000, 553.600) on layer: M1
Net VDD: dangling Wire at (1110.000, 557.200) (1110.000, 557.200) on layer: M1
Net VDD: dangling Wire at (1110.000, 492.400) (1110.000, 492.400) on layer: M1
Net VDD: dangling Wire at (1110.000, 496.000) (1110.000, 496.000) on layer: M1
Net VDD: dangling Wire at (1110.000, 499.600) (1110.000, 499.600) on layer: M1
Net VDD: dangling Wire at (1110.000, 503.200) (1110.000, 503.200) on layer: M1
Net VDD: dangling Wire at (1110.000, 506.800) (1110.000, 506.800) on layer: M1
Net VDD: dangling Wire at (1110.000, 510.400) (1110.000, 510.400) on layer: M1
Net VDD: dangling Wire at (1110.000, 514.000) (1110.000, 514.000) on layer: M1
Net VDD: dangling Wire at (1110.000, 517.600) (1110.000, 517.600) on layer: M1
Net VDD: dangling Wire at (1110.000, 521.200) (1110.000, 521.200) on layer: M1
Net VDD: dangling Wire at (1110.000, 524.800) (1110.000, 524.800) on layer: M1
Net VDD: dangling Wire at (1110.000, 456.400) (1110.000, 456.400) on layer: M1
Net VDD: dangling Wire at (1110.000, 460.000) (1110.000, 460.000) on layer: M1
Net VDD: dangling Wire at (1110.000, 463.600) (1110.000, 463.600) on layer: M1
Net VDD: dangling Wire at (1110.000, 467.200) (1110.000, 467.200) on layer: M1
Net VDD: dangling Wire at (1110.000, 470.800) (1110.000, 470.800) on layer: M1
Net VDD: dangling Wire at (1110.000, 474.400) (1110.000, 474.400) on layer: M1
Net VDD: dangling Wire at (1110.000, 478.000) (1110.000, 478.000) on layer: M1
Net VDD: dangling Wire at (1110.000, 481.600) (1110.000, 481.600) on layer: M1
Net VDD: dangling Wire at (1110.000, 485.200) (1110.000, 485.200) on layer: M1
Net VDD: dangling Wire at (1110.000, 488.800) (1110.000, 488.800) on layer: M1
Net VDD: dangling Wire at (1110.000, 420.400) (1110.000, 420.400) on layer: M1
Net VDD: dangling Wire at (1110.000, 424.000) (1110.000, 424.000) on layer: M1
Net VDD: dangling Wire at (1110.000, 427.600) (1110.000, 427.600) on layer: M1
Net VDD: dangling Wire at (1110.000, 431.200) (1110.000, 431.200) on layer: M1
Net VDD: dangling Wire at (1110.000, 434.800) (1110.000, 434.800) on layer: M1
Net VDD: dangling Wire at (1110.000, 438.400) (1110.000, 438.400) on layer: M1
Net VDD: dangling Wire at (1110.000, 442.000) (1110.000, 442.000) on layer: M1
Net VDD: dangling Wire at (1110.000, 445.600) (1110.000, 445.600) on layer: M1
Net VDD: dangling Wire at (1110.000, 449.200) (1110.000, 449.200) on layer: M1
Net VDD: dangling Wire at (1110.000, 452.800) (1110.000, 452.800) on layer: M1
Net VDD: dangling Wire at (1110.000, 416.800) (1110.000, 416.800) on layer: M1
Net VDD: dangling Wire at (1110.000, 413.200) (1110.000, 413.200) on layer: M1
Net VDD: dangling Wire at (1110.000, 409.600) (1110.000, 409.600) on layer: M1
Net VDD: dangling Wire at (1110.000, 406.000) (1110.000, 406.000) on layer: M1
Net VDD: dangling Wire at (1110.000, 402.400) (1110.000, 402.400) on layer: M1
Net VDD: dangling Wire at (1110.000, 398.800) (1110.000, 398.800) on layer: M1
Net VDD: dangling Wire at (1110.000, 395.200) (1110.000, 395.200) on layer: M1
Net VDD: dangling Wire at (10.000, 528.400) (10.000, 528.400) on layer: M1
Net VDD: dangling Wire at (10.000, 532.000) (10.000, 532.000) on layer: M1
Net VDD: dangling Wire at (10.000, 535.600) (10.000, 535.600) on layer: M1
Net VDD: dangling Wire at (10.000, 539.200) (10.000, 539.200) on layer: M1
Net VDD: dangling Wire at (10.000, 550.000) (10.000, 550.000) on layer: M1
Net VDD: dangling Wire at (10.000, 553.600) (10.000, 553.600) on layer: M1
Net VDD: dangling Wire at (10.000, 557.200) (10.000, 557.200) on layer: M1
Net VDD: dangling Wire at (10.000, 492.400) (10.000, 492.400) on layer: M1
Net VDD: dangling Wire at (10.000, 496.000) (10.000, 496.000) on layer: M1
Net VDD: dangling Wire at (10.000, 499.600) (10.000, 499.600) on layer: M1
Net VDD: dangling Wire at (10.000, 503.200) (10.000, 503.200) on layer: M1
Net VDD: dangling Wire at (10.000, 506.800) (10.000, 506.800) on layer: M1
Net VDD: dangling Wire at (10.000, 510.400) (10.000, 510.400) on layer: M1
Net VDD: dangling Wire at (10.000, 514.000) (10.000, 514.000) on layer: M1
Net VDD: dangling Wire at (10.000, 517.600) (10.000, 517.600) on layer: M1
Net VDD: dangling Wire at (10.000, 521.200) (10.000, 521.200) on layer: M1
Net VDD: dangling Wire at (10.000, 524.800) (10.000, 524.800) on layer: M1
Net VDD: dangling Wire at (10.000, 456.400) (10.000, 456.400) on layer: M1
Net VDD: dangling Wire at (10.000, 460.000) (10.000, 460.000) on layer: M1
Net VDD: dangling Wire at (10.000, 463.600) (10.000, 463.600) on layer: M1
Net VDD: dangling Wire at (10.000, 467.200) (10.000, 467.200) on layer: M1
Net VDD: dangling Wire at (10.000, 470.800) (10.000, 470.800) on layer: M1
Net VDD: dangling Wire at (10.000, 474.400) (10.000, 474.400) on layer: M1
Net VDD: dangling Wire at (10.000, 478.000) (10.000, 478.000) on layer: M1
Net VDD: dangling Wire at (10.000, 481.600) (10.000, 481.600) on layer: M1
Net VDD: dangling Wire at (10.000, 485.200) (10.000, 485.200) on layer: M1
Net VDD: dangling Wire at (10.000, 488.800) (10.000, 488.800) on layer: M1
Net VDD: dangling Wire at (10.000, 420.400) (10.000, 420.400) on layer: M1
Net VDD: dangling Wire at (10.000, 424.000) (10.000, 424.000) on layer: M1
Net VDD: dangling Wire at (10.000, 427.600) (10.000, 427.600) on layer: M1
Net VDD: dangling Wire at (10.000, 431.200) (10.000, 431.200) on layer: M1
Net VDD: dangling Wire at (10.000, 434.800) (10.000, 434.800) on layer: M1
Net VDD: dangling Wire at (10.000, 438.400) (10.000, 438.400) on layer: M1
Net VDD: dangling Wire at (10.000, 442.000) (10.000, 442.000) on layer: M1
Net VDD: dangling Wire at (10.000, 445.600) (10.000, 445.600) on layer: M1
Net VDD: dangling Wire at (10.000, 449.200) (10.000, 449.200) on layer: M1
Net VDD: dangling Wire at (10.000, 452.800) (10.000, 452.800) on layer: M1
Net VDD: dangling Wire at (10.000, 402.400) (10.000, 402.400) on layer: M1
Net VDD: dangling Wire at (10.000, 416.800) (10.000, 416.800) on layer: M1
Net VDD: dangling Wire at (10.000, 413.200) (10.000, 413.200) on layer: M1
Net VDD: dangling Wire at (10.000, 409.600) (10.000, 409.600) on layer: M1
Net VDD: dangling Wire at (10.000, 406.000) (10.000, 406.000) on layer: M1
Net VDD: dangling Wire at (10.000, 398.800) (10.000, 398.800) on layer: M1
Net VDD: dangling Wire at (10.000, 395.200) (10.000, 395.200) on layer: M1
Net VDD: dangling Wire at (10.000, 388.000) (10.000, 388.000) on layer: M1
Net VDD: dangling Wire at (1110.000, 388.000) (1110.000, 388.000) on layer: M1
Net VDD: dangling Wire at (10.000, 391.600) (10.000, 391.600) on layer: M1
Net VDD: dangling Wire at (1110.000, 391.600) (1110.000, 391.600) on layer: M1
Net VDD: dangling Wire at (10.000, 352.000) (10.000, 352.000) on layer: M1
Net VDD: dangling Wire at (1110.000, 352.000) (1110.000, 352.000) on layer: M1
Net VDD: dangling Wire at (10.000, 355.600) (10.000, 355.600) on layer: M1
Net VDD: dangling Wire at (1110.000, 355.600) (1110.000, 355.600) on layer: M1
Net VDD: dangling Wire at (10.000, 359.200) (10.000, 359.200) on layer: M1
Net VDD: dangling Wire at (1110.000, 359.200) (1110.000, 359.200) on layer: M1
Net VDD: dangling Wire at (10.000, 362.800) (10.000, 362.800) on layer: M1
Net VDD: dangling Wire at (1110.000, 362.800) (1110.000, 362.800) on layer: M1
Net VDD: dangling Wire at (10.000, 366.400) (10.000, 366.400) on layer: M1
Net VDD: dangling Wire at (1110.000, 366.400) (1110.000, 366.400) on layer: M1
Net VDD: dangling Wire at (10.000, 370.000) (10.000, 370.000) on layer: M1
Net VDD: dangling Wire at (1110.000, 370.000) (1110.000, 370.000) on layer: M1
Net VDD: dangling Wire at (10.000, 373.600) (10.000, 373.600) on layer: M1
Net VDD: dangling Wire at (1110.000, 373.600) (1110.000, 373.600) on layer: M1
Net VDD: dangling Wire at (10.000, 377.200) (10.000, 377.200) on layer: M1
Net VDD: dangling Wire at (1110.000, 377.200) (1110.000, 377.200) on layer: M1
Net VDD: dangling Wire at (10.000, 380.800) (10.000, 380.800) on layer: M1
Net VDD: dangling Wire at (1110.000, 380.800) (1110.000, 380.800) on layer: M1
Net VDD: dangling Wire at (10.000, 384.400) (10.000, 384.400) on layer: M1
Net VDD: dangling Wire at (1110.000, 384.400) (1110.000, 384.400) on layer: M1
Net VDD: dangling Wire at (10.000, 334.000) (10.000, 334.000) on layer: M1
Net VDD: dangling Wire at (1110.000, 334.000) (1110.000, 334.000) on layer: M1
Net VDD: dangling Wire at (10.000, 337.600) (10.000, 337.600) on layer: M1
Net VDD: dangling Wire at (1110.000, 337.600) (1110.000, 337.600) on layer: M1
Net VDD: dangling Wire at (10.000, 341.200) (10.000, 341.200) on layer: M1
Net VDD: dangling Wire at (1110.000, 341.200) (1110.000, 341.200) on layer: M1
Net VDD: dangling Wire at (10.000, 344.800) (10.000, 344.800) on layer: M1
Net VDD: dangling Wire at (1110.000, 344.800) (1110.000, 344.800) on layer: M1
Net VDD: dangling Wire at (10.000, 348.400) (10.000, 348.400) on layer: M1
Net VDD: dangling Wire at (1110.000, 348.400) (1110.000, 348.400) on layer: M1
Net VDD: dangling Wire at (10.000, 330.400) (10.000, 330.400) on layer: M1
Net VDD: dangling Wire at (1110.000, 330.400) (1110.000, 330.400) on layer: M1
Net VDD: dangling Wire at (10.000, 326.800) (10.000, 326.800) on layer: M1
Net VDD: dangling Wire at (1110.000, 326.800) (1110.000, 326.800) on layer: M1
Net VDD: dangling Wire at (10.000, 323.200) (10.000, 323.200) on layer: M1
Net VDD: dangling Wire at (1110.000, 323.200) (1110.000, 323.200) on layer: M1
Net VDD: dangling Wire at (10.000, 319.600) (10.000, 319.600) on layer: M1
Net VDD: dangling Wire at (1110.000, 319.600) (1110.000, 319.600) on layer: M1
Net VDD: dangling Wire at (10.000, 316.000) (10.000, 316.000) on layer: M1
Net VDD: dangling Wire at (1110.000, 316.000) (1110.000, 316.000) on layer: M1
Net VDD: dangling Wire at (10.000, 312.400) (10.000, 312.400) on layer: M1
Net VDD: dangling Wire at (1110.000, 312.400) (1110.000, 312.400) on layer: M1
Net VDD: dangling Wire at (10.000, 308.800) (10.000, 308.800) on layer: M1
Net VDD: dangling Wire at (1110.000, 308.800) (1110.000, 308.800) on layer: M1
Net VDD: dangling Wire at (10.000, 305.200) (10.000, 305.200) on layer: M1
Net VDD: dangling Wire at (1110.000, 305.200) (1110.000, 305.200) on layer: M1
Net VDD: dangling Wire at (10.000, 301.600) (10.000, 301.600) on layer: M1
Net VDD: dangling Wire at (1110.000, 301.600) (1110.000, 301.600) on layer: M1
Net VDD: dangling Wire at (10.000, 298.000) (10.000, 298.000) on layer: M1
Net VDD: dangling Wire at (1110.000, 298.000) (1110.000, 298.000) on layer: M1
Net VDD: dangling Wire at (10.000, 294.400) (10.000, 294.400) on layer: M1
Net VDD: dangling Wire at (1110.000, 294.400) (1110.000, 294.400) on layer: M1
Net VDD: dangling Wire at (10.000, 290.800) (10.000, 290.800) on layer: M1
Net VDD: dangling Wire at (1110.000, 290.800) (1110.000, 290.800) on layer: M1
Net VDD: dangling Wire at (10.000, 287.200) (10.000, 287.200) on layer: M1
Net VDD: dangling Wire at (1110.000, 287.200) (1110.000, 287.200) on layer: M1
Net VDD: dangling Wire at (10.000, 283.600) (10.000, 283.600) on layer: M1
Net VDD: dangling Wire at (1110.000, 283.600) (1110.000, 283.600) on layer: M1
Net VDD: dangling Wire at (10.000, 247.600) (10.000, 247.600) on layer: M1
Net VDD: dangling Wire at (1110.000, 247.600) (1110.000, 247.600) on layer: M1
Net VDD: dangling Wire at (10.000, 276.400) (10.000, 276.400) on layer: M1
Net VDD: dangling Wire at (1110.000, 276.400) (1110.000, 276.400) on layer: M1
Net VDD: dangling Wire at (10.000, 272.800) (10.000, 272.800) on layer: M1
Net VDD: dangling Wire at (1110.000, 272.800) (1110.000, 272.800) on layer: M1
Net VDD: dangling Wire at (10.000, 269.200) (10.000, 269.200) on layer: M1
Net VDD: dangling Wire at (1110.000, 269.200) (1110.000, 269.200) on layer: M1
Net VDD: dangling Wire at (10.000, 265.600) (10.000, 265.600) on layer: M1
Net VDD: dangling Wire at (1110.000, 265.600) (1110.000, 265.600) on layer: M1
Net VDD: dangling Wire at (10.000, 262.000) (10.000, 262.000) on layer: M1
Net VDD: dangling Wire at (1110.000, 262.000) (1110.000, 262.000) on layer: M1
Net VDD: dangling Wire at (10.000, 258.400) (10.000, 258.400) on layer: M1
Net VDD: dangling Wire at (1110.000, 258.400) (1110.000, 258.400) on layer: M1
Net VDD: dangling Wire at (10.000, 254.800) (10.000, 254.800) on layer: M1
Net VDD: dangling Wire at (1110.000, 254.800) (1110.000, 254.800) on layer: M1
Net VDD: dangling Wire at (10.000, 251.200) (10.000, 251.200) on layer: M1
Net VDD: dangling Wire at (1110.000, 251.200) (1110.000, 251.200) on layer: M1
Net VDD: dangling Wire at (10.000, 211.600) (10.000, 211.600) on layer: M1
Net VDD: dangling Wire at (1110.000, 211.600) (1110.000, 211.600) on layer: M1
Net VDD: dangling Wire at (10.000, 215.200) (10.000, 215.200) on layer: M1
Net VDD: dangling Wire at (1110.000, 215.200) (1110.000, 215.200) on layer: M1
Net VDD: dangling Wire at (10.000, 218.800) (10.000, 218.800) on layer: M1
Net VDD: dangling Wire at (1110.000, 218.800) (1110.000, 218.800) on layer: M1
Net VDD: dangling Wire at (10.000, 222.400) (10.000, 222.400) on layer: M1
Net VDD: dangling Wire at (1110.000, 222.400) (1110.000, 222.400) on layer: M1
Net VDD: dangling Wire at (10.000, 226.000) (10.000, 226.000) on layer: M1
Net VDD: dangling Wire at (1110.000, 226.000) (1110.000, 226.000) on layer: M1
Net VDD: dangling Wire at (10.000, 229.600) (10.000, 229.600) on layer: M1
Net VDD: dangling Wire at (1110.000, 229.600) (1110.000, 229.600) on layer: M1
Net VDD: dangling Wire at (10.000, 233.200) (10.000, 233.200) on layer: M1
Net VDD: dangling Wire at (1110.000, 233.200) (1110.000, 233.200) on layer: M1
Net VDD: dangling Wire at (10.000, 236.800) (10.000, 236.800) on layer: M1
Net VDD: dangling Wire at (1110.000, 236.800) (1110.000, 236.800) on layer: M1
Net VDD: dangling Wire at (10.000, 240.400) (10.000, 240.400) on layer: M1
Net VDD: dangling Wire at (1110.000, 240.400) (1110.000, 240.400) on layer: M1
Net VDD: dangling Wire at (10.000, 244.000) (10.000, 244.000) on layer: M1
Net VDD: dangling Wire at (1110.000, 244.000) (1110.000, 244.000) on layer: M1
Net VDD: dangling Wire at (10.000, 208.000) (10.000, 208.000) on layer: M1
Net VDD: dangling Wire at (1110.000, 208.000) (1110.000, 208.000) on layer: M1
Net VDD: dangling Wire at (10.000, 204.400) (10.000, 204.400) on layer: M1
Net VDD: dangling Wire at (1110.000, 204.400) (1110.000, 204.400) on layer: M1
Net VDD: dangling Wire at (10.000, 200.800) (10.000, 200.800) on layer: M1
Net VDD: dangling Wire at (1110.000, 200.800) (1110.000, 200.800) on layer: M1
Net VDD: dangling Wire at (10.000, 197.200) (10.000, 197.200) on layer: M1
Net VDD: dangling Wire at (1110.000, 197.200) (1110.000, 197.200) on layer: M1
Net VDD: dangling Wire at (10.000, 193.600) (10.000, 193.600) on layer: M1
Net VDD: dangling Wire at (1110.000, 193.600) (1110.000, 193.600) on layer: M1
Net VDD: dangling Wire at (10.000, 190.000) (10.000, 190.000) on layer: M1
Net VDD: dangling Wire at (1110.000, 190.000) (1110.000, 190.000) on layer: M1
Net VDD: dangling Wire at (10.000, 186.400) (10.000, 186.400) on layer: M1
Net VDD: dangling Wire at (1110.000, 186.400) (1110.000, 186.400) on layer: M1
Net VDD: dangling Wire at (10.000, 182.800) (10.000, 182.800) on layer: M1
Net VDD: dangling Wire at (1110.000, 182.800) (1110.000, 182.800) on layer: M1
Net VDD: dangling Wire at (10.000, 179.200) (10.000, 179.200) on layer: M1
Net VDD: dangling Wire at (1110.000, 179.200) (1110.000, 179.200) on layer: M1
Net VDD: dangling Wire at (10.000, 175.600) (10.000, 175.600) on layer: M1
Net VDD: dangling Wire at (1110.000, 175.600) (1110.000, 175.600) on layer: M1
Net VDD: dangling Wire at (10.000, 172.000) (10.000, 172.000) on layer: M1
Net VDD: dangling Wire at (1110.000, 172.000) (1110.000, 172.000) on layer: M1
Net VDD: dangling Wire at (10.000, 168.400) (10.000, 168.400) on layer: M1
Net VDD: dangling Wire at (1110.000, 168.400) (1110.000, 168.400) on layer: M1
Net VDD: dangling Wire at (10.000, 164.800) (10.000, 164.800) on layer: M1
Net VDD: dangling Wire at (1110.000, 164.800) (1110.000, 164.800) on layer: M1
Net VDD: dangling Wire at (10.000, 161.200) (10.000, 161.200) on layer: M1
Net VDD: dangling Wire at (1110.000, 161.200) (1110.000, 161.200) on layer: M1
Net VDD: dangling Wire at (10.000, 157.600) (10.000, 157.600) on layer: M1
Net VDD: dangling Wire at (1110.000, 157.600) (1110.000, 157.600) on layer: M1
Net VDD: dangling Wire at (10.000, 154.000) (10.000, 154.000) on layer: M1
Net VDD: dangling Wire at (1110.000, 154.000) (1110.000, 154.000) on layer: M1
Net VDD: dangling Wire at (10.000, 150.400) (10.000, 150.400) on layer: M1
Net VDD: dangling Wire at (1110.000, 150.400) (1110.000, 150.400) on layer: M1
Net VDD: dangling Wire at (10.000, 146.800) (10.000, 146.800) on layer: M1
Net VDD: dangling Wire at (1110.000, 146.800) (1110.000, 146.800) on layer: M1
Net VDD: dangling Wire at (10.000, 143.200) (10.000, 143.200) on layer: M1
Net VDD: dangling Wire at (1110.000, 143.200) (1110.000, 143.200) on layer: M1
Net VDD: dangling Wire at (10.000, 107.200) (10.000, 107.200) on layer: M1
Net VDD: dangling Wire at (1110.000, 107.200) (1110.000, 107.200) on layer: M1
Net VDD: dangling Wire at (10.000, 110.800) (10.000, 110.800) on layer: M1
Net VDD: dangling Wire at (1110.000, 110.800) (1110.000, 110.800) on layer: M1
Net VDD: dangling Wire at (10.000, 114.400) (10.000, 114.400) on layer: M1
Net VDD: dangling Wire at (1110.000, 114.400) (1110.000, 114.400) on layer: M1
Net VDD: dangling Wire at (10.000, 118.000) (10.000, 118.000) on layer: M1
Net VDD: dangling Wire at (1110.000, 118.000) (1110.000, 118.000) on layer: M1
Net VDD: dangling Wire at (10.000, 121.600) (10.000, 121.600) on layer: M1
Net VDD: dangling Wire at (1110.000, 121.600) (1110.000, 121.600) on layer: M1
Net VDD: dangling Wire at (10.000, 125.200) (10.000, 125.200) on layer: M1
Net VDD: dangling Wire at (1110.000, 125.200) (1110.000, 125.200) on layer: M1
Net VDD: dangling Wire at (10.000, 128.800) (10.000, 128.800) on layer: M1
Net VDD: dangling Wire at (1110.000, 128.800) (1110.000, 128.800) on layer: M1
Net VDD: dangling Wire at (10.000, 132.400) (10.000, 132.400) on layer: M1
Net VDD: dangling Wire at (1110.000, 132.400) (1110.000, 132.400) on layer: M1
Net VDD: dangling Wire at (10.000, 136.000) (10.000, 136.000) on layer: M1
Net VDD: dangling Wire at (1110.000, 136.000) (1110.000, 136.000) on layer: M1
Net VDD: dangling Wire at (10.000, 139.600) (10.000, 139.600) on layer: M1
Net VDD: dangling Wire at (1110.000, 139.600) (1110.000, 139.600) on layer: M1
Net VDD: dangling Wire at (10.000, 74.800) (10.000, 74.800) on layer: M1
Net VDD: dangling Wire at (1110.000, 74.800) (1110.000, 74.800) on layer: M1
Net VDD: dangling Wire at (10.000, 78.400) (10.000, 78.400) on layer: M1
Net VDD: dangling Wire at (1110.000, 78.400) (1110.000, 78.400) on layer: M1
Net VDD: dangling Wire at (10.000, 82.000) (10.000, 82.000) on layer: M1
Net VDD: dangling Wire at (1110.000, 82.000) (1110.000, 82.000) on layer: M1
Net VDD: dangling Wire at (10.000, 85.600) (10.000, 85.600) on layer: M1
Net VDD: dangling Wire at (1110.000, 85.600) (1110.000, 85.600) on layer: M1
Net VDD: dangling Wire at (10.000, 89.200) (10.000, 89.200) on layer: M1
Net VDD: dangling Wire at (1110.000, 89.200) (1110.000, 89.200) on layer: M1
Net VDD: dangling Wire at (10.000, 92.800) (10.000, 92.800) on layer: M1
Net VDD: dangling Wire at (1110.000, 92.800) (1110.000, 92.800) on layer: M1
Net VDD: dangling Wire at (10.000, 96.400) (10.000, 96.400) on layer: M1
Net VDD: dangling Wire at (1110.000, 96.400) (1110.000, 96.400) on layer: M1
Net VDD: dangling Wire at (10.000, 100.000) (10.000, 100.000) on layer: M1
Net VDD: dangling Wire at (1110.000, 100.000) (1110.000, 100.000) on layer: M1
Net VDD: dangling Wire at (10.000, 103.600) (10.000, 103.600) on layer: M1
Net VDD: dangling Wire at (1110.000, 103.600) (1110.000, 103.600) on layer: M1
Net VDD: dangling Wire at (10.000, 71.200) (10.000, 71.200) on layer: M1
Net VDD: dangling Wire at (1110.000, 71.200) (1110.000, 71.200) on layer: M1
Net VDD: dangling Wire at (10.000, 67.600) (10.000, 67.600) on layer: M1
Net VDD: dangling Wire at (1110.000, 67.600) (1110.000, 67.600) on layer: M1
Net VDD: dangling Wire at (10.000, 64.000) (10.000, 64.000) on layer: M1
Net VDD: dangling Wire at (1110.000, 64.000) (1110.000, 64.000) on layer: M1
Net VDD: dangling Wire at (10.000, 60.400) (10.000, 60.400) on layer: M1
Net VDD: dangling Wire at (1110.000, 60.400) (1110.000, 60.400) on layer: M1
Net VDD: dangling Wire at (10.000, 56.800) (10.000, 56.800) on layer: M1
Net VDD: dangling Wire at (1110.000, 56.800) (1110.000, 56.800) on layer: M1
Net VDD: dangling Wire at (10.000, 53.200) (10.000, 53.200) on layer: M1
Net VDD: dangling Wire at (1110.000, 53.200) (1110.000, 53.200) on layer: M1
Net VDD: dangling Wire at (10.000, 49.600) (10.000, 49.600) on layer: M1
Net VDD: dangling Wire at (1110.000, 49.600) (1110.000, 49.600) on layer: M1
Net VDD: dangling Wire at (10.000, 46.000) (10.000, 46.000) on layer: M1
Net VDD: dangling Wire at (1110.000, 46.000) (1110.000, 46.000) on layer: M1
Net VDD: dangling Wire at (10.000, 42.400) (10.000, 42.400) on layer: M1
Net VDD: dangling Wire at (1110.000, 42.400) (1110.000, 42.400) on layer: M1
Net VDD: dangling Wire at (10.000, 38.800) (10.000, 38.800) on layer: M1
Net VDD: dangling Wire at (1110.000, 38.800) (1110.000, 38.800) on layer: M1
Net VDD: dangling Wire at (10.000, 35.200) (10.000, 35.200) on layer: M1
Net VDD: dangling Wire at (1110.000, 35.200) (1110.000, 35.200) on layer: M1
Net VDD: dangling Wire at (10.000, 31.600) (10.000, 31.600) on layer: M1
Net VDD: dangling Wire at (1110.000, 31.600) (1110.000, 31.600) on layer: M1
Net VDD: dangling Wire at (10.000, 28.000) (10.000, 28.000) on layer: M1
Net VDD: dangling Wire at (1110.000, 28.000) (1110.000, 28.000) on layer: M1
Net VDD: dangling Wire at (10.000, 24.400) (10.000, 24.400) on layer: M1
Net VDD: dangling Wire at (1110.000, 24.400) (1110.000, 24.400) on layer: M1
Net VDD: dangling Wire at (10.000, 20.800) (10.000, 20.800) on layer: M1
Net VDD: dangling Wire at (1110.000, 20.800) (1110.000, 20.800) on layer: M1
Net VDD: dangling Wire at (10.000, 17.200) (10.000, 17.200) on layer: M1
Net VDD: dangling Wire at (1110.000, 17.200) (1110.000, 17.200) on layer: M1
Net VDD: dangling Wire at (10.000, 13.600) (10.000, 13.600) on layer: M1
Net VDD: dangling Wire at (1110.000, 13.600) (1110.000, 13.600) on layer: M1
Net VDD: dangling Wire at (10.000, 10.000) (10.000, 10.000) on layer: M1
Net VDD: dangling Wire at (1110.000, 10.000) (1110.000, 10.000) on layer: M1
Net VDD: dangling Wire at (10.000, 280.000) (10.000, 280.000) on layer: M1
Net VDD: dangling Wire at (1110.000, 280.000) (1110.000, 280.000) on layer: M1
Net VDD: dangling Wire at (10.000, 1103.920) (10.000, 1103.920) on layer: M5
Net VDD: dangling Wire at (1110.000, 1103.920) (1110.000, 1103.920) on layer: M5
Net VDD: dangling Wire at (10.000, 1091.640) (10.000, 1091.640) on layer: M5
Net VDD: dangling Wire at (1110.000, 1091.640) (1110.000, 1091.640) on layer: M5
Net VDD: dangling Wire at (10.000, 1079.360) (10.000, 1079.360) on layer: M5
Net VDD: dangling Wire at (1110.000, 1079.360) (1110.000, 1079.360) on layer: M5
Net VDD: dangling Wire at (10.000, 1067.080) (10.000, 1067.080) on layer: M5
Net VDD: dangling Wire at (1110.000, 1067.080) (1110.000, 1067.080) on layer: M5
Net VDD: dangling Wire at (10.000, 1054.800) (10.000, 1054.800) on layer: M5
Net VDD: dangling Wire at (1110.000, 1054.800) (1110.000, 1054.800) on layer: M5
Net VDD: dangling Wire at (10.000, 981.120) (10.000, 981.120) on layer: M5
Net VDD: dangling Wire at (1110.000, 981.120) (1110.000, 981.120) on layer: M5
Net VDD: dangling Wire at (10.000, 993.400) (10.000, 993.400) on layer: M5
Net VDD: dangling Wire at (1110.000, 993.400) (1110.000, 993.400) on layer: M5
Net VDD: dangling Wire at (10.000, 1005.680) (10.000, 1005.680) on layer: M5
Net VDD: dangling Wire at (1110.000, 1005.680) (1110.000, 1005.680) on layer: M5
Net VDD: dangling Wire at (10.000, 1017.960) (10.000, 1017.960) on layer: M5
Net VDD: dangling Wire at (1110.000, 1017.960) (1110.000, 1017.960) on layer: M5
Net VDD: dangling Wire at (10.000, 1030.240) (10.000, 1030.240) on layer: M5
Net VDD: dangling Wire at (1110.000, 1030.240) (1110.000, 1030.240) on layer: M5
Net VDD: dangling Wire at (10.000, 1042.520) (10.000, 1042.520) on layer: M5
Net VDD: dangling Wire at (1110.000, 1042.520) (1110.000, 1042.520) on layer: M5
Net VDD: dangling Wire at (10.000, 968.840) (10.000, 968.840) on layer: M5
Net VDD: dangling Wire at (1110.000, 968.840) (1110.000, 968.840) on layer: M5
Net VDD: dangling Wire at (10.000, 956.560) (10.000, 956.560) on layer: M5
Net VDD: dangling Wire at (1110.000, 956.560) (1110.000, 956.560) on layer: M5
Net VDD: dangling Wire at (10.000, 944.280) (10.000, 944.280) on layer: M5
Net VDD: dangling Wire at (1110.000, 944.280) (1110.000, 944.280) on layer: M5
Net VDD: dangling Wire at (10.000, 932.000) (10.000, 932.000) on layer: M5
Net VDD: dangling Wire at (1110.000, 932.000) (1110.000, 932.000) on layer: M5
Net VDD: dangling Wire at (10.000, 919.720) (10.000, 919.720) on layer: M5
Net VDD: dangling Wire at (1110.000, 919.720) (1110.000, 919.720) on layer: M5
Net VDD: dangling Wire at (10.000, 907.440) (10.000, 907.440) on layer: M5
Net VDD: dangling Wire at (1110.000, 907.440) (1110.000, 907.440) on layer: M5
Net VDD: dangling Wire at (10.000, 895.160) (10.000, 895.160) on layer: M5
Net VDD: dangling Wire at (1110.000, 895.160) (1110.000, 895.160) on layer: M5
Net VDD: dangling Wire at (10.000, 882.880) (10.000, 882.880) on layer: M5
Net VDD: dangling Wire at (1110.000, 882.880) (1110.000, 882.880) on layer: M5
Net VDD: dangling Wire at (10.000, 870.600) (10.000, 870.600) on layer: M5
Net VDD: dangling Wire at (1110.000, 870.600) (1110.000, 870.600) on layer: M5
Net VDD: dangling Wire at (10.000, 858.320) (10.000, 858.320) on layer: M5
Net VDD: dangling Wire at (1110.000, 858.320) (1110.000, 858.320) on layer: M5
Net VDD: dangling Wire at (10.000, 846.040) (10.000, 846.040) on layer: M5
Net VDD: dangling Wire at (1110.000, 846.040) (1110.000, 846.040) on layer: M5
Net VDD: dangling Wire at (10.000, 772.360) (10.000, 772.360) on layer: M5
Net VDD: dangling Wire at (1110.000, 772.360) (1110.000, 772.360) on layer: M5
Net VDD: dangling Wire at (10.000, 784.640) (10.000, 784.640) on layer: M5
Net VDD: dangling Wire at (1110.000, 784.640) (1110.000, 784.640) on layer: M5
Net VDD: dangling Wire at (10.000, 796.920) (10.000, 796.920) on layer: M5
Net VDD: dangling Wire at (1110.000, 796.920) (1110.000, 796.920) on layer: M5
Net VDD: dangling Wire at (10.000, 809.200) (10.000, 809.200) on layer: M5
Net VDD: dangling Wire at (1110.000, 809.200) (1110.000, 809.200) on layer: M5
Net VDD: dangling Wire at (10.000, 821.480) (10.000, 821.480) on layer: M5
Net VDD: dangling Wire at (1110.000, 821.480) (1110.000, 821.480) on layer: M5
Net VDD: dangling Wire at (10.000, 833.760) (10.000, 833.760) on layer: M5
Net VDD: dangling Wire at (1110.000, 833.760) (1110.000, 833.760) on layer: M5
Net VDD: dangling Wire at (10.000, 760.080) (10.000, 760.080) on layer: M5
Net VDD: dangling Wire at (1110.000, 760.080) (1110.000, 760.080) on layer: M5
Net VDD: dangling Wire at (10.000, 747.800) (10.000, 747.800) on layer: M5
Net VDD: dangling Wire at (1110.000, 747.800) (1110.000, 747.800) on layer: M5
Net VDD: dangling Wire at (10.000, 735.520) (10.000, 735.520) on layer: M5
Net VDD: dangling Wire at (1110.000, 735.520) (1110.000, 735.520) on layer: M5
Net VDD: dangling Wire at (10.000, 723.240) (10.000, 723.240) on layer: M5
Net VDD: dangling Wire at (1110.000, 723.240) (1110.000, 723.240) on layer: M5
Net VDD: dangling Wire at (10.000, 710.960) (10.000, 710.960) on layer: M5
Net VDD: dangling Wire at (1110.000, 710.960) (1110.000, 710.960) on layer: M5
Net VDD: dangling Wire at (10.000, 698.680) (10.000, 698.680) on layer: M5
Net VDD: dangling Wire at (1110.000, 698.680) (1110.000, 698.680) on layer: M5
Net VDD: dangling Wire at (10.000, 686.400) (10.000, 686.400) on layer: M5
Net VDD: dangling Wire at (1110.000, 686.400) (1110.000, 686.400) on layer: M5
Net VDD: dangling Wire at (10.000, 674.120) (10.000, 674.120) on layer: M5
Net VDD: dangling Wire at (1110.000, 674.120) (1110.000, 674.120) on layer: M5
Net VDD: dangling Wire at (10.000, 661.840) (10.000, 661.840) on layer: M5
Net VDD: dangling Wire at (1110.000, 661.840) (1110.000, 661.840) on layer: M5
Net VDD: dangling Wire at (10.000, 649.560) (10.000, 649.560) on layer: M5
Net VDD: dangling Wire at (1110.000, 649.560) (1110.000, 649.560) on layer: M5
Net VDD: dangling Wire at (10.000, 637.280) (10.000, 637.280) on layer: M5
Net VDD: dangling Wire at (1110.000, 637.280) (1110.000, 637.280) on layer: M5
Net VDD: dangling Wire at (10.000, 625.000) (10.000, 625.000) on layer: M5
Net VDD: dangling Wire at (1110.000, 625.000) (1110.000, 625.000) on layer: M5
Net VDD: dangling Wire at (10.000, 612.720) (10.000, 612.720) on layer: M5
Net VDD: dangling Wire at (1110.000, 612.720) (1110.000, 612.720) on layer: M5
Net VDD: dangling Wire at (10.000, 600.440) (10.000, 600.440) on layer: M5
Net VDD: dangling Wire at (1110.000, 600.440) (1110.000, 600.440) on layer: M5
Net VDD: dangling Wire at (10.000, 588.160) (10.000, 588.160) on layer: M5
Net VDD: dangling Wire at (1110.000, 588.160) (1110.000, 588.160) on layer: M5
Net VDD: dangling Wire at (10.000, 575.880) (10.000, 575.880) on layer: M5
Net VDD: dangling Wire at (1110.000, 575.880) (1110.000, 575.880) on layer: M5
Net VDD: dangling Wire at (10.000, 563.600) (10.000, 563.600) on layer: M5
Net VDD: dangling Wire at (1110.000, 563.600) (1110.000, 563.600) on layer: M5
Net VDD: dangling Wire at (10.000, 551.320) (10.000, 551.320) on layer: M5
Net VDD: dangling Wire at (1110.000, 551.320) (1110.000, 551.320) on layer: M5
Net VDD: dangling Wire at (10.000, 539.040) (10.000, 539.040) on layer: M5
Net VDD: dangling Wire at (1110.000, 539.040) (1110.000, 539.040) on layer: M5
Net VDD: dangling Wire at (10.000, 526.760) (10.000, 526.760) on layer: M5
Net VDD: dangling Wire at (1110.000, 526.760) (1110.000, 526.760) on layer: M5
Net VDD: dangling Wire at (10.000, 514.480) (10.000, 514.480) on layer: M5
Net VDD: dangling Wire at (1110.000, 514.480) (1110.000, 514.480) on layer: M5
Net VDD: dangling Wire at (10.000, 502.200) (10.000, 502.200) on layer: M5
Net VDD: dangling Wire at (1110.000, 502.200) (1110.000, 502.200) on layer: M5
Net VDD: dangling Wire at (10.000, 477.640) (10.000, 477.640) on layer: M5
Net VDD: dangling Wire at (1110.000, 477.640) (1110.000, 477.640) on layer: M5
Net VDD: dangling Wire at (10.000, 465.360) (10.000, 465.360) on layer: M5
Net VDD: dangling Wire at (1110.000, 465.360) (1110.000, 465.360) on layer: M5
Net VDD: dangling Wire at (10.000, 453.080) (10.000, 453.080) on layer: M5
Net VDD: dangling Wire at (1110.000, 453.080) (1110.000, 453.080) on layer: M5
Net VDD: dangling Wire at (10.000, 440.800) (10.000, 440.800) on layer: M5
Net VDD: dangling Wire at (1110.000, 440.800) (1110.000, 440.800) on layer: M5
Net VDD: dangling Wire at (10.000, 428.520) (10.000, 428.520) on layer: M5
Net VDD: dangling Wire at (1110.000, 428.520) (1110.000, 428.520) on layer: M5
Net VDD: dangling Wire at (10.000, 489.920) (10.000, 489.920) on layer: M5
Net VDD: dangling Wire at (1110.000, 489.920) (1110.000, 489.920) on layer: M5
Net VDD: dangling Wire at (10.000, 391.680) (10.000, 391.680) on layer: M5
Net VDD: dangling Wire at (1110.000, 391.680) (1110.000, 391.680) on layer: M5
Net VDD: dangling Wire at (10.000, 403.960) (10.000, 403.960) on layer: M5
Net VDD: dangling Wire at (1110.000, 403.960) (1110.000, 403.960) on layer: M5
Net VDD: dangling Wire at (10.000, 416.240) (10.000, 416.240) on layer: M5
Net VDD: dangling Wire at (1110.000, 416.240) (1110.000, 416.240) on layer: M5
Net VDD: dangling Wire at (10.000, 354.840) (10.000, 354.840) on layer: M5
Net VDD: dangling Wire at (1110.000, 354.840) (1110.000, 354.840) on layer: M5
Net VDD: dangling Wire at (10.000, 367.120) (10.000, 367.120) on layer: M5
Net VDD: dangling Wire at (1110.000, 367.120) (1110.000, 367.120) on layer: M5
Net VDD: dangling Wire at (10.000, 379.400) (10.000, 379.400) on layer: M5
Net VDD: dangling Wire at (1110.000, 379.400) (1110.000, 379.400) on layer: M5
Net VDD: dangling Wire at (10.000, 318.000) (10.000, 318.000) on layer: M5
Net VDD: dangling Wire at (1110.000, 318.000) (1110.000, 318.000) on layer: M5
Net VDD: dangling Wire at (10.000, 342.560) (10.000, 342.560) on layer: M5
Net VDD: dangling Wire at (1110.000, 342.560) (1110.000, 342.560) on layer: M5
Net VDD: dangling Wire at (10.000, 330.280) (10.000, 330.280) on layer: M5
Net VDD: dangling Wire at (1110.000, 330.280) (1110.000, 330.280) on layer: M5
Net VDD: dangling Wire at (10.000, 281.160) (10.000, 281.160) on layer: M5
Net VDD: dangling Wire at (1110.000, 281.160) (1110.000, 281.160) on layer: M5
Net VDD: dangling Wire at (10.000, 293.440) (10.000, 293.440) on layer: M5
Net VDD: dangling Wire at (1110.000, 293.440) (1110.000, 293.440) on layer: M5
Net VDD: dangling Wire at (10.000, 305.720) (10.000, 305.720) on layer: M5
Net VDD: dangling Wire at (1110.000, 305.720) (1110.000, 305.720) on layer: M5
Net VDD: dangling Wire at (10.000, 268.880) (10.000, 268.880) on layer: M5
Net VDD: dangling Wire at (1110.000, 268.880) (1110.000, 268.880) on layer: M5
Net VDD: dangling Wire at (10.000, 256.600) (10.000, 256.600) on layer: M5
Net VDD: dangling Wire at (1110.000, 256.600) (1110.000, 256.600) on layer: M5
Net VDD: dangling Wire at (10.000, 232.040) (10.000, 232.040) on layer: M5
Net VDD: dangling Wire at (1110.000, 232.040) (1110.000, 232.040) on layer: M5
Net VDD: dangling Wire at (10.000, 219.760) (10.000, 219.760) on layer: M5
Net VDD: dangling Wire at (1110.000, 219.760) (1110.000, 219.760) on layer: M5
Net VDD: dangling Wire at (10.000, 244.320) (10.000, 244.320) on layer: M5
Net VDD: dangling Wire at (1110.000, 244.320) (1110.000, 244.320) on layer: M5
Net VDD: dangling Wire at (10.000, 207.480) (10.000, 207.480) on layer: M5
Net VDD: dangling Wire at (1110.000, 207.480) (1110.000, 207.480) on layer: M5
Net VDD: dangling Wire at (10.000, 195.200) (10.000, 195.200) on layer: M5
Net VDD: dangling Wire at (1110.000, 195.200) (1110.000, 195.200) on layer: M5
Net VDD: dangling Wire at (10.000, 182.920) (10.000, 182.920) on layer: M5
Net VDD: dangling Wire at (1110.000, 182.920) (1110.000, 182.920) on layer: M5
Net VDD: dangling Wire at (10.000, 170.640) (10.000, 170.640) on layer: M5
Net VDD: dangling Wire at (1110.000, 170.640) (1110.000, 170.640) on layer: M5
Net VDD: dangling Wire at (10.000, 158.360) (10.000, 158.360) on layer: M5
Net VDD: dangling Wire at (1110.000, 158.360) (1110.000, 158.360) on layer: M5
Net VDD: dangling Wire at (10.000, 146.080) (10.000, 146.080) on layer: M5
Net VDD: dangling Wire at (1110.000, 146.080) (1110.000, 146.080) on layer: M5
Net VDD: dangling Wire at (10.000, 133.800) (10.000, 133.800) on layer: M5
Net VDD: dangling Wire at (1110.000, 133.800) (1110.000, 133.800) on layer: M5
Net VDD: dangling Wire at (10.000, 121.520) (10.000, 121.520) on layer: M5
Net VDD: dangling Wire at (1110.000, 121.520) (1110.000, 121.520) on layer: M5
Net VDD: dangling Wire at (10.000, 109.240) (10.000, 109.240) on layer: M5
Net VDD: dangling Wire at (1110.000, 109.240) (1110.000, 109.240) on layer: M5
Net VDD: dangling Wire at (10.000, 96.960) (10.000, 96.960) on layer: M5
Net VDD: dangling Wire at (1110.000, 96.960) (1110.000, 96.960) on layer: M5
Net VDD: dangling Wire at (10.000, 84.680) (10.000, 84.680) on layer: M5
Net VDD: dangling Wire at (1110.000, 84.680) (1110.000, 84.680) on layer: M5
Net VDD: dangling Wire at (10.000, 72.400) (10.000, 72.400) on layer: M5
Net VDD: dangling Wire at (1110.000, 72.400) (1110.000, 72.400) on layer: M5
Net VDD: dangling Wire at (10.000, 60.120) (10.000, 60.120) on layer: M5
Net VDD: dangling Wire at (1110.000, 60.120) (1110.000, 60.120) on layer: M5
Net VDD: dangling Wire at (10.000, 47.840) (10.000, 47.840) on layer: M5
Net VDD: dangling Wire at (1110.000, 47.840) (1110.000, 47.840) on layer: M5
Net VDD: dangling Wire at (10.000, 23.280) (10.000, 23.280) on layer: M5
Net VDD: dangling Wire at (1110.000, 23.280) (1110.000, 23.280) on layer: M5
Net VDD: dangling Wire at (10.000, 11.000) (10.000, 11.000) on layer: M5
Net VDD: dangling Wire at (1110.000, 11.000) (1110.000, 11.000) on layer: M5
Net VDD: dangling Wire at (10.000, 35.560) (10.000, 35.560) on layer: M5
Net VDD: dangling Wire at (1110.000, 35.560) (1110.000, 35.560) on layer: M5
Net VSS: has special routes with opens at (10.000, 390.205) (1110.000, 1073.080)
Net VSS: has special routes with opens at (10.000, 1109.095) (1110.000, 1109.965)
Net VSS: has special routes with opens at (10.000, 1105.495) (1110.000, 1106.905)
Net VSS: has special routes with opens at (10.000, 1101.895) (1110.000, 1103.305)
Net VSS: has special routes with opens at (10.000, 1098.295) (1110.000, 1099.705)
Net VSS: has special routes with opens at (10.000, 1094.695) (1110.000, 1096.105)
Net VSS: has special routes with opens at (10.000, 1091.095) (1110.000, 1092.505)
Net VSS: has special routes with opens at (10.000, 1087.495) (1110.000, 1088.905)
Net VSS: has special routes with opens at (10.000, 1073.095) (1110.000, 1074.505)
Net VSS: has special routes with opens at (10.000, 1076.695) (1110.000, 1078.105)
Net VSS: has special routes with opens at (10.000, 1080.295) (1110.000, 1081.705)
Net VSS: has special routes with opens at (10.000, 1083.895) (1110.000, 1085.305)
Net VSS: has special routes with opens at (10.000, 389.095) (1110.000, 390.505)
Net VSS: has special routes with opens at (10.000, 385.495) (1110.000, 386.905)
Net VSS: has special routes with opens at (10.000, 349.495) (1110.000, 350.905)
Net VSS: has special routes with opens at (10.000, 353.095) (1110.000, 354.505)
Net VSS: has special routes with opens at (10.000, 356.695) (1110.000, 358.105)
Net VSS: has special routes with opens at (10.000, 360.295) (1110.000, 361.705)
Net VSS: has special routes with opens at (10.000, 363.895) (1110.000, 365.305)
Net VSS: has special routes with opens at (10.000, 367.495) (1110.000, 368.905)
Net VSS: has special routes with opens at (10.000, 371.095) (1110.000, 372.505)
Net VSS: has special routes with opens at (10.000, 381.895) (1110.000, 383.305)
Net VSS: has special routes with opens at (10.000, 378.295) (1110.000, 379.705)
Net VSS: has special routes with opens at (10.000, 374.695) (1110.000, 376.105)
Net VSS: has special routes with opens at (10.000, 317.095) (1110.000, 318.505)
Net VSS: has special routes with opens at (10.000, 320.695) (1110.000, 322.105)
Net VSS: has special routes with opens at (10.000, 324.295) (1110.000, 325.705)
Net VSS: has special routes with opens at (10.000, 327.895) (1110.000, 329.305)
Net VSS: has special routes with opens at (10.000, 331.495) (1110.000, 332.905)
Net VSS: has special routes with opens at (10.000, 335.095) (1110.000, 336.505)
Net VSS: has special routes with opens at (10.000, 338.695) (1110.000, 340.105)
Net VSS: has special routes with opens at (10.000, 342.295) (1110.000, 343.705)
Net VSS: has special routes with opens at (10.000, 345.895) (1110.000, 347.305)
Net VSS: has special routes with opens at (10.000, 281.095) (1110.000, 282.505)
Net VSS: has special routes with opens at (10.000, 284.695) (1110.000, 286.105)
Net VSS: has special routes with opens at (10.000, 288.295) (1110.000, 289.705)
Net VSS: has special routes with opens at (10.000, 291.895) (1110.000, 293.305)
Net VSS: has special routes with opens at (10.000, 295.495) (1110.000, 296.905)
Net VSS: has special routes with opens at (10.000, 299.095) (1110.000, 300.505)
Net VSS: has special routes with opens at (10.000, 302.695) (1110.000, 304.105)
Net VSS: has special routes with opens at (10.000, 306.295) (1110.000, 307.705)
Net VSS: has special routes with opens at (10.000, 309.895) (1110.000, 311.305)
Net VSS: has special routes with opens at (10.000, 313.495) (1110.000, 314.905)
Net VSS: has special routes with opens at (10.000, 245.095) (1110.000, 246.505)
Net VSS: has special routes with opens at (10.000, 248.695) (1110.000, 250.105)
Net VSS: has special routes with opens at (10.000, 252.295) (1110.000, 253.705)
Net VSS: has special routes with opens at (10.000, 255.895) (1110.000, 257.305)
Net VSS: has special routes with opens at (10.000, 259.495) (1110.000, 260.905)
Net VSS: has special routes with opens at (10.000, 263.095) (1110.000, 264.505)
Net VSS: has special routes with opens at (10.000, 266.695) (1110.000, 268.105)
Net VSS: has special routes with opens at (10.000, 270.295) (1110.000, 271.705)
Net VSS: has special routes with opens at (10.000, 273.895) (1110.000, 275.305)
Net VSS: has special routes with opens at (10.000, 277.495) (1110.000, 278.905)
Net VSS: has special routes with opens at (10.000, 212.695) (1110.000, 214.105)
Net VSS: has special routes with opens at (10.000, 216.295) (1110.000, 217.705)
Net VSS: has special routes with opens at (10.000, 219.895) (1110.000, 221.305)

Begin Summary
    210 Problem(s) (IMPVFC-200): Special Wires: Pieces of the net are not connected together.
    790 Problem(s) (IMPVFC-94): The net has dangling wire(s).
    1000 total info(s) created.
End Summary
