###############################################################
#  Generated by:      Cadence Innovus 15.23-s045_1
#  OS:                Linux x86_64(Host ID ieng6-ece-01.ucsd.edu)
#  Generated on:      Sat Mar 22 09:30:34 2025
#  Design:            core
#  Command:           verifyGeometry
###############################################################

SHORT: Regular Via of Net sfp_instance/fifo_inst_ext/FE_OFN6232_rd_ptr_1_ & Blockage of Cell sfp_instance/fifo_inst_ext/FE_OFC6232_rd_ptr_1_  ( M1 )
Bounds : ( 306.010, 1057.150 ) ( 306.390, 1057.250 )


SHORT: Regular Wire of Net sfp_instance/fifo_inst_int/q5[13] & Special Wire of Net VSS  ( M2 )
Bounds : ( 385.850, 639.310 ) ( 385.855, 639.830 )


SHORT: Regular Via of Net sfp_instance/fifo_inst_int/fifo_mux_16_1a/mux_8_1a/out_sub0_3[1] & Blockage of Cell sfp_instance/fifo_inst_int/fifo_mux_16_1a/mux_8_1a/fifo_mux_2_1d/U13  ( M1 )
Bounds : ( 339.115, 660.800 ) ( 339.190, 660.900 )


SHORT: Regular Via of Net sfp_instance/sum_this_core[23] & Blockage of Cell sfp_instance/fifo_inst_int/fifo_mux_16_1a/mux_2_1a/U40  ( M1 )
Bounds : ( 339.800, 663.910 ) ( 339.900, 664.090 )


SHORT: Regular Wire of Net sfp_instance/fifo_inst_int/q5[10] & Special Wire of Net VSS  ( M2 )
Bounds : ( 385.850, 621.310 ) ( 385.855, 621.830 )


SHORT: Regular Wire of Net sfp_instance/fifo_inst_int/q7[10] & Special Wire of Net VSS  ( M2 )
Bounds : ( 385.850, 628.510 ) ( 385.855, 629.030 )


SHORT: Regular Via of Net sfp_instance/n22122 & Blockage of Cell sfp_instance/U4598  ( M1 )
Bounds : ( 339.810, 597.350 ) ( 339.990, 597.450 )


SHORT: Regular Via of Net sfp_instance/sum_this_core[22] & Blockage of Cell sfp_instance/fifo_inst_int/fifo_mux_16_1a/mux_2_1a/U12  ( M1 )
Bounds : ( 339.800, 624.310 ) ( 339.900, 624.490 )


SHORT: Regular Via of Net sfp_instance/sum_this_core[21] & Blockage of Cell sfp_instance/fifo_inst_int/fifo_mux_16_1a/mux_2_1a/U51  ( M1 )
Bounds : ( 339.800, 621.110 ) ( 339.900, 621.290 )


SHORT: Regular Via of Net sfp_instance/n6118 & Blockage of Cell sfp_instance/U5323  ( M1 )
Bounds : ( 992.450, 342.070 ) ( 992.550, 342.490 )


SHORT: Regular Via of Net sfp_instance/n10492 & Blockage of Cell sfp_instance/U10969  ( M1 )
Bounds : ( 883.410, 313.595 ) ( 883.590, 313.695 )


SHORT: Regular Via of Net sfp_instance/n13412 & Blockage of Cell sfp_instance/U38348  ( M1 )
Bounds : ( 937.650, 365.110 ) ( 937.750, 365.530 )


SHORT: Regular Via of Net sfp_instance/n29870 & Blockage of Cell sfp_instance/FE_RC_598_0  ( M1 )
Bounds : ( 578.250, 290.110 ) ( 578.350, 290.290 )


SHORT: Regular Via of Net sfp_instance/n3344 & Blockage of Cell sfp_instance/U4491  ( M1 )
Bounds : ( 668.050, 282.310 ) ( 668.150, 282.730 )


SHORT: Regular Via of Net sfp_instance/n5109 & Blockage of Cell sfp_instance/U24530  ( M1 )
Bounds : ( 631.410, 375.905 ) ( 631.590, 376.005 )


SHORT: Regular Via of Net sfp_instance/n4584 & Blockage of Cell sfp_instance/FE_RC_225_0  ( M1 )
Bounds : ( 775.450, 391.110 ) ( 775.550, 391.290 )


SHORT: Regular Via of Net sfp_instance/n4860 & Blockage of Cell sfp_instance/U8600  ( M1 )
Bounds : ( 829.580, 350.705 ) ( 829.820, 350.805 )


SHORT: Regular Via of Net sfp_instance/n10850 & Blockage of Cell sfp_instance/U26035  ( M1 )
Bounds : ( 811.850, 365.670 ) ( 811.950, 366.090 )


SHORT: Regular Via of Net sfp_instance/n11725 & Blockage of Cell sfp_instance/U28435  ( M1 )
Bounds : ( 830.050, 329.110 ) ( 830.150, 329.530 )


SHORT: Regular Via of Net sfp_instance/n2938 & Blockage of Cell sfp_instance/U16316  ( M1 )
Bounds : ( 883.850, 264.510 ) ( 883.950, 264.930 )


SHORT: Regular Via of Net sfp_instance/n37858 & Blockage of Cell sfp_instance/U25183  ( M1 )
Bounds : ( 847.610, 246.305 ) ( 847.790, 246.405 )


SHORT: Regular Via of Net sfp_instance/n41372 & Blockage of Cell sfp_instance/U5821  ( M1 )
Bounds : ( 920.650, 273.910 ) ( 920.750, 274.090 )


SHORT: Regular Via of Net sfp_instance/n41527 & Blockage of Cell sfp_instance/U25187  ( M1 )
Bounds : ( 938.450, 230.310 ) ( 938.550, 230.490 )


SHORT: Regular Via of Net sfp_instance/FE_PHN26401_FE_OFN6401_FE_OCPN4966_FE_DBTN140_n22980 & Blockage of Cell sfp_instance/FE_PHC26401_FE_OFN6401_FE_OCPN4966_FE_DBTN140_n22980  ( M1 )
Bounds : ( 632.810, 88.550 ) ( 632.990, 88.650 )


SHORT: Regular Via of Net ofifo_inst/col_idx_3__fifo_instance/FE_USKN96_CTS_7 & Blockage of Cell ofifo_inst/col_idx_3__fifo_instance/FE_USKC67_CTS_7  ( M1 )
Bounds : ( 821.610, 56.350 ) ( 821.990, 56.450 )


SHORT: Regular Via of Net sfp_instance/n8198 & Blockage of Cell sfp_instance/U25602  ( M1 )
Bounds : ( 613.850, 279.110 ) ( 613.950, 279.290 )


SHORT: Regular Via of Net sfp_instance/n20413 & Blockage of Cell sfp_instance/FE_RC_469_0  ( M1 )
Bounds : ( 614.450, 257.710 ) ( 614.550, 257.890 )


SHORT: Regular Via of Net sfp_instance/n29082 & Blockage of Cell sfp_instance/FE_RC_3194_0  ( M1 )
Bounds : ( 614.810, 275.615 ) ( 614.990, 275.715 )


SHORT: Regular Via of Net FE_USKN36_CTS_120 & Blockage of Cell FE_USKC35_CTS_120  ( M1 )
Bounds : ( 665.010, 232.750 ) ( 665.390, 232.850 )


SHORT: Regular Via of Net FE_USKN7644_CTS_120 & Blockage of Cell FE_USKC7596_CTS_120  ( M1 )
Bounds : ( 686.810, 207.350 ) ( 686.990, 207.450 )


SHORT: Regular Via of Net sfp_instance/n2924 & Blockage of Cell sfp_instance/U10862  ( M1 )
Bounds : ( 648.610, 270.395 ) ( 648.790, 270.495 )


SHORT: Regular Via of Net sfp_instance/n3136 & Blockage of Cell sfp_instance/U22972  ( M1 )
Bounds : ( 668.010, 245.195 ) ( 668.190, 245.295 )


SHORT: Regular Via of Net sfp_instance/n6408 & Blockage of Cell sfp_instance/U9113  ( M1 )
Bounds : ( 740.850, 268.310 ) ( 740.950, 268.490 )


SHORT: Regular Via of Net sfp_instance/n38316 & Blockage of Cell sfp_instance/U42210  ( M1 )
Bounds : ( 787.450, 248.110 ) ( 787.550, 248.530 )


SHORT: Regular Via of Net sfp_instance/n48801 & Blockage of Cell sfp_instance/U28497  ( M1 )
Bounds : ( 739.810, 260.705 ) ( 739.990, 260.805 )


SHORT: Regular Via of Net sfp_instance/n49123 & Blockage of Cell sfp_instance/U42481  ( M1 )
Bounds : ( 704.810, 220.000 ) ( 704.990, 220.100 )


SHORT: Regular Via of Net sfp_instance/n49240 & Blockage of Cell sfp_instance/U31804  ( M1 )
Bounds : ( 721.010, 230.795 ) ( 721.190, 230.895 )


SPACING: Regular Via of Net sfp_instance/FE_PHN31696_FE_OCPN8726_n13450 & Special Wire of Net VSS  ( M2 )
Bounds : ( 383.800, 549.310 ) ( 383.855, 549.690 )
Actual:     0.055     Min:     0.1     Type: ParallelRun


SHORT: Regular Via of Net sfp_instance/n11629 & Blockage of Cell sfp_instance/U4931  ( M1 )
Bounds : ( 363.010, 545.750 ) ( 363.190, 545.850 )


SPACING: Regular Wire of Net sfp_instance/n18506 & Pin of Cell sfp_instance/U28738  ( M1 )
Bounds : ( 384.945, 503.555 ) ( 384.965, 503.605 )
Actual:     0.02     Min:     0.09     Type: ParallelRun


SHORT: Regular Via of Net sfp_instance/n39413 & Blockage of Cell sfp_instance/U4061  ( M1 )
Bounds : ( 386.210, 507.350 ) ( 386.390, 507.450 )


SHORT: Regular Via of Net sfp_instance/n10160 & Blockage of Cell sfp_instance/U8987  ( M1 )
Bounds : ( 383.560, 513.450 ) ( 383.740, 513.550 )


SHORT: Regular Via of Net sfp_instance/n10104 & Blockage of Cell sfp_instance/U3932  ( M1 )
Bounds : ( 362.250, 518.470 ) ( 362.350, 518.890 )


SHORT: Regular Via of Net sfp_instance/n7988 & Blockage of Cell sfp_instance/U4040  ( M1 )
Bounds : ( 386.210, 495.350 ) ( 386.390, 495.450 )


SHORT: Regular Via of Net sfp_instance/n6708 & Blockage of Cell sfp_instance/U10167  ( M1 )
Bounds : ( 380.610, 515.195 ) ( 380.790, 515.295 )


SHORT: Regular Via of Net sfp_instance/FE_RN_50 & Blockage of Cell sfp_instance/U4565_dup  ( M1 )
Bounds : ( 382.010, 524.180 ) ( 382.190, 524.280 )


SPACING: Regular Via of Net sfp_instance/n18506 & Blockage of Cell sfp_instance/U28738  ( M1 )
Bounds : ( 385.055, 503.645 ) ( 386.190, 503.695 )
Actual:     0.05     Min:     0.09     Type: ParallelRun


SHORT: Regular Wire of Net sfp_instance/n18506 & Blockage of Cell sfp_instance/U28738  ( M1 )
Bounds : ( 384.965, 503.695 ) ( 385.055, 503.790 )


SHORT: Regular Wire of Net sfp_instance/n8302 & Special Wire of Net VSS  ( M2 )
Bounds : ( 385.850, 505.710 ) ( 385.855, 506.230 )


SHORT: Regular Wire of Net sfp_instance/FE_RN_790 & Special Wire of Net VSS  ( M2 )
Bounds : ( 338.900, 517.310 ) ( 338.935, 517.830 )


SHORT: Regular Wire of Net sfp_instance/FE_RN_790 & Pin of Cell sfp_instance/U5437_dup_dup  ( M1 )
Bounds : ( 338.605, 517.205 ) ( 338.645, 517.290 )


SHORT: Regular Wire of Net sfp_instance/FE_RN_790 & Special Wire of Net VDD  ( M1 )
Bounds : ( 338.555, 517.435 ) ( 338.995, 517.445 )


SHORT: Regular Via of Net sfp_instance/FE_RN_790 & Special Wire of Net VDD  ( M1 )
Bounds : ( 338.860, 517.435 ) ( 339.040, 517.450 )


SHORT: Regular Via of Net sfp_instance/n9824 & Special Wire of Net VSS  ( M2 )
Bounds : ( 338.860, 498.900 ) ( 338.935, 499.000 )


SPACING: Regular Wire of Net sfp_instance/FE_RN_790 & Pin of Cell sfp_instance/U5437_dup_dup  ( M1 )
Bounds : ( 338.300, 517.150 ) ( 338.450, 517.205 )
Actual:     0.055     Min:     0.09     Type: ParallelRun  SameNetGap


SPACING: Regular Via of Net sfp_instance/FE_RN_790 & Pin of Cell sfp_instance/U5437_dup_dup  ( M1 )
Bounds : ( 338.645, 517.290 ) ( 339.040, 517.355 )
Actual:     0.065     Min:     0.09     Type: ParallelRun   


SPACING: Regular Via of Net sfp_instance/FE_OCPN8589_FE_RN_394 & Special Wire of Net VSS  ( M2 )
Bounds : ( 338.935, 499.935 ) ( 339.050, 500.355 )
Actual:     0.115     Min:     0.16     Type: ParallelRun


SHORT: Regular Wire of Net sfp_instance/n1984 & Special Wire of Net VSS  ( M2 )
Bounds : ( 385.850, 465.710 ) ( 385.855, 466.230 )


SHORT: Regular Via of Net sfp_instance/n8181 & Blockage of Cell sfp_instance/U6886  ( M1 )
Bounds : ( 386.010, 473.750 ) ( 386.190, 473.850 )


SHORT: Regular Wire of Net sfp_instance/n7906 & Pin of Cell sfp_instance/U23812  ( M1 )
Bounds : ( 384.155, 460.310 ) ( 384.195, 460.395 )


SHORT: Regular Wire of Net sfp_instance/n7906 & Special Wire of Net VDD  ( M1 )
Bounds : ( 383.805, 460.155 ) ( 384.245, 460.165 )


SHORT: Regular Via of Net sfp_instance/n7906 & Special Wire of Net VDD  ( M1 )
Bounds : ( 383.760, 460.150 ) ( 383.940, 460.165 )


SHORT: Regular Via of Net sfp_instance/n7906 & Special Wire of Net VSS  ( M2 )
Bounds : ( 383.855, 460.150 ) ( 383.940, 460.250 )


SPACING: Regular Wire of Net sfp_instance/n7906 & Pin of Cell sfp_instance/U23812  ( M1 )
Bounds : ( 384.550, 460.395 ) ( 384.700, 460.450 )
Actual:     0.055     Min:     0.09     Type: ParallelRun  SameNetGap


SHORT: Regular Via of Net sfp_instance/n3681 & Blockage of Cell sfp_instance/U6183  ( M1 )
Bounds : ( 382.810, 462.980 ) ( 382.990, 463.080 )


SPACING: Regular Via of Net sfp_instance/n7906 & Pin of Cell sfp_instance/U23812  ( M1 )
Bounds : ( 383.760, 460.245 ) ( 384.155, 460.310 )
Actual:     0.065     Min:     0.09     Type: ParallelRun   


SHORT: Regular Via of Net sfp_instance/n7907 & Blockage of Cell sfp_instance/U3893  ( M1 )
Bounds : ( 361.450, 487.510 ) ( 361.550, 487.930 )


SHORT: Regular Via of Net sfp_instance/n10719 & Blockage of Cell sfp_instance/U30640  ( M1 )
Bounds : ( 382.610, 486.400 ) ( 382.790, 486.500 )


SHORT: Regular Via of Net sfp_instance/n19579 & Blockage of Cell sfp_instance/U10903  ( M1 )
Bounds : ( 383.010, 447.900 ) ( 383.190, 448.000 )


SHORT: Regular Via of Net sfp_instance/n8388 & Blockage of Cell sfp_instance/FE_RC_2449_0  ( M1 )
Bounds : ( 342.410, 483.825 ) ( 342.590, 483.925 )


SPACING: Regular Wire of Net sfp_instance/FE_RN_337 & Pin of Cell sfp_instance/U6008_dup1  ( M1 )
Bounds : ( 338.300, 484.750 ) ( 338.450, 484.805 )
Actual:     0.055     Min:     0.09     Type: ParallelRun  SameNetGap


SHORT: Regular Wire of Net sfp_instance/n3310 & Special Wire of Net VSS  ( M2 )
Bounds : ( 337.850, 488.110 ) ( 337.950, 488.630 )


SHORT: Regular Via of Net sfp_instance/FE_RN_337 & Special Wire of Net VSS  ( M2 )
Bounds : ( 338.860, 484.950 ) ( 338.935, 485.050 )


SHORT: Regular Via of Net sfp_instance/FE_RN_337 & Special Wire of Net VDD  ( M1 )
Bounds : ( 338.860, 485.035 ) ( 339.040, 485.050 )


SHORT: Regular Wire of Net sfp_instance/FE_RN_337 & Special Wire of Net VDD  ( M1 )
Bounds : ( 338.555, 485.035 ) ( 338.995, 485.045 )


SHORT: Regular Wire of Net sfp_instance/FE_RN_337 & Pin of Cell sfp_instance/U6008_dup1  ( M1 )
Bounds : ( 338.605, 484.805 ) ( 338.645, 484.890 )


SHORT: Regular Via of Net sfp_instance/n8214 & Blockage of Cell sfp_instance/U30510  ( M1 )
Bounds : ( 343.210, 480.305 ) ( 343.390, 480.405 )


SHORT: Regular Via of Net sfp_instance/FE_RN_301 & Blockage of Cell sfp_instance/U6008_dup  ( M1 )
Bounds : ( 339.850, 480.670 ) ( 339.950, 481.090 )


SPACING: Regular Via of Net sfp_instance/FE_RN_337 & Pin of Cell sfp_instance/U6008_dup1  ( M1 )
Bounds : ( 338.645, 484.890 ) ( 339.040, 484.955 )
Actual:     0.065     Min:     0.09     Type: ParallelRun   


SHORT: Regular Wire of Net sfp_instance/FE_RN_210 & Blockage of Cell sfp_instance/U6009_dup  ( M1 )
Bounds : ( 338.775, 469.755 ) ( 338.880, 469.845 )


SHORT: Regular Wire of Net sfp_instance/n15409 & Special Wire of Net VSS  ( M2 )
Bounds : ( 336.935, 465.910 ) ( 336.950, 466.430 )


MINHOLE: Regular Wire of Net sfp_instance/FE_RN_210  ( M1 )
Bounds : ( 338.255, 470.045 ) ( 338.575, 470.180 )
Actual:     0.01785     Min:     0.2


SPACING: Regular Wire of Net sfp_instance/FE_RN_210 & Pin of Cell sfp_instance/U6009_dup  ( M1 )
Bounds : ( 338.255, 470.045 ) ( 338.450, 470.050 )
Actual:     0.005     Min:     0.09     Type: ParallelRun  SameNetGap   


SPACING: Regular Wire of Net sfp_instance/FE_RN_210 & Blockage of Cell sfp_instance/U6009_dup  ( M1 )
Bounds : ( 338.745, 469.755 ) ( 338.775, 470.045 )
Actual:     0.03     Min:     0.09     Type: ParallelRun


SPACING: Regular Wire of Net sfp_instance/FE_RN_210 & Pin of Cell sfp_instance/U6009_dup  ( M1 )
Bounds : ( 338.165, 469.890 ) ( 338.465, 469.955 )
Actual:     0.065     Min:     0.09     Type: ParallelRun


SHORT: Regular Wire of Net sfp_instance/n7509 & Special Wire of Net VSS  ( M2 )
Bounds : ( 336.935, 459.510 ) ( 336.950, 460.030 )


SHORT: Regular Via of Net sfp_instance/n17652 & Blockage of Cell sfp_instance/U29734  ( M1 )
Bounds : ( 339.850, 460.310 ) ( 339.950, 460.730 )


SHORT: Regular Wire of Net sfp_instance/n1312 & Special Wire of Net VSS  ( M2 )
Bounds : ( 338.900, 425.110 ) ( 338.935, 425.630 )


SHORT: Regular Wire of Net sfp_instance/n15868 & Special Wire of Net VSS  ( M2 )
Bounds : ( 336.935, 451.310 ) ( 336.950, 451.830 )


SHORT: Regular Via of Net sfp_instance/FE_RN_623 & Blockage of Cell sfp_instance/U10877_dup_dup  ( M1 )
Bounds : ( 339.800, 437.560 ) ( 339.900, 437.740 )


SHORT: Regular Via of Net sfp_instance/FE_RN_512 & Blockage of Cell sfp_instance/U10877_dup  ( M1 )
Bounds : ( 339.800, 442.910 ) ( 339.900, 443.090 )


SHORT: Regular Via of Net sfp_instance/n39580 & Blockage of Cell sfp_instance/U30591  ( M1 )
Bounds : ( 339.410, 426.950 ) ( 339.590, 427.050 )


SHORT: Regular Via of Net sfp_instance/n29869 & Blockage of Cell sfp_instance/U22755  ( M1 )
Bounds : ( 559.810, 314.705 ) ( 559.990, 314.805 )


SHORT: Regular Via of Net sfp_instance/n30104 & Blockage of Cell sfp_instance/U34010  ( M1 )
Bounds : ( 541.610, 281.195 ) ( 541.790, 281.295 )


SHORT: Regular Via of Net sfp_instance/n7497 & Blockage of Cell sfp_instance/FE_RC_927_0  ( M1 )
Bounds : ( 469.450, 381.670 ) ( 469.550, 382.090 )


SHORT: Regular Via of Net sfp_instance/n11190 & Blockage of Cell sfp_instance/U20861  ( M1 )
Bounds : ( 470.250, 330.710 ) ( 470.350, 331.130 )


SHORT: Regular Via of Net sfp_instance/n19576 & Blockage of Cell sfp_instance/FE_RC_1575_0  ( M1 )
Bounds : ( 451.650, 356.110 ) ( 451.750, 356.290 )


SHORT: Regular Via of Net sfp_instance/n22198 & Blockage of Cell sfp_instance/U17312  ( M1 )
Bounds : ( 452.810, 360.400 ) ( 452.990, 360.500 )


SHORT: Regular Via of Net sfp_instance/n8516 & Blockage of Cell sfp_instance/U13268  ( M1 )
Bounds : ( 542.810, 349.595 ) ( 542.990, 349.695 )


SHORT: Regular Via of Net sfp_instance/FE_OCPN3154_n18571 & Special Wire of Net VSS  ( M2 )
Bounds : ( 385.650, 410.110 ) ( 385.855, 410.290 )


SHORT: Regular Via of Net sfp_instance/n13591 & Blockage of Cell sfp_instance/U26138  ( M1 )
Bounds : ( 382.410, 397.500 ) ( 382.590, 397.600 )


SHORT: Regular Via of Net sfp_instance/n18933 & Blockage of Cell sfp_instance/U42599  ( M1 )
Bounds : ( 386.200, 392.110 ) ( 386.300, 392.290 )


SHORT: Regular Via of Net sfp_instance/n32616 & Blockage of Cell sfp_instance/U7643  ( M1 )
Bounds : ( 380.850, 374.310 ) ( 380.950, 374.490 )


SHORT: Regular Via of Net sfp_instance/FE_RN_807 & Pin of Cell sfp_instance/FE_PHC24475_FE_OFN2626_n21890  ( M1 )
Bounds : ( 336.710, 408.550 ) ( 336.750, 408.650 )


SHORT: Regular Wire of Net sfp_instance/n13725 & Special Wire of Net VSS  ( M2 )
Bounds : ( 336.935, 417.310 ) ( 336.950, 417.830 )


SPACING: Regular Via of Net sfp_instance/FE_RN_807 & Special Wire of Net VSS  ( M2 )
Bounds : ( 336.850, 408.510 ) ( 336.935, 408.690 )
Actual:     0.085     Min:     0.1     Type: ParallelRun


SHORT: Regular Wire of Net sfp_instance/n22657 & Special Wire of Net VDD  ( M1 )
Bounds : ( 338.555, 398.635 ) ( 338.995, 398.645 )


SHORT: Regular Wire of Net sfp_instance/n22657 & Pin of Cell sfp_instance/U5774  ( M1 )
Bounds : ( 338.605, 398.405 ) ( 338.645, 398.490 )


SHORT: Regular Via of Net sfp_instance/n22657 & Special Wire of Net VDD  ( M1 )
Bounds : ( 338.860, 398.635 ) ( 339.040, 398.650 )


SHORT: Regular Via of Net sfp_instance/n22657 & Special Wire of Net VSS  ( M2 )
Bounds : ( 338.860, 398.550 ) ( 338.935, 398.650 )


SHORT: Regular Wire of Net sfp_instance/n39604 & Special Wire of Net VSS  ( M2 )
Bounds : ( 336.935, 399.110 ) ( 336.950, 399.630 )


SPACING: Regular Wire of Net sfp_instance/n22657 & Pin of Cell sfp_instance/U5774  ( M1 )
Bounds : ( 338.100, 398.350 ) ( 338.250, 398.405 )
Actual:     0.055     Min:     0.09     Type: ParallelRun  SameNetGap


SPACING: Regular Via of Net sfp_instance/n22657 & Pin of Cell sfp_instance/U5774  ( M1 )
Bounds : ( 338.645, 398.490 ) ( 339.040, 398.555 )
Actual:     0.065     Min:     0.09     Type: ParallelRun   


SHORT: Regular Wire of Net sfp_instance/n22591 & Pin of Cell sfp_instance/U25927  ( M1 )
Bounds : ( 338.605, 395.510 ) ( 338.995, 395.545 )


SHORT: Regular Via of Net sfp_instance/n22591 & Pin of Cell sfp_instance/U25927  ( M1 )
Bounds : ( 338.860, 395.510 ) ( 339.040, 395.550 )


SHORT: Regular Via of Net sfp_instance/n22591 & Special Wire of Net VSS  ( M2 )
Bounds : ( 338.860, 395.450 ) ( 338.935, 395.550 )


SPACING: Regular Via of Net sfp_instance/n22591 & Special Wire of Net VDD  ( M1 )
Bounds : ( 338.860, 395.365 ) ( 339.040, 395.450 )
Actual:     0.085     Min:     0.09     Type: ParallelRun


SPACING: Regular Via of Net sfp_instance/n22591 & Special Wire of Net VDD  ( M1 )
Bounds : ( 338.255, 395.365 ) ( 339.040, 395.455 )
Actual:     0.09     Min:     0.11     Type: ParallelRun


SHORT: Regular Via of Net sfp_instance/n3516 & Blockage of Cell sfp_instance/U23561  ( M1 )
Bounds : ( 324.410, 361.505 ) ( 324.590, 361.605 )


SHORT: Regular Via of Net sfp_instance/n20840 & Blockage of Cell sfp_instance/U33103  ( M1 )
Bounds : ( 343.050, 360.070 ) ( 343.150, 360.490 )


SHORT: Regular Via of Net sfp_instance/n20886 & Blockage of Cell sfp_instance/U7953  ( M1 )
Bounds : ( 341.050, 370.510 ) ( 341.150, 370.690 )


SHORT: Regular Via of Net sfp_instance/n32760 & Blockage of Cell sfp_instance/U3521  ( M1 )
Bounds : ( 341.410, 357.905 ) ( 341.590, 358.005 )


SHORT: Regular Via of Net sfp_instance/n39665 & Blockage of Cell sfp_instance/U3641  ( M1 )
Bounds : ( 341.780, 383.025 ) ( 342.020, 383.125 )


SHORT: Regular Via of Net sfp_instance/n6948 & Blockage of Cell sfp_instance/U29261  ( M1 )
Bounds : ( 290.450, 384.910 ) ( 290.550, 385.090 )


SHORT: Regular Via of Net sfp_instance/n14744 & Blockage of Cell sfp_instance/FE_RC_2135_0  ( M1 )
Bounds : ( 288.780, 295.675 ) ( 289.020, 295.775 )


SHORT: Regular Via of Net sfp_instance/n35774 & Blockage of Cell sfp_instance/U22813  ( M1 )
Bounds : ( 379.010, 282.305 ) ( 379.190, 282.405 )


SHORT: Regular Via of Net sfp_instance/n10177 & Blockage of Cell sfp_instance/U3366  ( M1 )
Bounds : ( 308.810, 335.195 ) ( 308.990, 335.295 )


SHORT: Regular Via of Net sfp_instance/n3622 & Blockage of Cell sfp_instance/FE_RC_1088_0  ( M1 )
Bounds : ( 326.810, 331.590 ) ( 326.990, 331.690 )


SHORT: Regular Via of Net sfp_instance/n23902 & Blockage of Cell sfp_instance/FE_RC_1395_0  ( M1 )
Bounds : ( 182.810, 281.200 ) ( 182.990, 281.300 )


SHORT: Regular Via of Net sfp_instance/n33530 & Blockage of Cell sfp_instance/U29612  ( M1 )
Bounds : ( 200.050, 291.310 ) ( 200.150, 291.490 )


SHORT: Regular Via of Net sfp_instance/n7276 & Blockage of Cell sfp_instance/U2212  ( M1 )
Bounds : ( 145.980, 332.705 ) ( 146.220, 332.805 )


SHORT: Regular Via of Net sfp_instance/n23643 & Blockage of Cell sfp_instance/U42658  ( M1 )
Bounds : ( 145.610, 350.705 ) ( 145.790, 350.805 )


SHORT: Regular Via of Net sfp_instance/n16970 & Blockage of Cell sfp_instance/U20517  ( M1 )
Bounds : ( 253.650, 380.070 ) ( 253.750, 380.490 )


SHORT: Regular Via of Net sfp_instance/n17155 & Blockage of Cell sfp_instance/FE_RC_754_0  ( M1 )
Bounds : ( 199.850, 384.910 ) ( 199.950, 385.090 )


SHORT: Regular Via of Net sfp_instance/n22709 & Blockage of Cell sfp_instance/U32639  ( M1 )
Bounds : ( 270.810, 392.795 ) ( 270.990, 392.895 )


SHORT: Regular Via of Net sfp_instance/FE_RN_677 & Blockage of Cell sfp_instance/U30270_dup  ( M1 )
Bounds : ( 308.650, 71.510 ) ( 308.750, 71.690 )


SHORT: Regular Via of Net sfp_instance/n503 & Blockage of Cell sfp_instance/U4700  ( M1 )
Bounds : ( 290.810, 76.000 ) ( 290.990, 76.100 )


SHORT: Regular Via of Net sfp_instance/n20543 & Blockage of Cell sfp_instance/FE_RC_1509_0  ( M1 )
Bounds : ( 308.850, 78.710 ) ( 308.950, 78.890 )


SHORT: Regular Via of Net sfp_instance/n49485 & Blockage of Cell sfp_instance/U9791  ( M1 )
Bounds : ( 289.810, 83.195 ) ( 289.990, 83.295 )


SHORT: Regular Via of Net sfp_instance/FE_PHN16375_FE_OFN2518_n50713 & Blockage of Cell sfp_instance/FE_PHC16375_FE_OFN2518_n50713  ( M1 )
Bounds : ( 326.810, 60.950 ) ( 326.990, 61.050 )


SHORT: Regular Via of Net sfp_instance/FE_RN_186 & Blockage of Cell sfp_instance/U33262_dup  ( M1 )
Bounds : ( 451.010, 131.105 ) ( 451.190, 131.205 )


SHORT: Regular Via of Net sfp_instance/n7535 & Blockage of Cell sfp_instance/U252  ( M1 )
Bounds : ( 397.810, 97.595 ) ( 397.990, 97.695 )


SHORT: Regular Via of Net sfp_instance/n8396 & Blockage of Cell sfp_instance/U14206  ( M1 )
Bounds : ( 326.250, 133.270 ) ( 326.350, 133.690 )


SHORT: Regular Via of Net sfp_instance/n9907 & Blockage of Cell sfp_instance/U32668  ( M1 )
Bounds : ( 326.610, 113.025 ) ( 326.790, 113.125 )


SHORT: Regular Via of Net sfp_instance/n17286 & Blockage of Cell sfp_instance/U8148  ( M1 )
Bounds : ( 470.850, 43.110 ) ( 470.950, 43.290 )


SHORT: Regular Via of Net sfp_instance/n19437 & Blockage of Cell sfp_instance/U34793  ( M1 )
Bounds : ( 362.810, 116.705 ) ( 362.990, 116.805 )


SHORT: Regular Via of Net sfp_instance/n37029 & Blockage of Cell sfp_instance/U33947  ( M1 )
Bounds : ( 342.210, 127.505 ) ( 342.390, 127.605 )


SHORT: Regular Via of Net sfp_instance/n43501 & Blockage of Cell sfp_instance/U38828  ( M1 )
Bounds : ( 452.010, 147.995 ) ( 452.190, 148.095 )


SHORT: Regular Via of Net mac_array_instance/col_idx_1__mac_col_inst/FE_PHN9432_mac_in_55_ & Blockage of Cell mac_array_instance/col_idx_1__mac_col_inst/FE_PHC9432_mac_in_55_  ( M1 )
Bounds : ( 416.810, 255.350 ) ( 416.990, 255.450 )


SHORT: Regular Via of Net sfp_instance/FE_RN_289 & Blockage of Cell sfp_instance/U22476_dup  ( M1 )
Bounds : ( 342.410, 190.550 ) ( 342.590, 190.650 )


SHORT: Regular Via of Net sfp_instance/n7043 & Blockage of Cell sfp_instance/U29322  ( M1 )
Bounds : ( 361.850, 178.510 ) ( 361.950, 178.690 )


SHORT: Regular Via of Net sfp_instance/n30655 & Blockage of Cell sfp_instance/U22742  ( M1 )
Bounds : ( 380.010, 174.305 ) ( 380.190, 174.405 )


SHORT: Regular Via of Net sfp_instance/n36579 & Blockage of Cell sfp_instance/U26325  ( M1 )
Bounds : ( 362.210, 194.795 ) ( 362.390, 194.895 )


SHORT: Regular Via of Net sfp_instance/n36799 & Blockage of Cell sfp_instance/FE_RC_2497_0  ( M1 )
Bounds : ( 322.410, 217.425 ) ( 322.590, 217.525 )


SHORT: Regular Via of Net sfp_instance/n46578 & Blockage of Cell sfp_instance/FE_RC_3061_0  ( M1 )
Bounds : ( 325.450, 165.310 ) ( 325.550, 165.490 )


SHORT: Regular Via of Net sfp_instance/n15959 & Blockage of Cell sfp_instance/U32590  ( M1 )
Bounds : ( 254.050, 147.310 ) ( 254.150, 147.490 )


SHORT: Regular Via of Net sfp_instance/n44472 & Blockage of Cell sfp_instance/U34399  ( M1 )
Bounds : ( 182.210, 149.105 ) ( 182.390, 149.205 )


SHORT: Regular Via of Net sfp_instance/n19333 & Blockage of Cell sfp_instance/U27642  ( M1 )
Bounds : ( 272.850, 244.310 ) ( 272.950, 244.730 )


SHORT: Regular Via of Net sfp_instance/n21359 & Blockage of Cell sfp_instance/U2118  ( M1 )
Bounds : ( 272.450, 249.910 ) ( 272.550, 250.330 )


SHORT: Regular Via of Net sfp_instance/n42514 & Blockage of Cell sfp_instance/FE_RC_1200_0  ( M1 )
Bounds : ( 236.450, 273.110 ) ( 236.550, 273.290 )


SHORT: Regular Via of Net sfp_instance/n45810 & Blockage of Cell sfp_instance/U1572  ( M1 )
Bounds : ( 272.850, 165.910 ) ( 272.950, 166.090 )


SHORT: Regular Via of Net sfp_instance/n12498 & Blockage of Cell sfp_instance/U25162  ( M1 )
Bounds : ( 216.410, 93.995 ) ( 216.590, 94.095 )


SHORT: Regular Via of Net sfp_instance/n45333 & Blockage of Cell sfp_instance/U49964  ( M1 )
Bounds : ( 164.810, 94.000 ) ( 164.990, 94.100 )


SHORT: Regular Via of Net sfp_instance/n46640 & Blockage of Cell sfp_instance/FE_RC_3149_0  ( M1 )
Bounds : ( 253.850, 28.310 ) ( 253.950, 28.490 )


SHORT: Regular Via of Net sfp_instance/n50256 & Blockage of Cell sfp_instance/U51204  ( M1 )
Bounds : ( 200.810, 87.900 ) ( 200.990, 88.000 )



Begin Summary ...
  Cells       : 0
  SameNet     : 8
  Wiring      : 11
  Antenna     : 0
  Short       : 146
  Overlap     : 0
End Summary

  Total Violations : 165 Viols.
