*----------------------------------------------------------------------------------------
*	Innovus 15.23-s045_1 (64bit) 04/22/2016 12:32 (Linux 2.6.18-194.el5)
*	
*
* 	Date & Time:	2025-Mar-22 09:31:51 (2025-Mar-22 16:31:51 GMT)
*
*----------------------------------------------------------------------------------------
*
*	Design: core
*
*	Liberty Libraries used: 
*	        WC_VIEW: /home/linux/ieng6/ee260bwi25/yas029/project/project_p4/pnr_core/cts.enc.dat/libs/mmmc/tcbn65gpluswc.lib
*	        WC_VIEW: /home/linux/ieng6/ee260bwi25/yas029/project/project_p4/pnr_core/cts.enc.dat/libs/mmmc/sram_w16_64b_WC.lib
*	        WC_VIEW: /home/linux/ieng6/ee260bwi25/yas029/project/project_p4/pnr_core/cts.enc.dat/libs/mmmc/sram_w16_160b_WC.lib
*
*	Power Domain used: 
*		Rail:        VDD 	Voltage:        0.9 
*
*       Power View : WC_VIEW
*
*       User-Defined Activity : N.A.
*
*       Activity File: N.A.
*
*       Hierarchical Global Activity: N.A.
*
*       Global Activity: N.A.
*
*       Sequential Element Activity: 0.200000
*
*       Primary Input Activity: 0.200000
*
*       Default icg ratio: N.A.
*
*       Global Comb ClockGate Ratio: N.A.
*
*	Power Units = 1mW
*
*	Time Units = 1e-09 secs 
*
*       report_power -outfile core.post_route.power.rpt
*
-----------------------------------------------------------------------------------------


Total Power 
-----------------------------------------------------------------------------------------
Total Internal Power:      295.06083503 	   51.9739%
Total Switching Power:     267.89079740 	   47.1880%
Total Leakage Power:         4.75760784 	    0.8380%
Total Power:               567.70924055 
-----------------------------------------------------------------------------------------


Group                           Internal   Switching     Leakage       Total  Percentage 
                                Power      Power         Power         Power  (%)        
-----------------------------------------------------------------------------------------
Sequential                         44.77       2.938      0.3583       48.07       8.467 
Macro                                  0       1.035           0       1.035      0.1824 
IO                                     0           0   1.457e-06   1.457e-06   2.566e-07 
Combinational                      242.8       254.5       4.347       501.6       88.36 
Clock (Combinational)              7.529        9.39     0.05277       16.97       2.989 
Clock (Sequential)                     0           0           0           0           0 
-----------------------------------------------------------------------------------------
Total                              295.1       267.9       4.758       567.7         100 
-----------------------------------------------------------------------------------------


Rail                  Voltage   Internal   Switching     Leakage       Total  Percentage 
                                Power      Power         Power         Power  (%)        
-----------------------------------------------------------------------------------------
VDD                       0.9      295.1       267.9       4.758       567.7         100 


Clock                           Internal   Switching     Leakage       Total  Percentage 
                                Power      Power         Power         Power  (%)        
-----------------------------------------------------------------------------------------
clk                                7.529        9.39     0.05277       16.97       2.989 
-----------------------------------------------------------------------------------------
Total (excluding duplicates)       7.529        9.39     0.05277       16.97       2.989 
-----------------------------------------------------------------------------------------


-----------------------------------------------------------------------------------------
*	Power Distribution Summary: 
* 		Highest Average Power:         psum_mem_instance (sram_w16_160b): 	    0.6738 
* 		Highest Leakage Power:       sfp_instance/U11449 (ND3D8): 	 0.0003029 
* 		Total Cap: 	8.79819e-10 F
* 		Total instances in design: 103504
* 		Total instances in design with no power:     0
*          Total instances in design with no activity:     0
* 		Total Fillers and Decap:     0
-----------------------------------------------------------------------------------------

