###############################################################
#  Generated by:      Cadence Innovus 15.23-s045_1
#  OS:                Linux x86_64(Host ID ieng6-640.ucsd.edu)
#  Generated on:      Fri Mar 21 20:46:41 2025
#  Design:            fullchip
#  Command:           verifyConnectivity
###############################################################
Verify Connectivity Report is created on Fri Mar 21 20:46:41 2025



Net VSS: dangling Wire at (1323.000, 2701.000) (1323.000, 2701.000) on layer: M1
Net VSS: dangling Wire at (1323.000, 2704.600) (1323.000, 2704.600) on layer: M1
Net VSS: dangling Wire at (1323.000, 2708.200) (1323.000, 2708.200) on layer: M1
Net VSS: dangling Wire at (1323.000, 2711.800) (1323.000, 2711.800) on layer: M1
Net VSS: dangling Wire at (1323.000, 2715.400) (1323.000, 2715.400) on layer: M1
Net VSS: dangling Wire at (1323.000, 2719.000) (1323.000, 2719.000) on layer: M1
Net VSS: dangling Wire at (1323.000, 2722.600) (1323.000, 2722.600) on layer: M1
Net VSS: dangling Wire at (1323.000, 2697.400) (1323.000, 2697.400) on layer: M1
Net VSS: dangling Wire at (1323.000, 2693.800) (1323.000, 2693.800) on layer: M1
Net VSS: dangling Wire at (1323.000, 2690.200) (1323.000, 2690.200) on layer: M1
Net VSS: dangling Wire at (1323.000, 2686.600) (1323.000, 2686.600) on layer: M1
Net VSS: dangling Wire at (1323.000, 2683.000) (1323.000, 2683.000) on layer: M1
Net VSS: dangling Wire at (1323.000, 2679.400) (1323.000, 2679.400) on layer: M1
Net VSS: dangling Wire at (1323.000, 2675.800) (1323.000, 2675.800) on layer: M1
Net VSS: dangling Wire at (1323.000, 2672.200) (1323.000, 2672.200) on layer: M1
Net VSS: dangling Wire at (1323.000, 2668.600) (1323.000, 2668.600) on layer: M1
Net VSS: dangling Wire at (1323.000, 2665.000) (1323.000, 2665.000) on layer: M1
Net VSS: dangling Wire at (1323.000, 2661.400) (1323.000, 2661.400) on layer: M1
Net VSS: dangling Wire at (1323.000, 2657.800) (1323.000, 2657.800) on layer: M1
Net VSS: dangling Wire at (1323.000, 2654.200) (1323.000, 2654.200) on layer: M1
Net VSS: dangling Wire at (1323.000, 2650.600) (1323.000, 2650.600) on layer: M1
Net VSS: dangling Wire at (1323.000, 2647.000) (1323.000, 2647.000) on layer: M1
Net VSS: dangling Wire at (1323.000, 2643.400) (1323.000, 2643.400) on layer: M1
Net VSS: dangling Wire at (1323.000, 2639.800) (1323.000, 2639.800) on layer: M1
Net VSS: dangling Wire at (1323.000, 2636.200) (1323.000, 2636.200) on layer: M1
Net VSS: dangling Wire at (1323.000, 2632.600) (1323.000, 2632.600) on layer: M1
Net VSS: dangling Wire at (1323.000, 2629.000) (1323.000, 2629.000) on layer: M1
Net VSS: dangling Wire at (1323.000, 2625.400) (1323.000, 2625.400) on layer: M1
Net VSS: dangling Wire at (1323.000, 2621.800) (1323.000, 2621.800) on layer: M1
Net VSS: dangling Wire at (1323.000, 2618.200) (1323.000, 2618.200) on layer: M1
Net VSS: dangling Wire at (1323.000, 2614.600) (1323.000, 2614.600) on layer: M1
Net VSS: dangling Wire at (1323.000, 2611.000) (1323.000, 2611.000) on layer: M1
Net VSS: dangling Wire at (1323.000, 2607.400) (1323.000, 2607.400) on layer: M1
Net VSS: dangling Wire at (1323.000, 2603.800) (1323.000, 2603.800) on layer: M1
Net VSS: dangling Wire at (1323.000, 2600.200) (1323.000, 2600.200) on layer: M1
Net VSS: dangling Wire at (1323.000, 2567.800) (1323.000, 2567.800) on layer: M1
Net VSS: dangling Wire at (1323.000, 2571.400) (1323.000, 2571.400) on layer: M1
Net VSS: dangling Wire at (1323.000, 2575.000) (1323.000, 2575.000) on layer: M1
Net VSS: dangling Wire at (1323.000, 2578.600) (1323.000, 2578.600) on layer: M1
Net VSS: dangling Wire at (1323.000, 2564.200) (1323.000, 2564.200) on layer: M1
Net VSS: dangling Wire at (1323.000, 2560.600) (1323.000, 2560.600) on layer: M1
Net VSS: dangling Wire at (1323.000, 2557.000) (1323.000, 2557.000) on layer: M1
Net VSS: dangling Wire at (1323.000, 2596.600) (1323.000, 2596.600) on layer: M1
Net VSS: dangling Wire at (1323.000, 2593.000) (1323.000, 2593.000) on layer: M1
Net VSS: dangling Wire at (1323.000, 2589.400) (1323.000, 2589.400) on layer: M1
Net VSS: dangling Wire at (1323.000, 2585.800) (1323.000, 2585.800) on layer: M1
Net VSS: dangling Wire at (1323.000, 2582.200) (1323.000, 2582.200) on layer: M1
Net VSS: dangling Wire at (1323.000, 2542.600) (1323.000, 2542.600) on layer: M1
Net VSS: dangling Wire at (1323.000, 2546.200) (1323.000, 2546.200) on layer: M1
Net VSS: dangling Wire at (1323.000, 2549.800) (1323.000, 2549.800) on layer: M1
Net VSS: dangling Wire at (1323.000, 2553.400) (1323.000, 2553.400) on layer: M1
Net VSS: dangling Wire at (1323.000, 2539.000) (1323.000, 2539.000) on layer: M1
Net VSS: dangling Wire at (1323.000, 2535.400) (1323.000, 2535.400) on layer: M1
Net VSS: dangling Wire at (1323.000, 2531.800) (1323.000, 2531.800) on layer: M1
Net VSS: dangling Wire at (1323.000, 2528.200) (1323.000, 2528.200) on layer: M1
Net VSS: dangling Wire at (1323.000, 2524.600) (1323.000, 2524.600) on layer: M1
Net VSS: dangling Wire at (1323.000, 2521.000) (1323.000, 2521.000) on layer: M1
Net VSS: dangling Wire at (1323.000, 2517.400) (1323.000, 2517.400) on layer: M1
Net VSS: dangling Wire at (1323.000, 2513.800) (1323.000, 2513.800) on layer: M1
Net VSS: dangling Wire at (1323.000, 2510.200) (1323.000, 2510.200) on layer: M1
Net VSS: dangling Wire at (1323.000, 2506.600) (1323.000, 2506.600) on layer: M1
Net VSS: dangling Wire at (1323.000, 2503.000) (1323.000, 2503.000) on layer: M1
Net VSS: dangling Wire at (1323.000, 2499.400) (1323.000, 2499.400) on layer: M1
Net VSS: dangling Wire at (1323.000, 2495.800) (1323.000, 2495.800) on layer: M1
Net VSS: dangling Wire at (1323.000, 2492.200) (1323.000, 2492.200) on layer: M1
Net VSS: dangling Wire at (1323.000, 2488.600) (1323.000, 2488.600) on layer: M1
Net VSS: dangling Wire at (1323.000, 2485.000) (1323.000, 2485.000) on layer: M1
Net VSS: dangling Wire at (1323.000, 2481.400) (1323.000, 2481.400) on layer: M1
Net VSS: dangling Wire at (1323.000, 2477.800) (1323.000, 2477.800) on layer: M1
Net VSS: dangling Wire at (1323.000, 2474.200) (1323.000, 2474.200) on layer: M1
Net VSS: dangling Wire at (1323.000, 2470.600) (1323.000, 2470.600) on layer: M1
Net VSS: dangling Wire at (1323.000, 2452.600) (1323.000, 2452.600) on layer: M1
Net VSS: dangling Wire at (1323.000, 2456.200) (1323.000, 2456.200) on layer: M1
Net VSS: dangling Wire at (1323.000, 2459.800) (1323.000, 2459.800) on layer: M1
Net VSS: dangling Wire at (1323.000, 2463.400) (1323.000, 2463.400) on layer: M1
Net VSS: dangling Wire at (1323.000, 2467.000) (1323.000, 2467.000) on layer: M1
Net VSS: dangling Wire at (1323.000, 2449.000) (1323.000, 2449.000) on layer: M1
Net VSS: dangling Wire at (1323.000, 2445.400) (1323.000, 2445.400) on layer: M1
Net VSS: dangling Wire at (1323.000, 2441.800) (1323.000, 2441.800) on layer: M1
Net VSS: dangling Wire at (1323.000, 2438.200) (1323.000, 2438.200) on layer: M1
Net VSS: dangling Wire at (1323.000, 2434.600) (1323.000, 2434.600) on layer: M1
Net VSS: dangling Wire at (1323.000, 2431.000) (1323.000, 2431.000) on layer: M1
Net VSS: dangling Wire at (1323.000, 2427.400) (1323.000, 2427.400) on layer: M1
Net VSS: dangling Wire at (1323.000, 2423.800) (1323.000, 2423.800) on layer: M1
Net VSS: dangling Wire at (1323.000, 2420.200) (1323.000, 2420.200) on layer: M1
Net VSS: dangling Wire at (1323.000, 2416.600) (1323.000, 2416.600) on layer: M1
Net VSS: dangling Wire at (1323.000, 2413.000) (1323.000, 2413.000) on layer: M1
Net VSS: dangling Wire at (1323.000, 2409.400) (1323.000, 2409.400) on layer: M1
Net VSS: dangling Wire at (1323.000, 2405.800) (1323.000, 2405.800) on layer: M1
Net VSS: dangling Wire at (1323.000, 2402.200) (1323.000, 2402.200) on layer: M1
Net VSS: dangling Wire at (1323.000, 2398.600) (1323.000, 2398.600) on layer: M1
Net VSS: dangling Wire at (1323.000, 2395.000) (1323.000, 2395.000) on layer: M1
Net VSS: dangling Wire at (1323.000, 2391.400) (1323.000, 2391.400) on layer: M1
Net VSS: dangling Wire at (1323.000, 2387.800) (1323.000, 2387.800) on layer: M1
Net VSS: dangling Wire at (1323.000, 2384.200) (1323.000, 2384.200) on layer: M1
Net VSS: dangling Wire at (1323.000, 2380.600) (1323.000, 2380.600) on layer: M1
Net VSS: dangling Wire at (1323.000, 2369.800) (1323.000, 2369.800) on layer: M1
Net VSS: dangling Wire at (1323.000, 2373.400) (1323.000, 2373.400) on layer: M1
Net VSS: dangling Wire at (1323.000, 2377.000) (1323.000, 2377.000) on layer: M1
Net VSS: dangling Wire at (1323.000, 2366.200) (1323.000, 2366.200) on layer: M1
Net VSS: dangling Wire at (1323.000, 2362.600) (1323.000, 2362.600) on layer: M1
Net VSS: dangling Wire at (1323.000, 2359.000) (1323.000, 2359.000) on layer: M1
Net VSS: dangling Wire at (1323.000, 2355.400) (1323.000, 2355.400) on layer: M1
Net VSS: dangling Wire at (1323.000, 2351.800) (1323.000, 2351.800) on layer: M1
Net VSS: dangling Wire at (1323.000, 2348.200) (1323.000, 2348.200) on layer: M1
Net VSS: dangling Wire at (1323.000, 2344.600) (1323.000, 2344.600) on layer: M1
Net VSS: dangling Wire at (1323.000, 2341.000) (1323.000, 2341.000) on layer: M1
Net VSS: dangling Wire at (1323.000, 2337.400) (1323.000, 2337.400) on layer: M1
Net VSS: dangling Wire at (1323.000, 2333.800) (1323.000, 2333.800) on layer: M1
Net VSS: dangling Wire at (1323.000, 2330.200) (1323.000, 2330.200) on layer: M1
Net VSS: dangling Wire at (1323.000, 2326.600) (1323.000, 2326.600) on layer: M1
Net VSS: dangling Wire at (1323.000, 2323.000) (1323.000, 2323.000) on layer: M1
Net VSS: dangling Wire at (1323.000, 2319.400) (1323.000, 2319.400) on layer: M1
Net VSS: dangling Wire at (1323.000, 2315.800) (1323.000, 2315.800) on layer: M1
Net VSS: dangling Wire at (1323.000, 2312.200) (1323.000, 2312.200) on layer: M1
Net VSS: dangling Wire at (1323.000, 2308.600) (1323.000, 2308.600) on layer: M1
Net VSS: dangling Wire at (1323.000, 2305.000) (1323.000, 2305.000) on layer: M1
Net VSS: dangling Wire at (1323.000, 2301.400) (1323.000, 2301.400) on layer: M1
Net VSS: dangling Wire at (1323.000, 2297.800) (1323.000, 2297.800) on layer: M1
Net VSS: dangling Wire at (1323.000, 2294.200) (1323.000, 2294.200) on layer: M1
Net VSS: dangling Wire at (1323.000, 2290.600) (1323.000, 2290.600) on layer: M1
Net VSS: dangling Wire at (1323.000, 2287.000) (1323.000, 2287.000) on layer: M1
Net VSS: dangling Wire at (1323.000, 2283.400) (1323.000, 2283.400) on layer: M1
Net VSS: dangling Wire at (1323.000, 2279.800) (1323.000, 2279.800) on layer: M1
Net VSS: dangling Wire at (1323.000, 2276.200) (1323.000, 2276.200) on layer: M1
Net VSS: dangling Wire at (1323.000, 2272.600) (1323.000, 2272.600) on layer: M1
Net VSS: dangling Wire at (1323.000, 2269.000) (1323.000, 2269.000) on layer: M1
Net VSS: dangling Wire at (1323.000, 2265.400) (1323.000, 2265.400) on layer: M1
Net VSS: dangling Wire at (1323.000, 2261.800) (1323.000, 2261.800) on layer: M1
Net VSS: dangling Wire at (1323.000, 2258.200) (1323.000, 2258.200) on layer: M1
Net VSS: dangling Wire at (1323.000, 2254.600) (1323.000, 2254.600) on layer: M1
Net VSS: dangling Wire at (1323.000, 2251.000) (1323.000, 2251.000) on layer: M1
Net VSS: dangling Wire at (1323.000, 2247.400) (1323.000, 2247.400) on layer: M1
Net VSS: dangling Wire at (1323.000, 2222.200) (1323.000, 2222.200) on layer: M1
Net VSS: dangling Wire at (1323.000, 2225.800) (1323.000, 2225.800) on layer: M1
Net VSS: dangling Wire at (1323.000, 2229.400) (1323.000, 2229.400) on layer: M1
Net VSS: dangling Wire at (1323.000, 2233.000) (1323.000, 2233.000) on layer: M1
Net VSS: dangling Wire at (1323.000, 2236.600) (1323.000, 2236.600) on layer: M1
Net VSS: dangling Wire at (1323.000, 2218.600) (1323.000, 2218.600) on layer: M1
Net VSS: dangling Wire at (1323.000, 2215.000) (1323.000, 2215.000) on layer: M1
Net VSS: dangling Wire at (1323.000, 2211.400) (1323.000, 2211.400) on layer: M1
Net VSS: dangling Wire at (1323.000, 2207.800) (1323.000, 2207.800) on layer: M1
Net VSS: dangling Wire at (1323.000, 2204.200) (1323.000, 2204.200) on layer: M1
Net VSS: dangling Wire at (1323.000, 2243.800) (1323.000, 2243.800) on layer: M1
Net VSS: dangling Wire at (1323.000, 2240.200) (1323.000, 2240.200) on layer: M1
Net VSS: dangling Wire at (1323.000, 2197.000) (1323.000, 2197.000) on layer: M1
Net VSS: dangling Wire at (1323.000, 2200.600) (1323.000, 2200.600) on layer: M1
Net VSS: dangling Wire at (1323.000, 2193.400) (1323.000, 2193.400) on layer: M1
Net VSS: dangling Wire at (1323.000, 2189.800) (1323.000, 2189.800) on layer: M1
Net VSS: dangling Wire at (1323.000, 2186.200) (1323.000, 2186.200) on layer: M1
Net VSS: dangling Wire at (1323.000, 2182.600) (1323.000, 2182.600) on layer: M1
Net VSS: dangling Wire at (1323.000, 2179.000) (1323.000, 2179.000) on layer: M1
Net VSS: dangling Wire at (1323.000, 2175.400) (1323.000, 2175.400) on layer: M1
Net VSS: dangling Wire at (1323.000, 2171.800) (1323.000, 2171.800) on layer: M1
Net VSS: dangling Wire at (1323.000, 2168.200) (1323.000, 2168.200) on layer: M1
Net VSS: dangling Wire at (1323.000, 2164.600) (1323.000, 2164.600) on layer: M1
Net VSS: dangling Wire at (1323.000, 2161.000) (1323.000, 2161.000) on layer: M1
Net VSS: dangling Wire at (1323.000, 2117.800) (1323.000, 2117.800) on layer: M1
Net VSS: dangling Wire at (1323.000, 2157.400) (1323.000, 2157.400) on layer: M1
Net VSS: dangling Wire at (1323.000, 2153.800) (1323.000, 2153.800) on layer: M1
Net VSS: dangling Wire at (1323.000, 2150.200) (1323.000, 2150.200) on layer: M1
Net VSS: dangling Wire at (1323.000, 2146.600) (1323.000, 2146.600) on layer: M1
Net VSS: dangling Wire at (1323.000, 2143.000) (1323.000, 2143.000) on layer: M1
Net VSS: dangling Wire at (1323.000, 2139.400) (1323.000, 2139.400) on layer: M1
Net VSS: dangling Wire at (1323.000, 2135.800) (1323.000, 2135.800) on layer: M1
Net VSS: dangling Wire at (1323.000, 2132.200) (1323.000, 2132.200) on layer: M1
Net VSS: dangling Wire at (1323.000, 2128.600) (1323.000, 2128.600) on layer: M1
Net VSS: dangling Wire at (1323.000, 2125.000) (1323.000, 2125.000) on layer: M1
Net VSS: dangling Wire at (1323.000, 2121.400) (1323.000, 2121.400) on layer: M1
Net VSS: dangling Wire at (1323.000, 2099.800) (1323.000, 2099.800) on layer: M1
Net VSS: dangling Wire at (1323.000, 2103.400) (1323.000, 2103.400) on layer: M1
Net VSS: dangling Wire at (1323.000, 2107.000) (1323.000, 2107.000) on layer: M1
Net VSS: dangling Wire at (1323.000, 2110.600) (1323.000, 2110.600) on layer: M1
Net VSS: dangling Wire at (1323.000, 2114.200) (1323.000, 2114.200) on layer: M1
Net VSS: dangling Wire at (1323.000, 2096.200) (1323.000, 2096.200) on layer: M1
Net VSS: dangling Wire at (1323.000, 2092.600) (1323.000, 2092.600) on layer: M1
Net VSS: dangling Wire at (1323.000, 2089.000) (1323.000, 2089.000) on layer: M1
Net VSS: dangling Wire at (1323.000, 2085.400) (1323.000, 2085.400) on layer: M1
Net VSS: dangling Wire at (1323.000, 2081.800) (1323.000, 2081.800) on layer: M1
Net VSS: dangling Wire at (1323.000, 2078.200) (1323.000, 2078.200) on layer: M1
Net VSS: dangling Wire at (1323.000, 2074.600) (1323.000, 2074.600) on layer: M1
Net VSS: dangling Wire at (1323.000, 2067.400) (1323.000, 2067.400) on layer: M1
Net VSS: dangling Wire at (1323.000, 2063.800) (1323.000, 2063.800) on layer: M1
Net VSS: dangling Wire at (1323.000, 2060.200) (1323.000, 2060.200) on layer: M1
Net VSS: dangling Wire at (1323.000, 2056.600) (1323.000, 2056.600) on layer: M1
Net VSS: dangling Wire at (1323.000, 2053.000) (1323.000, 2053.000) on layer: M1
Net VSS: dangling Wire at (1323.000, 2049.400) (1323.000, 2049.400) on layer: M1
Net VSS: dangling Wire at (1323.000, 2045.800) (1323.000, 2045.800) on layer: M1
Net VSS: dangling Wire at (1323.000, 2042.200) (1323.000, 2042.200) on layer: M1
Net VSS: dangling Wire at (1323.000, 2038.600) (1323.000, 2038.600) on layer: M1
Net VSS: dangling Wire at (1323.000, 2035.000) (1323.000, 2035.000) on layer: M1
Net VSS: dangling Wire at (1323.000, 2031.400) (1323.000, 2031.400) on layer: M1
Net VSS: dangling Wire at (1323.000, 2027.800) (1323.000, 2027.800) on layer: M1
Net VSS: dangling Wire at (1323.000, 2071.000) (1323.000, 2071.000) on layer: M1
Net VSS: dangling Wire at (1323.000, 2024.200) (1323.000, 2024.200) on layer: M1
Net VSS: dangling Wire at (1323.000, 2020.600) (1323.000, 2020.600) on layer: M1
Net VSS: dangling Wire at (1323.000, 2017.000) (1323.000, 2017.000) on layer: M1
Net VSS: dangling Wire at (1323.000, 2013.400) (1323.000, 2013.400) on layer: M1
Net VSS: dangling Wire at (1323.000, 2009.800) (1323.000, 2009.800) on layer: M1
Net VSS: dangling Wire at (1323.000, 2006.200) (1323.000, 2006.200) on layer: M1
Net VSS: dangling Wire at (1323.000, 2002.600) (1323.000, 2002.600) on layer: M1
Net VSS: dangling Wire at (1323.000, 1999.000) (1323.000, 1999.000) on layer: M1
Net VSS: dangling Wire at (1323.000, 1995.400) (1323.000, 1995.400) on layer: M1
Net VSS: dangling Wire at (1323.000, 1991.800) (1323.000, 1991.800) on layer: M1
Net VSS: dangling Wire at (1323.000, 1988.200) (1323.000, 1988.200) on layer: M1
Net VSS: dangling Wire at (1323.000, 1984.600) (1323.000, 1984.600) on layer: M1
Net VSS: dangling Wire at (1323.000, 1941.400) (1323.000, 1941.400) on layer: M1
Net VSS: dangling Wire at (1323.000, 1945.000) (1323.000, 1945.000) on layer: M1
Net VSS: dangling Wire at (1323.000, 1948.600) (1323.000, 1948.600) on layer: M1
Net VSS: dangling Wire at (1323.000, 1981.000) (1323.000, 1981.000) on layer: M1
Net VSS: dangling Wire at (1323.000, 1977.400) (1323.000, 1977.400) on layer: M1
Net VSS: dangling Wire at (1323.000, 1973.800) (1323.000, 1973.800) on layer: M1
Net VSS: dangling Wire at (1323.000, 1970.200) (1323.000, 1970.200) on layer: M1
Net VSS: dangling Wire at (1323.000, 1966.600) (1323.000, 1966.600) on layer: M1
Net VSS: dangling Wire at (1323.000, 1963.000) (1323.000, 1963.000) on layer: M1
Net VSS: dangling Wire at (1323.000, 1959.400) (1323.000, 1959.400) on layer: M1
Net VSS: dangling Wire at (1323.000, 1955.800) (1323.000, 1955.800) on layer: M1
Net VSS: dangling Wire at (1323.000, 1952.200) (1323.000, 1952.200) on layer: M1
Net VSS: dangling Wire at (1323.000, 1923.400) (1323.000, 1923.400) on layer: M1
Net VSS: dangling Wire at (1323.000, 1927.000) (1323.000, 1927.000) on layer: M1
Net VSS: dangling Wire at (1323.000, 1930.600) (1323.000, 1930.600) on layer: M1
Net VSS: dangling Wire at (1323.000, 1934.200) (1323.000, 1934.200) on layer: M1
Net VSS: dangling Wire at (1323.000, 1937.800) (1323.000, 1937.800) on layer: M1
Net VSS: dangling Wire at (1323.000, 1919.800) (1323.000, 1919.800) on layer: M1
Net VSS: dangling Wire at (1323.000, 1916.200) (1323.000, 1916.200) on layer: M1
Net VSS: dangling Wire at (1323.000, 1912.600) (1323.000, 1912.600) on layer: M1
Net VSS: dangling Wire at (1323.000, 1909.000) (1323.000, 1909.000) on layer: M1
Net VSS: dangling Wire at (1323.000, 1905.400) (1323.000, 1905.400) on layer: M1
Net VSS: dangling Wire at (1323.000, 1901.800) (1323.000, 1901.800) on layer: M1
Net VSS: dangling Wire at (1323.000, 1898.200) (1323.000, 1898.200) on layer: M1
Net VSS: dangling Wire at (1323.000, 1891.000) (1323.000, 1891.000) on layer: M1
Net VSS: dangling Wire at (1323.000, 1887.400) (1323.000, 1887.400) on layer: M1
Net VSS: dangling Wire at (1323.000, 1883.800) (1323.000, 1883.800) on layer: M1
Net VSS: dangling Wire at (1323.000, 1880.200) (1323.000, 1880.200) on layer: M1
Net VSS: dangling Wire at (1323.000, 1876.600) (1323.000, 1876.600) on layer: M1
Net VSS: dangling Wire at (1323.000, 1873.000) (1323.000, 1873.000) on layer: M1
Net VSS: dangling Wire at (1323.000, 1869.400) (1323.000, 1869.400) on layer: M1
Net VSS: dangling Wire at (1323.000, 1865.800) (1323.000, 1865.800) on layer: M1
Net VSS: dangling Wire at (1323.000, 1862.200) (1323.000, 1862.200) on layer: M1
Net VSS: dangling Wire at (1323.000, 1858.600) (1323.000, 1858.600) on layer: M1
Net VSS: dangling Wire at (1323.000, 1855.000) (1323.000, 1855.000) on layer: M1
Net VSS: dangling Wire at (1323.000, 1851.400) (1323.000, 1851.400) on layer: M1
Net VSS: dangling Wire at (1323.000, 1894.600) (1323.000, 1894.600) on layer: M1
Net VSS: dangling Wire at (1323.000, 1840.600) (1323.000, 1840.600) on layer: M1
Net VSS: dangling Wire at (1323.000, 1844.200) (1323.000, 1844.200) on layer: M1
Net VSS: dangling Wire at (1323.000, 1847.800) (1323.000, 1847.800) on layer: M1
Net VSS: dangling Wire at (1323.000, 1837.000) (1323.000, 1837.000) on layer: M1
Net VSS: dangling Wire at (1323.000, 1833.400) (1323.000, 1833.400) on layer: M1
Net VSS: dangling Wire at (1323.000, 1829.800) (1323.000, 1829.800) on layer: M1
Net VSS: dangling Wire at (1323.000, 1826.200) (1323.000, 1826.200) on layer: M1
Net VSS: dangling Wire at (1323.000, 1822.600) (1323.000, 1822.600) on layer: M1
Net VSS: dangling Wire at (1323.000, 1819.000) (1323.000, 1819.000) on layer: M1
Net VSS: dangling Wire at (1323.000, 1815.400) (1323.000, 1815.400) on layer: M1
Net VSS: dangling Wire at (1323.000, 1811.800) (1323.000, 1811.800) on layer: M1
Net VSS: dangling Wire at (1323.000, 1808.200) (1323.000, 1808.200) on layer: M1
Net VSS: dangling Wire at (1323.000, 1804.600) (1323.000, 1804.600) on layer: M1
Net VSS: dangling Wire at (1323.000, 1801.000) (1323.000, 1801.000) on layer: M1
Net VSS: dangling Wire at (1323.000, 1797.400) (1323.000, 1797.400) on layer: M1
Net VSS: dangling Wire at (1323.000, 1793.800) (1323.000, 1793.800) on layer: M1
Net VSS: dangling Wire at (1323.000, 1790.200) (1323.000, 1790.200) on layer: M1
Net VSS: dangling Wire at (1323.000, 1786.600) (1323.000, 1786.600) on layer: M1
Net VSS: dangling Wire at (1323.000, 1783.000) (1323.000, 1783.000) on layer: M1
Net VSS: dangling Wire at (1323.000, 1779.400) (1323.000, 1779.400) on layer: M1
Net VSS: dangling Wire at (1323.000, 1775.800) (1323.000, 1775.800) on layer: M1
Net VSS: dangling Wire at (1323.000, 1772.200) (1323.000, 1772.200) on layer: M1
Net VSS: dangling Wire at (1323.000, 1768.600) (1323.000, 1768.600) on layer: M1
Net VSS: dangling Wire at (1323.000, 1765.000) (1323.000, 1765.000) on layer: M1
Net VSS: dangling Wire at (1323.000, 1747.000) (1323.000, 1747.000) on layer: M1
Net VSS: dangling Wire at (1323.000, 1750.600) (1323.000, 1750.600) on layer: M1
Net VSS: dangling Wire at (1323.000, 1754.200) (1323.000, 1754.200) on layer: M1
Net VSS: dangling Wire at (1323.000, 1757.800) (1323.000, 1757.800) on layer: M1
Net VSS: dangling Wire at (1323.000, 1761.400) (1323.000, 1761.400) on layer: M1
Net VSS: dangling Wire at (1323.000, 1743.400) (1323.000, 1743.400) on layer: M1
Net VSS: dangling Wire at (1323.000, 1739.800) (1323.000, 1739.800) on layer: M1
Net VSS: dangling Wire at (1323.000, 1736.200) (1323.000, 1736.200) on layer: M1
Net VSS: dangling Wire at (1323.000, 1732.600) (1323.000, 1732.600) on layer: M1
Net VSS: dangling Wire at (1323.000, 1729.000) (1323.000, 1729.000) on layer: M1
Net VSS: dangling Wire at (1323.000, 1725.400) (1323.000, 1725.400) on layer: M1
Net VSS: dangling Wire at (1323.000, 1721.800) (1323.000, 1721.800) on layer: M1
Net VSS: dangling Wire at (1323.000, 1718.200) (1323.000, 1718.200) on layer: M1
Net VSS: dangling Wire at (1323.000, 1714.600) (1323.000, 1714.600) on layer: M1
Net VSS: dangling Wire at (1323.000, 1711.000) (1323.000, 1711.000) on layer: M1
Net VSS: dangling Wire at (1323.000, 1707.400) (1323.000, 1707.400) on layer: M1
Net VSS: dangling Wire at (1323.000, 1703.800) (1323.000, 1703.800) on layer: M1
Net VSS: dangling Wire at (1323.000, 1700.200) (1323.000, 1700.200) on layer: M1
Net VSS: dangling Wire at (1323.000, 1696.600) (1323.000, 1696.600) on layer: M1
Net VSS: dangling Wire at (1323.000, 1693.000) (1323.000, 1693.000) on layer: M1
Net VSS: dangling Wire at (1323.000, 1689.400) (1323.000, 1689.400) on layer: M1
Net VSS: dangling Wire at (1323.000, 1685.800) (1323.000, 1685.800) on layer: M1
Net VSS: dangling Wire at (1323.000, 1682.200) (1323.000, 1682.200) on layer: M1
Net VSS: dangling Wire at (1323.000, 1678.600) (1323.000, 1678.600) on layer: M1
Net VSS: dangling Wire at (1323.000, 1675.000) (1323.000, 1675.000) on layer: M1
Net VSS: dangling Wire at (1323.000, 1671.400) (1323.000, 1671.400) on layer: M1
Net VSS: dangling Wire at (1323.000, 1667.800) (1323.000, 1667.800) on layer: M1
Net VSS: dangling Wire at (1323.000, 1664.200) (1323.000, 1664.200) on layer: M1
Net VSS: dangling Wire at (1323.000, 1660.600) (1323.000, 1660.600) on layer: M1
Net VSS: dangling Wire at (1323.000, 1657.000) (1323.000, 1657.000) on layer: M1
Net VSS: dangling Wire at (1323.000, 1653.400) (1323.000, 1653.400) on layer: M1
Net VSS: dangling Wire at (1323.000, 1649.800) (1323.000, 1649.800) on layer: M1
Net VSS: dangling Wire at (1323.000, 1646.200) (1323.000, 1646.200) on layer: M1
Net VSS: dangling Wire at (1323.000, 1642.600) (1323.000, 1642.600) on layer: M1
Net VSS: dangling Wire at (1323.000, 1639.000) (1323.000, 1639.000) on layer: M1
Net VSS: dangling Wire at (1323.000, 1635.400) (1323.000, 1635.400) on layer: M1
Net VSS: dangling Wire at (1323.000, 1631.800) (1323.000, 1631.800) on layer: M1
Net VSS: dangling Wire at (1323.000, 1603.000) (1323.000, 1603.000) on layer: M1
Net VSS: dangling Wire at (1323.000, 1606.600) (1323.000, 1606.600) on layer: M1
Net VSS: dangling Wire at (1323.000, 1610.200) (1323.000, 1610.200) on layer: M1
Net VSS: dangling Wire at (1323.000, 1599.400) (1323.000, 1599.400) on layer: M1
Net VSS: dangling Wire at (1323.000, 1595.800) (1323.000, 1595.800) on layer: M1
Net VSS: dangling Wire at (1323.000, 1592.200) (1323.000, 1592.200) on layer: M1
Net VSS: dangling Wire at (1323.000, 1588.600) (1323.000, 1588.600) on layer: M1
Net VSS: dangling Wire at (1323.000, 1628.200) (1323.000, 1628.200) on layer: M1
Net VSS: dangling Wire at (1323.000, 1624.600) (1323.000, 1624.600) on layer: M1
Net VSS: dangling Wire at (1323.000, 1621.000) (1323.000, 1621.000) on layer: M1
Net VSS: dangling Wire at (1323.000, 1617.400) (1323.000, 1617.400) on layer: M1
Net VSS: dangling Wire at (1323.000, 1613.800) (1323.000, 1613.800) on layer: M1
Net VSS: dangling Wire at (1323.000, 1570.600) (1323.000, 1570.600) on layer: M1
Net VSS: dangling Wire at (1323.000, 1574.200) (1323.000, 1574.200) on layer: M1
Net VSS: dangling Wire at (1323.000, 1577.800) (1323.000, 1577.800) on layer: M1
Net VSS: dangling Wire at (1323.000, 1581.400) (1323.000, 1581.400) on layer: M1
Net VSS: dangling Wire at (1323.000, 1585.000) (1323.000, 1585.000) on layer: M1
Net VSS: dangling Wire at (1323.000, 1567.000) (1323.000, 1567.000) on layer: M1
Net VSS: dangling Wire at (1323.000, 1563.400) (1323.000, 1563.400) on layer: M1
Net VSS: dangling Wire at (1323.000, 1559.800) (1323.000, 1559.800) on layer: M1
Net VSS: dangling Wire at (1323.000, 1556.200) (1323.000, 1556.200) on layer: M1
Net VSS: dangling Wire at (1323.000, 1552.600) (1323.000, 1552.600) on layer: M1
Net VSS: dangling Wire at (1323.000, 1549.000) (1323.000, 1549.000) on layer: M1
Net VSS: dangling Wire at (1323.000, 1545.400) (1323.000, 1545.400) on layer: M1
Net VSS: dangling Wire at (1323.000, 1541.800) (1323.000, 1541.800) on layer: M1
Net VSS: dangling Wire at (1323.000, 1538.200) (1323.000, 1538.200) on layer: M1
Net VSS: dangling Wire at (1323.000, 1534.600) (1323.000, 1534.600) on layer: M1
Net VSS: dangling Wire at (1323.000, 1531.000) (1323.000, 1531.000) on layer: M1
Net VSS: dangling Wire at (1323.000, 1527.400) (1323.000, 1527.400) on layer: M1
Net VSS: dangling Wire at (1323.000, 1523.800) (1323.000, 1523.800) on layer: M1
Net VSS: dangling Wire at (1323.000, 1520.200) (1323.000, 1520.200) on layer: M1
Net VSS: dangling Wire at (1323.000, 1516.600) (1323.000, 1516.600) on layer: M1
Net VSS: dangling Wire at (1323.000, 1513.000) (1323.000, 1513.000) on layer: M1
Net VSS: dangling Wire at (1323.000, 1509.400) (1323.000, 1509.400) on layer: M1
Net VSS: dangling Wire at (1323.000, 1505.800) (1323.000, 1505.800) on layer: M1
Net VSS: dangling Wire at (1323.000, 1502.200) (1323.000, 1502.200) on layer: M1
Net VSS: dangling Wire at (97.000, 2701.000) (97.000, 2701.000) on layer: M1
Net VSS: dangling Wire at (97.000, 2704.600) (97.000, 2704.600) on layer: M1
Net VSS: dangling Wire at (97.000, 2708.200) (97.000, 2708.200) on layer: M1
Net VSS: dangling Wire at (97.000, 2711.800) (97.000, 2711.800) on layer: M1
Net VSS: dangling Wire at (97.000, 2715.400) (97.000, 2715.400) on layer: M1
Net VSS: dangling Wire at (97.000, 2719.000) (97.000, 2719.000) on layer: M1
Net VSS: dangling Wire at (97.000, 2722.600) (97.000, 2722.600) on layer: M1
Net VSS: dangling Wire at (97.000, 2697.400) (97.000, 2697.400) on layer: M1
Net VSS: dangling Wire at (97.000, 2693.800) (97.000, 2693.800) on layer: M1
Net VSS: dangling Wire at (97.000, 2690.200) (97.000, 2690.200) on layer: M1
Net VSS: dangling Wire at (97.000, 2686.600) (97.000, 2686.600) on layer: M1
Net VSS: dangling Wire at (97.000, 2683.000) (97.000, 2683.000) on layer: M1
Net VSS: dangling Wire at (97.000, 2679.400) (97.000, 2679.400) on layer: M1
Net VSS: dangling Wire at (97.000, 2675.800) (97.000, 2675.800) on layer: M1
Net VSS: dangling Wire at (97.000, 2672.200) (97.000, 2672.200) on layer: M1
Net VSS: dangling Wire at (97.000, 2668.600) (97.000, 2668.600) on layer: M1
Net VSS: dangling Wire at (97.000, 2665.000) (97.000, 2665.000) on layer: M1
Net VSS: dangling Wire at (97.000, 2661.400) (97.000, 2661.400) on layer: M1
Net VSS: dangling Wire at (97.000, 2657.800) (97.000, 2657.800) on layer: M1
Net VSS: dangling Wire at (97.000, 2654.200) (97.000, 2654.200) on layer: M1
Net VSS: dangling Wire at (97.000, 2650.600) (97.000, 2650.600) on layer: M1
Net VSS: dangling Wire at (97.000, 2647.000) (97.000, 2647.000) on layer: M1
Net VSS: dangling Wire at (97.000, 2625.400) (97.000, 2625.400) on layer: M1
Net VSS: dangling Wire at (97.000, 2629.000) (97.000, 2629.000) on layer: M1
Net VSS: dangling Wire at (97.000, 2632.600) (97.000, 2632.600) on layer: M1
Net VSS: dangling Wire at (97.000, 2636.200) (97.000, 2636.200) on layer: M1
Net VSS: dangling Wire at (97.000, 2621.800) (97.000, 2621.800) on layer: M1
Net VSS: dangling Wire at (97.000, 2618.200) (97.000, 2618.200) on layer: M1
Net VSS: dangling Wire at (97.000, 2614.600) (97.000, 2614.600) on layer: M1
Net VSS: dangling Wire at (97.000, 2611.000) (97.000, 2611.000) on layer: M1
Net VSS: dangling Wire at (97.000, 2607.400) (97.000, 2607.400) on layer: M1
Net VSS: dangling Wire at (97.000, 2603.800) (97.000, 2603.800) on layer: M1
Net VSS: dangling Wire at (97.000, 2643.400) (97.000, 2643.400) on layer: M1
Net VSS: dangling Wire at (97.000, 2639.800) (97.000, 2639.800) on layer: M1
Net VSS: dangling Wire at (97.000, 2593.000) (97.000, 2593.000) on layer: M1
Net VSS: dangling Wire at (97.000, 2589.400) (97.000, 2589.400) on layer: M1
Net VSS: dangling Wire at (97.000, 2585.800) (97.000, 2585.800) on layer: M1
Net VSS: dangling Wire at (97.000, 2582.200) (97.000, 2582.200) on layer: M1
Net VSS: dangling Wire at (97.000, 2578.600) (97.000, 2578.600) on layer: M1
Net VSS: dangling Wire at (97.000, 2575.000) (97.000, 2575.000) on layer: M1
Net VSS: dangling Wire at (97.000, 2571.400) (97.000, 2571.400) on layer: M1
Net VSS: dangling Wire at (97.000, 2567.800) (97.000, 2567.800) on layer: M1
Net VSS: dangling Wire at (97.000, 2564.200) (97.000, 2564.200) on layer: M1
Net VSS: dangling Wire at (97.000, 2560.600) (97.000, 2560.600) on layer: M1
Net VSS: dangling Wire at (97.000, 2557.000) (97.000, 2557.000) on layer: M1
Net VSS: dangling Wire at (97.000, 2542.600) (97.000, 2542.600) on layer: M1
Net VSS: dangling Wire at (97.000, 2546.200) (97.000, 2546.200) on layer: M1
Net VSS: dangling Wire at (97.000, 2549.800) (97.000, 2549.800) on layer: M1
Net VSS: dangling Wire at (97.000, 2553.400) (97.000, 2553.400) on layer: M1
Net VSS: dangling Wire at (97.000, 2539.000) (97.000, 2539.000) on layer: M1
Net VSS: dangling Wire at (97.000, 2535.400) (97.000, 2535.400) on layer: M1
Net VSS: dangling Wire at (97.000, 2531.800) (97.000, 2531.800) on layer: M1
Net VSS: dangling Wire at (97.000, 2528.200) (97.000, 2528.200) on layer: M1
Net VSS: dangling Wire at (97.000, 2524.600) (97.000, 2524.600) on layer: M1
Net VSS: dangling Wire at (97.000, 2521.000) (97.000, 2521.000) on layer: M1
Net VSS: dangling Wire at (97.000, 2517.400) (97.000, 2517.400) on layer: M1
Net VSS: dangling Wire at (97.000, 2510.200) (97.000, 2510.200) on layer: M1
Net VSS: dangling Wire at (97.000, 2506.600) (97.000, 2506.600) on layer: M1
Net VSS: dangling Wire at (97.000, 2503.000) (97.000, 2503.000) on layer: M1
Net VSS: dangling Wire at (97.000, 2492.200) (97.000, 2492.200) on layer: M1
Net VSS: dangling Wire at (97.000, 2488.600) (97.000, 2488.600) on layer: M1
Net VSS: dangling Wire at (97.000, 2485.000) (97.000, 2485.000) on layer: M1
Net VSS: dangling Wire at (97.000, 2481.400) (97.000, 2481.400) on layer: M1
Net VSS: dangling Wire at (97.000, 2477.800) (97.000, 2477.800) on layer: M1
Net VSS: dangling Wire at (97.000, 2474.200) (97.000, 2474.200) on layer: M1
Net VSS: dangling Wire at (97.000, 2470.600) (97.000, 2470.600) on layer: M1
Net VSS: dangling Wire at (97.000, 2452.600) (97.000, 2452.600) on layer: M1
Net VSS: dangling Wire at (97.000, 2456.200) (97.000, 2456.200) on layer: M1
Net VSS: dangling Wire at (97.000, 2459.800) (97.000, 2459.800) on layer: M1
Net VSS: dangling Wire at (97.000, 2463.400) (97.000, 2463.400) on layer: M1
Net VSS: dangling Wire at (97.000, 2467.000) (97.000, 2467.000) on layer: M1
Net VSS: dangling Wire at (97.000, 2449.000) (97.000, 2449.000) on layer: M1
Net VSS: dangling Wire at (97.000, 2445.400) (97.000, 2445.400) on layer: M1
Net VSS: dangling Wire at (97.000, 2441.800) (97.000, 2441.800) on layer: M1
Net VSS: dangling Wire at (97.000, 2438.200) (97.000, 2438.200) on layer: M1
Net VSS: dangling Wire at (97.000, 2434.600) (97.000, 2434.600) on layer: M1
Net VSS: dangling Wire at (97.000, 2431.000) (97.000, 2431.000) on layer: M1
Net VSS: dangling Wire at (97.000, 2427.400) (97.000, 2427.400) on layer: M1
Net VSS: dangling Wire at (97.000, 2423.800) (97.000, 2423.800) on layer: M1
Net VSS: dangling Wire at (97.000, 2420.200) (97.000, 2420.200) on layer: M1
Net VSS: dangling Wire at (97.000, 2416.600) (97.000, 2416.600) on layer: M1
Net VSS: dangling Wire at (97.000, 2413.000) (97.000, 2413.000) on layer: M1
Net VSS: dangling Wire at (97.000, 2409.400) (97.000, 2409.400) on layer: M1
Net VSS: dangling Wire at (97.000, 2405.800) (97.000, 2405.800) on layer: M1
Net VSS: dangling Wire at (97.000, 2402.200) (97.000, 2402.200) on layer: M1
Net VSS: dangling Wire at (97.000, 2398.600) (97.000, 2398.600) on layer: M1
Net VSS: dangling Wire at (97.000, 2391.400) (97.000, 2391.400) on layer: M1
Net VSS: dangling Wire at (97.000, 2387.800) (97.000, 2387.800) on layer: M1
Net VSS: dangling Wire at (97.000, 2384.200) (97.000, 2384.200) on layer: M1
Net VSS: dangling Wire at (97.000, 2380.600) (97.000, 2380.600) on layer: M1
Net VSS: dangling Wire at (97.000, 2373.400) (97.000, 2373.400) on layer: M1
Net VSS: dangling Wire at (97.000, 2377.000) (97.000, 2377.000) on layer: M1
Net VSS: dangling Wire at (97.000, 2369.800) (97.000, 2369.800) on layer: M1
Net VSS: dangling Wire at (97.000, 2366.200) (97.000, 2366.200) on layer: M1
Net VSS: dangling Wire at (97.000, 2362.600) (97.000, 2362.600) on layer: M1
Net VSS: dangling Wire at (97.000, 2359.000) (97.000, 2359.000) on layer: M1
Net VSS: dangling Wire at (97.000, 2355.400) (97.000, 2355.400) on layer: M1
Net VSS: dangling Wire at (97.000, 2351.800) (97.000, 2351.800) on layer: M1
Net VSS: dangling Wire at (97.000, 2348.200) (97.000, 2348.200) on layer: M1
Net VSS: dangling Wire at (97.000, 2344.600) (97.000, 2344.600) on layer: M1
Net VSS: dangling Wire at (97.000, 2341.000) (97.000, 2341.000) on layer: M1
Net VSS: dangling Wire at (97.000, 2337.400) (97.000, 2337.400) on layer: M1
Net VSS: dangling Wire at (97.000, 2294.200) (97.000, 2294.200) on layer: M1
Net VSS: dangling Wire at (97.000, 2333.800) (97.000, 2333.800) on layer: M1
Net VSS: dangling Wire at (97.000, 2330.200) (97.000, 2330.200) on layer: M1
Net VSS: dangling Wire at (97.000, 2326.600) (97.000, 2326.600) on layer: M1
Net VSS: dangling Wire at (97.000, 2323.000) (97.000, 2323.000) on layer: M1
Net VSS: dangling Wire at (97.000, 2319.400) (97.000, 2319.400) on layer: M1
Net VSS: dangling Wire at (97.000, 2312.200) (97.000, 2312.200) on layer: M1
Net VSS: dangling Wire at (97.000, 2308.600) (97.000, 2308.600) on layer: M1
Net VSS: dangling Wire at (97.000, 2305.000) (97.000, 2305.000) on layer: M1
Net VSS: dangling Wire at (97.000, 2301.400) (97.000, 2301.400) on layer: M1
Net VSS: dangling Wire at (97.000, 2276.200) (97.000, 2276.200) on layer: M1
Net VSS: dangling Wire at (97.000, 2279.800) (97.000, 2279.800) on layer: M1
Net VSS: dangling Wire at (97.000, 2283.400) (97.000, 2283.400) on layer: M1
Net VSS: dangling Wire at (97.000, 2287.000) (97.000, 2287.000) on layer: M1
Net VSS: dangling Wire at (97.000, 2290.600) (97.000, 2290.600) on layer: M1
Net VSS: dangling Wire at (97.000, 2272.600) (97.000, 2272.600) on layer: M1
Net VSS: dangling Wire at (97.000, 2269.000) (97.000, 2269.000) on layer: M1
Net VSS: dangling Wire at (97.000, 2265.400) (97.000, 2265.400) on layer: M1
Net VSS: dangling Wire at (97.000, 2261.800) (97.000, 2261.800) on layer: M1
Net VSS: dangling Wire at (97.000, 2258.200) (97.000, 2258.200) on layer: M1
Net VSS: dangling Wire at (97.000, 2254.600) (97.000, 2254.600) on layer: M1
Net VSS: dangling Wire at (97.000, 2251.000) (97.000, 2251.000) on layer: M1
Net VSS: dangling Wire at (97.000, 2247.400) (97.000, 2247.400) on layer: M1
Net VSS: dangling Wire at (97.000, 2243.800) (97.000, 2243.800) on layer: M1
Net VSS: dangling Wire at (97.000, 2240.200) (97.000, 2240.200) on layer: M1
Net VSS: dangling Wire at (97.000, 2236.600) (97.000, 2236.600) on layer: M1
Net VSS: dangling Wire at (97.000, 2233.000) (97.000, 2233.000) on layer: M1
Net VSS: dangling Wire at (97.000, 2229.400) (97.000, 2229.400) on layer: M1
Net VSS: dangling Wire at (97.000, 2225.800) (97.000, 2225.800) on layer: M1
Net VSS: dangling Wire at (97.000, 2222.200) (97.000, 2222.200) on layer: M1
Net VSS: dangling Wire at (97.000, 2218.600) (97.000, 2218.600) on layer: M1
Net VSS: dangling Wire at (97.000, 2215.000) (97.000, 2215.000) on layer: M1
Net VSS: dangling Wire at (97.000, 2211.400) (97.000, 2211.400) on layer: M1
Net VSS: dangling Wire at (97.000, 2207.800) (97.000, 2207.800) on layer: M1
Net VSS: dangling Wire at (97.000, 2204.200) (97.000, 2204.200) on layer: M1
Net VSS: dangling Wire at (97.000, 2200.600) (97.000, 2200.600) on layer: M1
Net VSS: dangling Wire at (97.000, 2193.400) (97.000, 2193.400) on layer: M1
Net VSS: dangling Wire at (97.000, 2189.800) (97.000, 2189.800) on layer: M1
Net VSS: dangling Wire at (97.000, 2186.200) (97.000, 2186.200) on layer: M1
Net VSS: dangling Wire at (97.000, 2182.600) (97.000, 2182.600) on layer: M1
Net VSS: dangling Wire at (97.000, 2179.000) (97.000, 2179.000) on layer: M1
Net VSS: dangling Wire at (97.000, 2175.400) (97.000, 2175.400) on layer: M1
Net VSS: dangling Wire at (97.000, 2171.800) (97.000, 2171.800) on layer: M1
Net VSS: dangling Wire at (97.000, 2168.200) (97.000, 2168.200) on layer: M1
Net VSS: dangling Wire at (97.000, 2164.600) (97.000, 2164.600) on layer: M1
Net VSS: dangling Wire at (97.000, 2161.000) (97.000, 2161.000) on layer: M1
Net VSS: dangling Wire at (97.000, 2117.800) (97.000, 2117.800) on layer: M1
Net VSS: dangling Wire at (97.000, 2121.400) (97.000, 2121.400) on layer: M1
Net VSS: dangling Wire at (97.000, 2125.000) (97.000, 2125.000) on layer: M1
Net VSS: dangling Wire at (97.000, 2157.400) (97.000, 2157.400) on layer: M1
Net VSS: dangling Wire at (97.000, 2153.800) (97.000, 2153.800) on layer: M1
Net VSS: dangling Wire at (97.000, 2150.200) (97.000, 2150.200) on layer: M1
Net VSS: dangling Wire at (97.000, 2146.600) (97.000, 2146.600) on layer: M1
Net VSS: dangling Wire at (97.000, 2143.000) (97.000, 2143.000) on layer: M1
Net VSS: dangling Wire at (97.000, 2139.400) (97.000, 2139.400) on layer: M1
Net VSS: dangling Wire at (97.000, 2135.800) (97.000, 2135.800) on layer: M1
Net VSS: dangling Wire at (97.000, 2132.200) (97.000, 2132.200) on layer: M1
Net VSS: dangling Wire at (97.000, 2128.600) (97.000, 2128.600) on layer: M1
Net VSS: dangling Wire at (97.000, 2103.400) (97.000, 2103.400) on layer: M1
Net VSS: dangling Wire at (97.000, 2107.000) (97.000, 2107.000) on layer: M1
Net VSS: dangling Wire at (97.000, 2110.600) (97.000, 2110.600) on layer: M1
Net VSS: dangling Wire at (97.000, 2114.200) (97.000, 2114.200) on layer: M1
Net VSS: dangling Wire at (97.000, 2092.600) (97.000, 2092.600) on layer: M1
Net VSS: dangling Wire at (97.000, 2089.000) (97.000, 2089.000) on layer: M1
Net VSS: dangling Wire at (97.000, 2085.400) (97.000, 2085.400) on layer: M1
Net VSS: dangling Wire at (97.000, 2081.800) (97.000, 2081.800) on layer: M1
Net VSS: dangling Wire at (97.000, 2078.200) (97.000, 2078.200) on layer: M1
Net VSS: dangling Wire at (97.000, 2074.600) (97.000, 2074.600) on layer: M1
Net VSS: dangling Wire at (97.000, 2067.400) (97.000, 2067.400) on layer: M1
Net VSS: dangling Wire at (97.000, 2063.800) (97.000, 2063.800) on layer: M1
Net VSS: dangling Wire at (97.000, 2060.200) (97.000, 2060.200) on layer: M1
Net VSS: dangling Wire at (97.000, 2056.600) (97.000, 2056.600) on layer: M1
Net VSS: dangling Wire at (97.000, 2053.000) (97.000, 2053.000) on layer: M1
Net VSS: dangling Wire at (97.000, 2049.400) (97.000, 2049.400) on layer: M1
Net VSS: dangling Wire at (97.000, 2045.800) (97.000, 2045.800) on layer: M1
Net VSS: dangling Wire at (97.000, 2042.200) (97.000, 2042.200) on layer: M1
Net VSS: dangling Wire at (97.000, 2038.600) (97.000, 2038.600) on layer: M1
Net VSS: dangling Wire at (97.000, 2035.000) (97.000, 2035.000) on layer: M1
Net VSS: dangling Wire at (97.000, 2031.400) (97.000, 2031.400) on layer: M1
Net VSS: dangling Wire at (97.000, 2027.800) (97.000, 2027.800) on layer: M1
Net VSS: dangling Wire at (97.000, 2071.000) (97.000, 2071.000) on layer: M1
Net VSS: dangling Wire at (97.000, 2024.200) (97.000, 2024.200) on layer: M1
Net VSS: dangling Wire at (97.000, 2020.600) (97.000, 2020.600) on layer: M1
Net VSS: dangling Wire at (97.000, 2017.000) (97.000, 2017.000) on layer: M1
Net VSS: dangling Wire at (97.000, 2013.400) (97.000, 2013.400) on layer: M1
Net VSS: dangling Wire at (97.000, 2009.800) (97.000, 2009.800) on layer: M1
Net VSS: dangling Wire at (97.000, 2006.200) (97.000, 2006.200) on layer: M1
Net VSS: dangling Wire at (97.000, 2002.600) (97.000, 2002.600) on layer: M1
Net VSS: dangling Wire at (97.000, 1991.800) (97.000, 1991.800) on layer: M1
Net VSS: dangling Wire at (97.000, 1988.200) (97.000, 1988.200) on layer: M1
Net VSS: dangling Wire at (97.000, 1984.600) (97.000, 1984.600) on layer: M1
Net VSS: dangling Wire at (97.000, 1945.000) (97.000, 1945.000) on layer: M1
Net VSS: dangling Wire at (97.000, 1948.600) (97.000, 1948.600) on layer: M1
Net VSS: dangling Wire at (97.000, 1952.200) (97.000, 1952.200) on layer: M1
Net VSS: dangling Wire at (97.000, 1941.400) (97.000, 1941.400) on layer: M1
Net VSS: dangling Wire at (97.000, 1981.000) (97.000, 1981.000) on layer: M1
Net VSS: dangling Wire at (97.000, 1977.400) (97.000, 1977.400) on layer: M1
Net VSS: dangling Wire at (97.000, 1973.800) (97.000, 1973.800) on layer: M1
Net VSS: dangling Wire at (97.000, 1970.200) (97.000, 1970.200) on layer: M1
Net VSS: dangling Wire at (97.000, 1966.600) (97.000, 1966.600) on layer: M1
Net VSS: dangling Wire at (97.000, 1963.000) (97.000, 1963.000) on layer: M1
Net VSS: dangling Wire at (97.000, 1959.400) (97.000, 1959.400) on layer: M1
Net VSS: dangling Wire at (97.000, 1955.800) (97.000, 1955.800) on layer: M1
Net VSS: dangling Wire at (97.000, 1923.400) (97.000, 1923.400) on layer: M1
Net VSS: dangling Wire at (97.000, 1927.000) (97.000, 1927.000) on layer: M1
Net VSS: dangling Wire at (97.000, 1930.600) (97.000, 1930.600) on layer: M1
Net VSS: dangling Wire at (97.000, 1934.200) (97.000, 1934.200) on layer: M1
Net VSS: dangling Wire at (97.000, 1937.800) (97.000, 1937.800) on layer: M1
Net VSS: dangling Wire at (97.000, 1919.800) (97.000, 1919.800) on layer: M1
Net VSS: dangling Wire at (97.000, 1916.200) (97.000, 1916.200) on layer: M1
Net VSS: dangling Wire at (97.000, 1912.600) (97.000, 1912.600) on layer: M1
Net VSS: dangling Wire at (97.000, 1909.000) (97.000, 1909.000) on layer: M1
Net VSS: dangling Wire at (97.000, 1905.400) (97.000, 1905.400) on layer: M1
Net VSS: dangling Wire at (97.000, 1901.800) (97.000, 1901.800) on layer: M1
Net VSS: dangling Wire at (97.000, 1898.200) (97.000, 1898.200) on layer: M1
Net VSS: dangling Wire at (97.000, 1891.000) (97.000, 1891.000) on layer: M1
Net VSS: dangling Wire at (97.000, 1887.400) (97.000, 1887.400) on layer: M1
Net VSS: dangling Wire at (97.000, 1883.800) (97.000, 1883.800) on layer: M1
Net VSS: dangling Wire at (97.000, 1880.200) (97.000, 1880.200) on layer: M1
Net VSS: dangling Wire at (97.000, 1876.600) (97.000, 1876.600) on layer: M1
Net VSS: dangling Wire at (97.000, 1873.000) (97.000, 1873.000) on layer: M1
Net VSS: dangling Wire at (97.000, 1869.400) (97.000, 1869.400) on layer: M1
Net VSS: dangling Wire at (97.000, 1865.800) (97.000, 1865.800) on layer: M1
Net VSS: dangling Wire at (97.000, 1862.200) (97.000, 1862.200) on layer: M1
Net VSS: dangling Wire at (97.000, 1858.600) (97.000, 1858.600) on layer: M1
Net VSS: dangling Wire at (97.000, 1855.000) (97.000, 1855.000) on layer: M1
Net VSS: dangling Wire at (97.000, 1851.400) (97.000, 1851.400) on layer: M1
Net VSS: dangling Wire at (97.000, 1894.600) (97.000, 1894.600) on layer: M1
Net VSS: dangling Wire at (97.000, 1840.600) (97.000, 1840.600) on layer: M1
Net VSS: dangling Wire at (97.000, 1844.200) (97.000, 1844.200) on layer: M1
Net VSS: dangling Wire at (97.000, 1847.800) (97.000, 1847.800) on layer: M1
Net VSS: dangling Wire at (97.000, 1837.000) (97.000, 1837.000) on layer: M1
Net VSS: dangling Wire at (97.000, 1833.400) (97.000, 1833.400) on layer: M1
Net VSS: dangling Wire at (97.000, 1829.800) (97.000, 1829.800) on layer: M1
Net VSS: dangling Wire at (97.000, 1826.200) (97.000, 1826.200) on layer: M1
Net VSS: dangling Wire at (97.000, 1822.600) (97.000, 1822.600) on layer: M1
Net VSS: dangling Wire at (97.000, 1819.000) (97.000, 1819.000) on layer: M1
Net VSS: dangling Wire at (97.000, 1811.800) (97.000, 1811.800) on layer: M1
Net VSS: dangling Wire at (97.000, 1808.200) (97.000, 1808.200) on layer: M1
Net VSS: dangling Wire at (97.000, 1804.600) (97.000, 1804.600) on layer: M1
Net VSS: dangling Wire at (97.000, 1790.200) (97.000, 1790.200) on layer: M1
Net VSS: dangling Wire at (97.000, 1786.600) (97.000, 1786.600) on layer: M1
Net VSS: dangling Wire at (97.000, 1783.000) (97.000, 1783.000) on layer: M1
Net VSS: dangling Wire at (97.000, 1779.400) (97.000, 1779.400) on layer: M1
Net VSS: dangling Wire at (97.000, 1775.800) (97.000, 1775.800) on layer: M1
Net VSS: dangling Wire at (97.000, 1772.200) (97.000, 1772.200) on layer: M1
Net VSS: dangling Wire at (97.000, 1768.600) (97.000, 1768.600) on layer: M1
Net VSS: dangling Wire at (97.000, 1765.000) (97.000, 1765.000) on layer: M1
Net VSS: dangling Wire at (97.000, 1747.000) (97.000, 1747.000) on layer: M1
Net VSS: dangling Wire at (97.000, 1750.600) (97.000, 1750.600) on layer: M1
Net VSS: dangling Wire at (97.000, 1754.200) (97.000, 1754.200) on layer: M1
Net VSS: dangling Wire at (97.000, 1757.800) (97.000, 1757.800) on layer: M1
Net VSS: dangling Wire at (97.000, 1761.400) (97.000, 1761.400) on layer: M1
Net VSS: dangling Wire at (97.000, 1743.400) (97.000, 1743.400) on layer: M1
Net VSS: dangling Wire at (97.000, 1739.800) (97.000, 1739.800) on layer: M1
Net VSS: dangling Wire at (97.000, 1736.200) (97.000, 1736.200) on layer: M1
Net VSS: dangling Wire at (97.000, 1732.600) (97.000, 1732.600) on layer: M1
Net VSS: dangling Wire at (97.000, 1729.000) (97.000, 1729.000) on layer: M1
Net VSS: dangling Wire at (97.000, 1725.400) (97.000, 1725.400) on layer: M1
Net VSS: dangling Wire at (97.000, 1721.800) (97.000, 1721.800) on layer: M1
Net VSS: dangling Wire at (97.000, 1718.200) (97.000, 1718.200) on layer: M1
Net VSS: dangling Wire at (97.000, 1714.600) (97.000, 1714.600) on layer: M1
Net VSS: dangling Wire at (97.000, 1711.000) (97.000, 1711.000) on layer: M1
Net VSS: dangling Wire at (97.000, 1707.400) (97.000, 1707.400) on layer: M1
Net VSS: dangling Wire at (97.000, 1703.800) (97.000, 1703.800) on layer: M1
Net VSS: dangling Wire at (97.000, 1689.400) (97.000, 1689.400) on layer: M1
Net VSS: dangling Wire at (97.000, 1685.800) (97.000, 1685.800) on layer: M1
Net VSS: dangling Wire at (97.000, 1682.200) (97.000, 1682.200) on layer: M1
Net VSS: dangling Wire at (97.000, 1678.600) (97.000, 1678.600) on layer: M1
Net VSS: dangling Wire at (97.000, 1675.000) (97.000, 1675.000) on layer: M1
Net VSS: dangling Wire at (97.000, 1671.400) (97.000, 1671.400) on layer: M1
Net VSS: dangling Wire at (97.000, 1667.800) (97.000, 1667.800) on layer: M1
Net VSS: dangling Wire at (97.000, 1664.200) (97.000, 1664.200) on layer: M1
Net VSS: dangling Wire at (97.000, 1660.600) (97.000, 1660.600) on layer: M1
Net VSS: dangling Wire at (97.000, 1657.000) (97.000, 1657.000) on layer: M1
Net VSS: dangling Wire at (97.000, 1653.400) (97.000, 1653.400) on layer: M1
Net VSS: dangling Wire at (97.000, 1649.800) (97.000, 1649.800) on layer: M1
Net VSS: dangling Wire at (97.000, 1646.200) (97.000, 1646.200) on layer: M1
Net VSS: dangling Wire at (97.000, 1642.600) (97.000, 1642.600) on layer: M1
Net VSS: dangling Wire at (97.000, 1639.000) (97.000, 1639.000) on layer: M1
Net VSS: dangling Wire at (97.000, 1635.400) (97.000, 1635.400) on layer: M1
Net VSS: dangling Wire at (97.000, 1631.800) (97.000, 1631.800) on layer: M1
Net VSS: dangling Wire at (97.000, 1603.000) (97.000, 1603.000) on layer: M1
Net VSS: dangling Wire at (97.000, 1606.600) (97.000, 1606.600) on layer: M1
Net VSS: dangling Wire at (97.000, 1610.200) (97.000, 1610.200) on layer: M1
Net VSS: dangling Wire at (97.000, 1592.200) (97.000, 1592.200) on layer: M1
Net VSS: dangling Wire at (97.000, 1588.600) (97.000, 1588.600) on layer: M1
Net VSS: dangling Wire at (97.000, 1628.200) (97.000, 1628.200) on layer: M1
Net VSS: dangling Wire at (97.000, 1624.600) (97.000, 1624.600) on layer: M1
Net VSS: dangling Wire at (97.000, 1621.000) (97.000, 1621.000) on layer: M1
Net VSS: dangling Wire at (97.000, 1617.400) (97.000, 1617.400) on layer: M1
Net VSS: dangling Wire at (97.000, 1613.800) (97.000, 1613.800) on layer: M1
Net VSS: dangling Wire at (97.000, 1570.600) (97.000, 1570.600) on layer: M1
Net VSS: dangling Wire at (97.000, 1574.200) (97.000, 1574.200) on layer: M1
Net VSS: dangling Wire at (97.000, 1577.800) (97.000, 1577.800) on layer: M1
Net VSS: dangling Wire at (97.000, 1581.400) (97.000, 1581.400) on layer: M1
Net VSS: dangling Wire at (97.000, 1585.000) (97.000, 1585.000) on layer: M1
Net VSS: dangling Wire at (97.000, 1567.000) (97.000, 1567.000) on layer: M1
Net VSS: dangling Wire at (97.000, 1563.400) (97.000, 1563.400) on layer: M1
Net VSS: dangling Wire at (97.000, 1559.800) (97.000, 1559.800) on layer: M1
Net VSS: dangling Wire at (97.000, 1556.200) (97.000, 1556.200) on layer: M1
Net VSS: dangling Wire at (97.000, 1552.600) (97.000, 1552.600) on layer: M1
Net VSS: dangling Wire at (97.000, 1549.000) (97.000, 1549.000) on layer: M1
Net VSS: dangling Wire at (97.000, 1545.400) (97.000, 1545.400) on layer: M1
Net VSS: dangling Wire at (97.000, 1541.800) (97.000, 1541.800) on layer: M1
Net VSS: dangling Wire at (97.000, 1538.200) (97.000, 1538.200) on layer: M1
Net VSS: dangling Wire at (97.000, 1534.600) (97.000, 1534.600) on layer: M1
Net VSS: dangling Wire at (97.000, 1531.000) (97.000, 1531.000) on layer: M1
Net VSS: dangling Wire at (97.000, 1527.400) (97.000, 1527.400) on layer: M1
Net VSS: dangling Wire at (97.000, 1523.800) (97.000, 1523.800) on layer: M1
Net VSS: dangling Wire at (97.000, 1520.200) (97.000, 1520.200) on layer: M1
Net VSS: dangling Wire at (97.000, 1516.600) (97.000, 1516.600) on layer: M1
Net VSS: dangling Wire at (97.000, 1513.000) (97.000, 1513.000) on layer: M1
Net VSS: dangling Wire at (97.000, 1509.400) (97.000, 1509.400) on layer: M1
Net VSS: dangling Wire at (97.000, 1505.800) (97.000, 1505.800) on layer: M1
Net VSS: dangling Wire at (97.000, 1502.200) (97.000, 1502.200) on layer: M1
Net VSS: dangling Wire at (1323.000, 1322.200) (1323.000, 1322.200) on layer: M1
Net VSS: dangling Wire at (1323.000, 1307.800) (1323.000, 1307.800) on layer: M1
Net VSS: dangling Wire at (1323.000, 1311.400) (1323.000, 1311.400) on layer: M1
Net VSS: dangling Wire at (1323.000, 1315.000) (1323.000, 1315.000) on layer: M1
Net VSS: dangling Wire at (1323.000, 1318.600) (1323.000, 1318.600) on layer: M1
Net VSS: dangling Wire at (1323.000, 1304.200) (1323.000, 1304.200) on layer: M1
Net VSS: dangling Wire at (1323.000, 1300.600) (1323.000, 1300.600) on layer: M1
Net VSS: dangling Wire at (1323.000, 1297.000) (1323.000, 1297.000) on layer: M1
Net VSS: dangling Wire at (1323.000, 1293.400) (1323.000, 1293.400) on layer: M1
Net VSS: dangling Wire at (1323.000, 1289.800) (1323.000, 1289.800) on layer: M1
Net VSS: dangling Wire at (1323.000, 1286.200) (1323.000, 1286.200) on layer: M1
Net VSS: dangling Wire at (1323.000, 1282.600) (1323.000, 1282.600) on layer: M1
Net VSS: dangling Wire at (1323.000, 1279.000) (1323.000, 1279.000) on layer: M1
Net VSS: dangling Wire at (1323.000, 1275.400) (1323.000, 1275.400) on layer: M1
Net VSS: dangling Wire at (1323.000, 1271.800) (1323.000, 1271.800) on layer: M1
Net VSS: dangling Wire at (1323.000, 1268.200) (1323.000, 1268.200) on layer: M1
Net VSS: dangling Wire at (1323.000, 1264.600) (1323.000, 1264.600) on layer: M1
Net VSS: dangling Wire at (1323.000, 1261.000) (1323.000, 1261.000) on layer: M1
Net VSS: dangling Wire at (1323.000, 1257.400) (1323.000, 1257.400) on layer: M1
Net VSS: dangling Wire at (1323.000, 1253.800) (1323.000, 1253.800) on layer: M1
Net VSS: dangling Wire at (1323.000, 1250.200) (1323.000, 1250.200) on layer: M1
Net VSS: dangling Wire at (1323.000, 1246.600) (1323.000, 1246.600) on layer: M1
Net VSS: dangling Wire at (1323.000, 1243.000) (1323.000, 1243.000) on layer: M1
Net VSS: dangling Wire at (1323.000, 1239.400) (1323.000, 1239.400) on layer: M1
Net VSS: dangling Wire at (1323.000, 1235.800) (1323.000, 1235.800) on layer: M1
Net VSS: dangling Wire at (1323.000, 1232.200) (1323.000, 1232.200) on layer: M1
Net VSS: dangling Wire at (1323.000, 1228.600) (1323.000, 1228.600) on layer: M1
Net VSS: dangling Wire at (1323.000, 1225.000) (1323.000, 1225.000) on layer: M1
Net VSS: dangling Wire at (1323.000, 1221.400) (1323.000, 1221.400) on layer: M1
Net VSS: dangling Wire at (1323.000, 1217.800) (1323.000, 1217.800) on layer: M1
Net VSS: dangling Wire at (1323.000, 1214.200) (1323.000, 1214.200) on layer: M1
Net VSS: dangling Wire at (1323.000, 1210.600) (1323.000, 1210.600) on layer: M1
Net VSS: dangling Wire at (1323.000, 1207.000) (1323.000, 1207.000) on layer: M1
Net VSS: dangling Wire at (1323.000, 1203.400) (1323.000, 1203.400) on layer: M1
Net VSS: dangling Wire at (1323.000, 1199.800) (1323.000, 1199.800) on layer: M1
Net VSS: dangling Wire at (1323.000, 1196.200) (1323.000, 1196.200) on layer: M1
Net VSS: dangling Wire at (1323.000, 1192.600) (1323.000, 1192.600) on layer: M1
Net VSS: dangling Wire at (1323.000, 1145.800) (1323.000, 1145.800) on layer: M1
Net VSS: dangling Wire at (1323.000, 1149.400) (1323.000, 1149.400) on layer: M1
Net VSS: dangling Wire at (1323.000, 1153.000) (1323.000, 1153.000) on layer: M1
Net VSS: dangling Wire at (1323.000, 1156.600) (1323.000, 1156.600) on layer: M1
Net VSS: dangling Wire at (1323.000, 1189.000) (1323.000, 1189.000) on layer: M1
Net VSS: dangling Wire at (1323.000, 1185.400) (1323.000, 1185.400) on layer: M1
Net VSS: dangling Wire at (1323.000, 1181.800) (1323.000, 1181.800) on layer: M1
Net VSS: dangling Wire at (1323.000, 1178.200) (1323.000, 1178.200) on layer: M1
Net VSS: dangling Wire at (1323.000, 1174.600) (1323.000, 1174.600) on layer: M1
Net VSS: dangling Wire at (1323.000, 1171.000) (1323.000, 1171.000) on layer: M1
Net VSS: dangling Wire at (1323.000, 1167.400) (1323.000, 1167.400) on layer: M1
Net VSS: dangling Wire at (1323.000, 1163.800) (1323.000, 1163.800) on layer: M1
Net VSS: dangling Wire at (1323.000, 1160.200) (1323.000, 1160.200) on layer: M1
Net VSS: dangling Wire at (1323.000, 1127.800) (1323.000, 1127.800) on layer: M1
Net VSS: dangling Wire at (1323.000, 1131.400) (1323.000, 1131.400) on layer: M1
Net VSS: dangling Wire at (1323.000, 1135.000) (1323.000, 1135.000) on layer: M1
Net VSS: dangling Wire at (1323.000, 1138.600) (1323.000, 1138.600) on layer: M1
Net VSS: dangling Wire at (1323.000, 1142.200) (1323.000, 1142.200) on layer: M1
Net VSS: dangling Wire at (1323.000, 1124.200) (1323.000, 1124.200) on layer: M1
Net VSS: dangling Wire at (1323.000, 1120.600) (1323.000, 1120.600) on layer: M1
Net VSS: dangling Wire at (1323.000, 1117.000) (1323.000, 1117.000) on layer: M1
Net VSS: dangling Wire at (1323.000, 1113.400) (1323.000, 1113.400) on layer: M1
Net VSS: dangling Wire at (1323.000, 1109.800) (1323.000, 1109.800) on layer: M1
Net VSS: dangling Wire at (1323.000, 1106.200) (1323.000, 1106.200) on layer: M1
Net VSS: dangling Wire at (1323.000, 1102.600) (1323.000, 1102.600) on layer: M1
Net VSS: dangling Wire at (1323.000, 1099.000) (1323.000, 1099.000) on layer: M1
Net VSS: dangling Wire at (1323.000, 1095.400) (1323.000, 1095.400) on layer: M1
Net VSS: dangling Wire at (1323.000, 1091.800) (1323.000, 1091.800) on layer: M1
Net VSS: dangling Wire at (1323.000, 1088.200) (1323.000, 1088.200) on layer: M1
Net VSS: dangling Wire at (1323.000, 1084.600) (1323.000, 1084.600) on layer: M1
Net VSS: dangling Wire at (1323.000, 1081.000) (1323.000, 1081.000) on layer: M1
Net VSS: dangling Wire at (1323.000, 1077.400) (1323.000, 1077.400) on layer: M1
Net VSS: dangling Wire at (1323.000, 1073.800) (1323.000, 1073.800) on layer: M1
Net VSS: dangling Wire at (1323.000, 1070.200) (1323.000, 1070.200) on layer: M1
Net VSS: dangling Wire at (1323.000, 1066.600) (1323.000, 1066.600) on layer: M1
Net VSS: dangling Wire at (1323.000, 1063.000) (1323.000, 1063.000) on layer: M1
Net VSS: dangling Wire at (1323.000, 1059.400) (1323.000, 1059.400) on layer: M1
Net VSS: dangling Wire at (1323.000, 1045.000) (1323.000, 1045.000) on layer: M1
Net VSS: dangling Wire at (1323.000, 1048.600) (1323.000, 1048.600) on layer: M1
Net VSS: dangling Wire at (1323.000, 1052.200) (1323.000, 1052.200) on layer: M1
Net VSS: dangling Wire at (1323.000, 1055.800) (1323.000, 1055.800) on layer: M1
Net VSS: dangling Wire at (1323.000, 1041.400) (1323.000, 1041.400) on layer: M1
Net VSS: dangling Wire at (1323.000, 1037.800) (1323.000, 1037.800) on layer: M1
Net VSS: dangling Wire at (1323.000, 1034.200) (1323.000, 1034.200) on layer: M1
Net VSS: dangling Wire at (1323.000, 1030.600) (1323.000, 1030.600) on layer: M1
Net VSS: dangling Wire at (1323.000, 1027.000) (1323.000, 1027.000) on layer: M1
Net VSS: dangling Wire at (1323.000, 1023.400) (1323.000, 1023.400) on layer: M1
Net VSS: dangling Wire at (1323.000, 1019.800) (1323.000, 1019.800) on layer: M1
Net VSS: dangling Wire at (1323.000, 1016.200) (1323.000, 1016.200) on layer: M1
Net VSS: dangling Wire at (1323.000, 1012.600) (1323.000, 1012.600) on layer: M1
Net VSS: dangling Wire at (1323.000, 1009.000) (1323.000, 1009.000) on layer: M1
Net VSS: dangling Wire at (1323.000, 1005.400) (1323.000, 1005.400) on layer: M1
Net VSS: dangling Wire at (1323.000, 1001.800) (1323.000, 1001.800) on layer: M1
Net VSS: dangling Wire at (1323.000, 998.200) (1323.000, 998.200) on layer: M1
Net VSS: dangling Wire at (1323.000, 994.600) (1323.000, 994.600) on layer: M1
Net VSS: dangling Wire at (1323.000, 991.000) (1323.000, 991.000) on layer: M1
Net VSS: dangling Wire at (1323.000, 987.400) (1323.000, 987.400) on layer: M1
Net VSS: dangling Wire at (1323.000, 983.800) (1323.000, 983.800) on layer: M1
Net VSS: dangling Wire at (1323.000, 980.200) (1323.000, 980.200) on layer: M1
Net VSS: dangling Wire at (1323.000, 976.600) (1323.000, 976.600) on layer: M1
Net VSS: dangling Wire at (1323.000, 973.000) (1323.000, 973.000) on layer: M1
Net VSS: dangling Wire at (1323.000, 951.400) (1323.000, 951.400) on layer: M1
Net VSS: dangling Wire at (1323.000, 955.000) (1323.000, 955.000) on layer: M1
Net VSS: dangling Wire at (1323.000, 958.600) (1323.000, 958.600) on layer: M1
Net VSS: dangling Wire at (1323.000, 962.200) (1323.000, 962.200) on layer: M1
Net VSS: dangling Wire at (1323.000, 965.800) (1323.000, 965.800) on layer: M1
Net VSS: dangling Wire at (1323.000, 947.800) (1323.000, 947.800) on layer: M1
Net VSS: dangling Wire at (1323.000, 944.200) (1323.000, 944.200) on layer: M1
Net VSS: dangling Wire at (1323.000, 940.600) (1323.000, 940.600) on layer: M1
Net VSS: dangling Wire at (1323.000, 937.000) (1323.000, 937.000) on layer: M1
Net VSS: dangling Wire at (1323.000, 933.400) (1323.000, 933.400) on layer: M1
Net VSS: dangling Wire at (1323.000, 929.800) (1323.000, 929.800) on layer: M1
Net VSS: dangling Wire at (1323.000, 926.200) (1323.000, 926.200) on layer: M1
Net VSS: dangling Wire at (1323.000, 922.600) (1323.000, 922.600) on layer: M1
Net VSS: dangling Wire at (1323.000, 919.000) (1323.000, 919.000) on layer: M1
Net VSS: dangling Wire at (1323.000, 915.400) (1323.000, 915.400) on layer: M1
Net VSS: dangling Wire at (1323.000, 911.800) (1323.000, 911.800) on layer: M1
Net VSS: dangling Wire at (1323.000, 908.200) (1323.000, 908.200) on layer: M1
Net VSS: dangling Wire at (1323.000, 904.600) (1323.000, 904.600) on layer: M1
Net VSS: dangling Wire at (1323.000, 901.000) (1323.000, 901.000) on layer: M1
Net VSS: dangling Wire at (1323.000, 897.400) (1323.000, 897.400) on layer: M1
Net VSS: dangling Wire at (1323.000, 893.800) (1323.000, 893.800) on layer: M1
Net VSS: dangling Wire at (1323.000, 890.200) (1323.000, 890.200) on layer: M1
Net VSS: dangling Wire at (1323.000, 886.600) (1323.000, 886.600) on layer: M1
Net VSS: dangling Wire at (1323.000, 883.000) (1323.000, 883.000) on layer: M1
Net VSS: dangling Wire at (1323.000, 969.400) (1323.000, 969.400) on layer: M1
Net VSS: dangling Wire at (1323.000, 879.400) (1323.000, 879.400) on layer: M1
Net VSS: dangling Wire at (1323.000, 875.800) (1323.000, 875.800) on layer: M1
Net VSS: dangling Wire at (1323.000, 872.200) (1323.000, 872.200) on layer: M1
Net VSS: dangling Wire at (1323.000, 868.600) (1323.000, 868.600) on layer: M1
Net VSS: dangling Wire at (1323.000, 865.000) (1323.000, 865.000) on layer: M1
Net VSS: dangling Wire at (1323.000, 861.400) (1323.000, 861.400) on layer: M1
Net VSS: dangling Wire at (1323.000, 857.800) (1323.000, 857.800) on layer: M1
Net VSS: dangling Wire at (1323.000, 854.200) (1323.000, 854.200) on layer: M1
Net VSS: dangling Wire at (1323.000, 850.600) (1323.000, 850.600) on layer: M1
Net VSS: dangling Wire at (1323.000, 847.000) (1323.000, 847.000) on layer: M1
Net VSS: dangling Wire at (1323.000, 843.400) (1323.000, 843.400) on layer: M1
Net VSS: dangling Wire at (1323.000, 839.800) (1323.000, 839.800) on layer: M1
Net VSS: dangling Wire at (1323.000, 803.800) (1323.000, 803.800) on layer: M1
Net VSS: dangling Wire at (1323.000, 807.400) (1323.000, 807.400) on layer: M1
Net VSS: dangling Wire at (1323.000, 811.000) (1323.000, 811.000) on layer: M1
Net VSS: dangling Wire at (1323.000, 814.600) (1323.000, 814.600) on layer: M1
Net VSS: dangling Wire at (1323.000, 800.200) (1323.000, 800.200) on layer: M1
Net VSS: dangling Wire at (1323.000, 796.600) (1323.000, 796.600) on layer: M1
Net VSS: dangling Wire at (1323.000, 836.200) (1323.000, 836.200) on layer: M1
Net VSS: dangling Wire at (1323.000, 832.600) (1323.000, 832.600) on layer: M1
Net VSS: dangling Wire at (1323.000, 829.000) (1323.000, 829.000) on layer: M1
Net VSS: dangling Wire at (1323.000, 825.400) (1323.000, 825.400) on layer: M1
Net VSS: dangling Wire at (1323.000, 821.800) (1323.000, 821.800) on layer: M1
Net VSS: dangling Wire at (1323.000, 818.200) (1323.000, 818.200) on layer: M1
Net VSS: dangling Wire at (1323.000, 775.000) (1323.000, 775.000) on layer: M1
Net VSS: dangling Wire at (1323.000, 778.600) (1323.000, 778.600) on layer: M1
Net VSS: dangling Wire at (1323.000, 782.200) (1323.000, 782.200) on layer: M1
Net VSS: dangling Wire at (1323.000, 785.800) (1323.000, 785.800) on layer: M1
Net VSS: dangling Wire at (1323.000, 789.400) (1323.000, 789.400) on layer: M1
Net VSS: dangling Wire at (1323.000, 771.400) (1323.000, 771.400) on layer: M1
Net VSS: dangling Wire at (1323.000, 767.800) (1323.000, 767.800) on layer: M1
Net VSS: dangling Wire at (1323.000, 764.200) (1323.000, 764.200) on layer: M1
Net VSS: dangling Wire at (1323.000, 760.600) (1323.000, 760.600) on layer: M1
Net VSS: dangling Wire at (1323.000, 757.000) (1323.000, 757.000) on layer: M1
Net VSS: dangling Wire at (1323.000, 753.400) (1323.000, 753.400) on layer: M1
Net VSS: dangling Wire at (1323.000, 749.800) (1323.000, 749.800) on layer: M1
Net VSS: dangling Wire at (1323.000, 746.200) (1323.000, 746.200) on layer: M1
Net VSS: dangling Wire at (1323.000, 742.600) (1323.000, 742.600) on layer: M1
Net VSS: dangling Wire at (1323.000, 739.000) (1323.000, 739.000) on layer: M1
Net VSS: dangling Wire at (1323.000, 735.400) (1323.000, 735.400) on layer: M1
Net VSS: dangling Wire at (1323.000, 731.800) (1323.000, 731.800) on layer: M1
Net VSS: dangling Wire at (1323.000, 728.200) (1323.000, 728.200) on layer: M1
Net VSS: dangling Wire at (1323.000, 724.600) (1323.000, 724.600) on layer: M1
Net VSS: dangling Wire at (1323.000, 721.000) (1323.000, 721.000) on layer: M1
Net VSS: dangling Wire at (1323.000, 717.400) (1323.000, 717.400) on layer: M1
Net VSS: dangling Wire at (1323.000, 713.800) (1323.000, 713.800) on layer: M1
Net VSS: dangling Wire at (1323.000, 710.200) (1323.000, 710.200) on layer: M1
Net VSS: dangling Wire at (1323.000, 706.600) (1323.000, 706.600) on layer: M1
Net VSS: dangling Wire at (1323.000, 793.000) (1323.000, 793.000) on layer: M1
Net VSS: dangling Wire at (1323.000, 692.200) (1323.000, 692.200) on layer: M1
Net VSS: dangling Wire at (1323.000, 695.800) (1323.000, 695.800) on layer: M1
Net VSS: dangling Wire at (1323.000, 699.400) (1323.000, 699.400) on layer: M1
Net VSS: dangling Wire at (1323.000, 688.600) (1323.000, 688.600) on layer: M1
Net VSS: dangling Wire at (1323.000, 685.000) (1323.000, 685.000) on layer: M1
Net VSS: dangling Wire at (1323.000, 681.400) (1323.000, 681.400) on layer: M1
Net VSS: dangling Wire at (1323.000, 677.800) (1323.000, 677.800) on layer: M1
Net VSS: dangling Wire at (1323.000, 674.200) (1323.000, 674.200) on layer: M1
Net VSS: dangling Wire at (1323.000, 670.600) (1323.000, 670.600) on layer: M1
Net VSS: dangling Wire at (1323.000, 667.000) (1323.000, 667.000) on layer: M1
Net VSS: dangling Wire at (1323.000, 663.400) (1323.000, 663.400) on layer: M1
Net VSS: dangling Wire at (1323.000, 703.000) (1323.000, 703.000) on layer: M1
Net VSS: dangling Wire at (1323.000, 659.800) (1323.000, 659.800) on layer: M1
Net VSS: dangling Wire at (1323.000, 656.200) (1323.000, 656.200) on layer: M1
Net VSS: dangling Wire at (1323.000, 652.600) (1323.000, 652.600) on layer: M1
Net VSS: dangling Wire at (1323.000, 649.000) (1323.000, 649.000) on layer: M1
Net VSS: dangling Wire at (1323.000, 645.400) (1323.000, 645.400) on layer: M1
Net VSS: dangling Wire at (1323.000, 641.800) (1323.000, 641.800) on layer: M1
Net VSS: dangling Wire at (1323.000, 638.200) (1323.000, 638.200) on layer: M1
Net VSS: dangling Wire at (1323.000, 634.600) (1323.000, 634.600) on layer: M1
Net VSS: dangling Wire at (1323.000, 631.000) (1323.000, 631.000) on layer: M1
Net VSS: dangling Wire at (1323.000, 627.400) (1323.000, 627.400) on layer: M1
Net VSS: dangling Wire at (1323.000, 623.800) (1323.000, 623.800) on layer: M1
Net VSS: dangling Wire at (1323.000, 620.200) (1323.000, 620.200) on layer: M1
Net VSS: dangling Wire at (1323.000, 602.200) (1323.000, 602.200) on layer: M1
Net VSS: dangling Wire at (1323.000, 605.800) (1323.000, 605.800) on layer: M1
Net VSS: dangling Wire at (1323.000, 609.400) (1323.000, 609.400) on layer: M1
Net VSS: dangling Wire at (1323.000, 613.000) (1323.000, 613.000) on layer: M1
Net VSS: dangling Wire at (1323.000, 616.600) (1323.000, 616.600) on layer: M1
Net VSS: dangling Wire at (1323.000, 598.600) (1323.000, 598.600) on layer: M1
Net VSS: dangling Wire at (1323.000, 595.000) (1323.000, 595.000) on layer: M1
Net VSS: dangling Wire at (1323.000, 591.400) (1323.000, 591.400) on layer: M1
Net VSS: dangling Wire at (1323.000, 587.800) (1323.000, 587.800) on layer: M1
Net VSS: dangling Wire at (1323.000, 584.200) (1323.000, 584.200) on layer: M1
Net VSS: dangling Wire at (1323.000, 580.600) (1323.000, 580.600) on layer: M1
Net VSS: dangling Wire at (1323.000, 577.000) (1323.000, 577.000) on layer: M1
Net VSS: dangling Wire at (1323.000, 573.400) (1323.000, 573.400) on layer: M1
Net VSS: dangling Wire at (1323.000, 569.800) (1323.000, 569.800) on layer: M1
Net VSS: dangling Wire at (1323.000, 566.200) (1323.000, 566.200) on layer: M1
Net VSS: dangling Wire at (1323.000, 562.600) (1323.000, 562.600) on layer: M1
Net VSS: dangling Wire at (1323.000, 559.000) (1323.000, 559.000) on layer: M1
Net VSS: dangling Wire at (1323.000, 555.400) (1323.000, 555.400) on layer: M1
Net VSS: dangling Wire at (1323.000, 551.800) (1323.000, 551.800) on layer: M1
Net VSS: dangling Wire at (1323.000, 548.200) (1323.000, 548.200) on layer: M1
Net VSS: dangling Wire at (1323.000, 544.600) (1323.000, 544.600) on layer: M1
Net VSS: dangling Wire at (1323.000, 541.000) (1323.000, 541.000) on layer: M1
Net VSS: dangling Wire at (1323.000, 537.400) (1323.000, 537.400) on layer: M1
Net VSS: dangling Wire at (1323.000, 533.800) (1323.000, 533.800) on layer: M1
Net VSS: dangling Wire at (1323.000, 530.200) (1323.000, 530.200) on layer: M1
Net VSS: dangling Wire at (1323.000, 515.800) (1323.000, 515.800) on layer: M1
Net VSS: dangling Wire at (1323.000, 519.400) (1323.000, 519.400) on layer: M1
Net VSS: dangling Wire at (1323.000, 523.000) (1323.000, 523.000) on layer: M1
Net VSS: dangling Wire at (1323.000, 526.600) (1323.000, 526.600) on layer: M1
Net VSS: dangling Wire at (1323.000, 512.200) (1323.000, 512.200) on layer: M1
Net VSS: dangling Wire at (1323.000, 508.600) (1323.000, 508.600) on layer: M1
Net VSS: dangling Wire at (1323.000, 505.000) (1323.000, 505.000) on layer: M1
Net VSS: dangling Wire at (1323.000, 501.400) (1323.000, 501.400) on layer: M1
Net VSS: dangling Wire at (1323.000, 497.800) (1323.000, 497.800) on layer: M1
Net VSS: dangling Wire at (1323.000, 494.200) (1323.000, 494.200) on layer: M1
Net VSS: dangling Wire at (1323.000, 490.600) (1323.000, 490.600) on layer: M1
Net VSS: dangling Wire at (1323.000, 487.000) (1323.000, 487.000) on layer: M1
Net VSS: dangling Wire at (1323.000, 483.400) (1323.000, 483.400) on layer: M1
Net VSS: dangling Wire at (1323.000, 479.800) (1323.000, 479.800) on layer: M1
Net VSS: dangling Wire at (1323.000, 476.200) (1323.000, 476.200) on layer: M1
Net VSS: dangling Wire at (1323.000, 472.600) (1323.000, 472.600) on layer: M1
Net VSS: dangling Wire at (1323.000, 469.000) (1323.000, 469.000) on layer: M1
Net VSS: dangling Wire at (1323.000, 465.400) (1323.000, 465.400) on layer: M1
Net VSS: dangling Wire at (1323.000, 461.800) (1323.000, 461.800) on layer: M1
Net VSS: dangling Wire at (1323.000, 458.200) (1323.000, 458.200) on layer: M1
Net VSS: dangling Wire at (1323.000, 454.600) (1323.000, 454.600) on layer: M1
Net VSS: dangling Wire at (1323.000, 451.000) (1323.000, 451.000) on layer: M1
Net VSS: dangling Wire at (1323.000, 447.400) (1323.000, 447.400) on layer: M1
Net VSS: dangling Wire at (1323.000, 443.800) (1323.000, 443.800) on layer: M1
Net VSS: dangling Wire at (1323.000, 429.400) (1323.000, 429.400) on layer: M1
Net VSS: dangling Wire at (1323.000, 433.000) (1323.000, 433.000) on layer: M1
Net VSS: dangling Wire at (1323.000, 436.600) (1323.000, 436.600) on layer: M1
Net VSS: dangling Wire at (1323.000, 440.200) (1323.000, 440.200) on layer: M1
Net VSS: dangling Wire at (1323.000, 425.800) (1323.000, 425.800) on layer: M1
Net VSS: dangling Wire at (1323.000, 422.200) (1323.000, 422.200) on layer: M1
Net VSS: dangling Wire at (1323.000, 418.600) (1323.000, 418.600) on layer: M1
Net VSS: dangling Wire at (1323.000, 415.000) (1323.000, 415.000) on layer: M1
Net VSS: dangling Wire at (1323.000, 411.400) (1323.000, 411.400) on layer: M1
Net VSS: dangling Wire at (1323.000, 407.800) (1323.000, 407.800) on layer: M1
Net VSS: dangling Wire at (1323.000, 404.200) (1323.000, 404.200) on layer: M1
Net VSS: dangling Wire at (1323.000, 400.600) (1323.000, 400.600) on layer: M1
Net VSS: dangling Wire at (1323.000, 397.000) (1323.000, 397.000) on layer: M1
Net VSS: dangling Wire at (1323.000, 393.400) (1323.000, 393.400) on layer: M1
Net VSS: dangling Wire at (1323.000, 389.800) (1323.000, 389.800) on layer: M1
Net VSS: dangling Wire at (1323.000, 386.200) (1323.000, 386.200) on layer: M1
Net VSS: dangling Wire at (1323.000, 382.600) (1323.000, 382.600) on layer: M1
Net VSS: dangling Wire at (1323.000, 379.000) (1323.000, 379.000) on layer: M1
Net VSS: dangling Wire at (1323.000, 375.400) (1323.000, 375.400) on layer: M1
Net VSS: dangling Wire at (1323.000, 371.800) (1323.000, 371.800) on layer: M1
Net VSS: dangling Wire at (1323.000, 368.200) (1323.000, 368.200) on layer: M1
Net VSS: dangling Wire at (1323.000, 364.600) (1323.000, 364.600) on layer: M1
Net VSS: dangling Wire at (1323.000, 361.000) (1323.000, 361.000) on layer: M1
Net VSS: dangling Wire at (1323.000, 357.400) (1323.000, 357.400) on layer: M1
Net VSS: dangling Wire at (1323.000, 353.800) (1323.000, 353.800) on layer: M1
Net VSS: dangling Wire at (1323.000, 339.400) (1323.000, 339.400) on layer: M1
Net VSS: dangling Wire at (1323.000, 343.000) (1323.000, 343.000) on layer: M1
Net VSS: dangling Wire at (1323.000, 346.600) (1323.000, 346.600) on layer: M1
Net VSS: dangling Wire at (1323.000, 350.200) (1323.000, 350.200) on layer: M1
Net VSS: dangling Wire at (1323.000, 335.800) (1323.000, 335.800) on layer: M1
Net VSS: dangling Wire at (1323.000, 332.200) (1323.000, 332.200) on layer: M1
Net VSS: dangling Wire at (1323.000, 328.600) (1323.000, 328.600) on layer: M1
Net VSS: dangling Wire at (1323.000, 325.000) (1323.000, 325.000) on layer: M1
Net VSS: dangling Wire at (1323.000, 321.400) (1323.000, 321.400) on layer: M1
Net VSS: dangling Wire at (1323.000, 317.800) (1323.000, 317.800) on layer: M1
Net VSS: dangling Wire at (1323.000, 314.200) (1323.000, 314.200) on layer: M1
Net VSS: dangling Wire at (1323.000, 310.600) (1323.000, 310.600) on layer: M1
Net VSS: dangling Wire at (1323.000, 307.000) (1323.000, 307.000) on layer: M1
Net VSS: dangling Wire at (1323.000, 303.400) (1323.000, 303.400) on layer: M1
Net VSS: dangling Wire at (1323.000, 299.800) (1323.000, 299.800) on layer: M1
Net VSS: dangling Wire at (1323.000, 296.200) (1323.000, 296.200) on layer: M1
Net VSS: dangling Wire at (1323.000, 292.600) (1323.000, 292.600) on layer: M1
Net VSS: dangling Wire at (1323.000, 289.000) (1323.000, 289.000) on layer: M1
Net VSS: dangling Wire at (1323.000, 285.400) (1323.000, 285.400) on layer: M1
Net VSS: dangling Wire at (1323.000, 281.800) (1323.000, 281.800) on layer: M1
Net VSS: dangling Wire at (1323.000, 278.200) (1323.000, 278.200) on layer: M1
Net VSS: dangling Wire at (1323.000, 274.600) (1323.000, 274.600) on layer: M1
Net VSS: dangling Wire at (1323.000, 271.000) (1323.000, 271.000) on layer: M1
Net VSS: dangling Wire at (1323.000, 267.400) (1323.000, 267.400) on layer: M1
Net VSS: dangling Wire at (1323.000, 231.400) (1323.000, 231.400) on layer: M1
Net VSS: dangling Wire at (1323.000, 235.000) (1323.000, 235.000) on layer: M1
Net VSS: dangling Wire at (1323.000, 238.600) (1323.000, 238.600) on layer: M1
Net VSS: dangling Wire at (1323.000, 242.200) (1323.000, 242.200) on layer: M1
Net VSS: dangling Wire at (1323.000, 227.800) (1323.000, 227.800) on layer: M1
Net VSS: dangling Wire at (1323.000, 224.200) (1323.000, 224.200) on layer: M1
Net VSS: dangling Wire at (1323.000, 220.600) (1323.000, 220.600) on layer: M1
Net VSS: dangling Wire at (1323.000, 263.800) (1323.000, 263.800) on layer: M1
Net VSS: dangling Wire at (1323.000, 260.200) (1323.000, 260.200) on layer: M1
Net VSS: dangling Wire at (1323.000, 256.600) (1323.000, 256.600) on layer: M1
Net VSS: dangling Wire at (1323.000, 253.000) (1323.000, 253.000) on layer: M1
Net VSS: dangling Wire at (1323.000, 249.400) (1323.000, 249.400) on layer: M1
Net VSS: dangling Wire at (1323.000, 245.800) (1323.000, 245.800) on layer: M1
Net VSS: dangling Wire at (1323.000, 217.000) (1323.000, 217.000) on layer: M1
Net VSS: dangling Wire at (1323.000, 213.400) (1323.000, 213.400) on layer: M1
Net VSS: dangling Wire at (1323.000, 209.800) (1323.000, 209.800) on layer: M1
Net VSS: dangling Wire at (1323.000, 206.200) (1323.000, 206.200) on layer: M1
Net VSS: dangling Wire at (1323.000, 202.600) (1323.000, 202.600) on layer: M1
Net VSS: dangling Wire at (1323.000, 199.000) (1323.000, 199.000) on layer: M1
Net VSS: dangling Wire at (1323.000, 195.400) (1323.000, 195.400) on layer: M1
Net VSS: dangling Wire at (1323.000, 191.800) (1323.000, 191.800) on layer: M1
Net VSS: dangling Wire at (1323.000, 188.200) (1323.000, 188.200) on layer: M1
Net VSS: dangling Wire at (1323.000, 184.600) (1323.000, 184.600) on layer: M1
Net VSS: dangling Wire at (1323.000, 181.000) (1323.000, 181.000) on layer: M1
Net VSS: dangling Wire at (1323.000, 177.400) (1323.000, 177.400) on layer: M1
Net VSS: dangling Wire at (1323.000, 152.200) (1323.000, 152.200) on layer: M1
Net VSS: dangling Wire at (1323.000, 155.800) (1323.000, 155.800) on layer: M1
Net VSS: dangling Wire at (1323.000, 159.400) (1323.000, 159.400) on layer: M1
Net VSS: dangling Wire at (1323.000, 163.000) (1323.000, 163.000) on layer: M1
Net VSS: dangling Wire at (1323.000, 166.600) (1323.000, 166.600) on layer: M1
Net VSS: dangling Wire at (1323.000, 170.200) (1323.000, 170.200) on layer: M1
Net VSS: dangling Wire at (1323.000, 173.800) (1323.000, 173.800) on layer: M1
Net VSS: dangling Wire at (1323.000, 148.600) (1323.000, 148.600) on layer: M1
Net VSS: dangling Wire at (1323.000, 145.000) (1323.000, 145.000) on layer: M1
Net VSS: dangling Wire at (1323.000, 141.400) (1323.000, 141.400) on layer: M1
Net VSS: dangling Wire at (1323.000, 137.800) (1323.000, 137.800) on layer: M1
Net VSS: dangling Wire at (1323.000, 134.200) (1323.000, 134.200) on layer: M1
Net VSS: dangling Wire at (1323.000, 130.600) (1323.000, 130.600) on layer: M1
Net VSS: dangling Wire at (1323.000, 127.000) (1323.000, 127.000) on layer: M1
Net VSS: dangling Wire at (1323.000, 123.400) (1323.000, 123.400) on layer: M1
Net VSS: dangling Wire at (1323.000, 119.800) (1323.000, 119.800) on layer: M1
Net VSS: dangling Wire at (1323.000, 116.200) (1323.000, 116.200) on layer: M1
Net VSS: dangling Wire at (1323.000, 112.600) (1323.000, 112.600) on layer: M1
Net VSS: dangling Wire at (1323.000, 109.000) (1323.000, 109.000) on layer: M1
Net VSS: dangling Wire at (1323.000, 105.400) (1323.000, 105.400) on layer: M1
Net VSS: dangling Wire at (1323.000, 101.800) (1323.000, 101.800) on layer: M1
Net VSS: dangling Wire at (1323.000, 98.200) (1323.000, 98.200) on layer: M1
Net VSS: dangling Wire at (97.000, 1322.200) (97.000, 1322.200) on layer: M1

Begin Summary
    1000 Problem(s) (IMPVFC-94): The net has dangling wire(s).
    1000 total info(s) created.
End Summary
